[ 2016-12-21T09:51:52+08:00 ] 111.11.85.5 /admin/user/index
INFO: [ app_init ] --START--
INFO: Run Behavior\BuildLiteBehavior [ RunTime:0.000014s ]
INFO: [ app_init ] --END-- [ RunTime:0.000335s ]
INFO: [ app_begin ] --START--
INFO: Run Behavior\ReadHtmlCacheBehavior [ RunTime:0.000591s ]
INFO: [ app_begin ] --END-- [ RunTime:0.000669s ]
INFO: [ view_parse ] --START--
INFO: [ template_filter ] --START--
INFO: Run Behavior\ContentReplaceBehavior [ RunTime:0.000048s ]
INFO: [ template_filter ] --END-- [ RunTime:0.000104s ]
INFO: Run Behavior\ParseTemplateBehavior [ RunTime:0.203301s ]
INFO: [ view_parse ] --END-- [ RunTime:0.203385s ]
INFO: [ view_filter ] --START--
INFO: Run Behavior\WriteHtmlCacheBehavior [ RunTime:0.000341s ]
INFO: [ view_filter ] --END-- [ RunTime:0.000383s ]
INFO: [ app_end ] --START--
INFO: Run Behavior\ShowPageTraceBehavior [ RunTime:0.000505s ]
INFO: [ app_end ] --END-- [ RunTime:0.000553s ]

[ 2016-12-21T09:51:55+08:00 ] 111.11.85.5 /index.php/admin/user/judgeAdmin
INFO: [ app_init ] --START--
INFO: Run Behavior\BuildLiteBehavior [ RunTime:0.000016s ]
INFO: [ app_init ] --END-- [ RunTime:0.000334s ]
INFO: [ app_begin ] --START--
INFO: Run Behavior\ReadHtmlCacheBehavior [ RunTime:0.000511s ]
INFO: [ app_begin ] --END-- [ RunTime:0.000563s ]
ERR: 1146:Table 'wechat_media.think_user' doesn't exist
 [ SQL语句 ] : SHOW COLUMNS FROM `think_user`
ERR: 1146:Table 'wechat_media.think_user' doesn't exist
 [ SQL语句 ] : SHOW COLUMNS FROM `think_user`

[ 2016-12-21T09:51:56+08:00 ] 111.11.85.5 /index.php/admin/movie/admin_recommend
INFO: [ app_init ] --START--
INFO: Run Behavior\BuildLiteBehavior [ RunTime:0.000014s ]
INFO: [ app_init ] --END-- [ RunTime:0.000335s ]
INFO: [ app_begin ] --START--
INFO: Run Behavior\ReadHtmlCacheBehavior [ RunTime:0.000571s ]
INFO: [ app_begin ] --END-- [ RunTime:0.000628s ]
NOTIC: [2048] Declaration of Admin\controller\MovieController::error() should be compatible with Think\Controller::error($message = '', $jumpUrl = '', $ajax = false) C:\Users\Administrator\Desktop\phpStudy\WWW\Application\Admin\Controller\MovieController.class.php 第 255 行.
SQL: SHOW COLUMNS FROM `admin_recommend_lists` [ RunTime:0.0014s ]
SQL: SELECT COUNT(*) AS tp_count FROM `admin_recommend_lists` LIMIT 1   [ RunTime:0.0097s ]
SQL: SELECT * FROM `admin_recommend_lists` LIMIT 0,10   [ RunTime:0.0005s ]
INFO: [ view_parse ] --START--
INFO: [ template_filter ] --START--
INFO: Run Behavior\ContentReplaceBehavior [ RunTime:0.000081s ]
INFO: [ template_filter ] --END-- [ RunTime:0.000133s ]
INFO: Run Behavior\ParseTemplateBehavior [ RunTime:0.008553s ]
INFO: [ view_parse ] --END-- [ RunTime:0.008612s ]
INFO: [ view_filter ] --START--
INFO: Run Behavior\WriteHtmlCacheBehavior [ RunTime:0.000387s ]
INFO: [ view_filter ] --END-- [ RunTime:0.000429s ]
INFO: [ app_end ] --START--
INFO: Run Behavior\ShowPageTraceBehavior [ RunTime:0.000570s ]
INFO: [ app_end ] --END-- [ RunTime:0.000632s ]

[ 2016-12-21T10:08:48+08:00 ] 111.11.85.5 /index.php/admin/movie/admin_recommend
INFO: [ app_init ] --START--
INFO: Run Behavior\BuildLiteBehavior [ RunTime:0.000014s ]
INFO: [ app_init ] --END-- [ RunTime:0.000326s ]
INFO: [ app_begin ] --START--
INFO: Run Behavior\ReadHtmlCacheBehavior [ RunTime:0.000518s ]
INFO: [ app_begin ] --END-- [ RunTime:0.000577s ]
NOTIC: [2048] Declaration of Admin\controller\MovieController::error() should be compatible with Think\Controller::error($message = '', $jumpUrl = '', $ajax = false) C:\Users\Administrator\Desktop\phpStudy\WWW\Application\Admin\Controller\MovieController.class.php 第 255 行.
SQL: SHOW COLUMNS FROM `admin_recommend_lists` [ RunTime:0.0015s ]
SQL: SELECT COUNT(*) AS tp_count FROM `admin_recommend_lists` LIMIT 1   [ RunTime:0.0002s ]
SQL: SELECT * FROM `admin_recommend_lists` LIMIT 0,10   [ RunTime:0.0004s ]
INFO: [ view_parse ] --START--
INFO: [ template_filter ] --START--
INFO: Run Behavior\ContentReplaceBehavior [ RunTime:0.000086s ]
INFO: [ template_filter ] --END-- [ RunTime:0.000135s ]
INFO: Run Behavior\ParseTemplateBehavior [ RunTime:0.008291s ]
INFO: [ view_parse ] --END-- [ RunTime:0.008342s ]
INFO: [ view_filter ] --START--
INFO: Run Behavior\WriteHtmlCacheBehavior [ RunTime:0.000312s ]
INFO: [ view_filter ] --END-- [ RunTime:0.000353s ]
INFO: [ app_end ] --START--
INFO: Run Behavior\ShowPageTraceBehavior [ RunTime:0.000501s ]
INFO: [ app_end ] --END-- [ RunTime:0.000564s ]

[ 2016-12-21T10:08:50+08:00 ] 111.11.85.5 /index.php/admin/movie/add
INFO: [ app_init ] --START--
INFO: Run Behavior\BuildLiteBehavior [ RunTime:0.000015s ]
INFO: [ app_init ] --END-- [ RunTime:0.000326s ]
INFO: [ app_begin ] --START--
INFO: Run Behavior\ReadHtmlCacheBehavior [ RunTime:0.000481s ]
INFO: [ app_begin ] --END-- [ RunTime:0.000537s ]
NOTIC: [2048] Declaration of Admin\controller\MovieController::error() should be compatible with Think\Controller::error($message = '', $jumpUrl = '', $ajax = false) C:\Users\Administrator\Desktop\phpStudy\WWW\Application\Admin\Controller\MovieController.class.php 第 255 行.
SQL: SHOW COLUMNS FROM `admin_recommend_lists` [ RunTime:0.0015s ]
SQL: SELECT * FROM `admin_recommend_lists` WHERE ( AR_ID=0 )  [ RunTime:0.0002s ]
NOTIC: [8] Undefined offset: 0 C:\Users\Administrator\Desktop\phpStudy\WWW\Application\Admin\Controller\MovieController.class.php 第 76 行.
INFO: [ view_parse ] --START--
INFO: [ template_filter ] --START--
INFO: Run Behavior\ContentReplaceBehavior [ RunTime:0.000047s ]
INFO: [ template_filter ] --END-- [ RunTime:0.000095s ]
INFO: Run Behavior\ParseTemplateBehavior [ RunTime:0.010174s ]
INFO: [ view_parse ] --END-- [ RunTime:0.010245s ]
INFO: [ view_filter ] --START--
INFO: Run Behavior\WriteHtmlCacheBehavior [ RunTime:0.000321s ]
INFO: [ view_filter ] --END-- [ RunTime:0.000396s ]
INFO: [ app_end ] --START--
INFO: Run Behavior\ShowPageTraceBehavior [ RunTime:0.000508s ]
INFO: [ app_end ] --END-- [ RunTime:0.000551s ]

[ 2016-12-21T10:08:52+08:00 ] 111.11.85.5 /index.php/admin/movie/user_recommend
INFO: [ app_init ] --START--
INFO: Run Behavior\BuildLiteBehavior [ RunTime:0.000016s ]
INFO: [ app_init ] --END-- [ RunTime:0.000341s ]
INFO: [ app_begin ] --START--
INFO: Run Behavior\ReadHtmlCacheBehavior [ RunTime:0.000490s ]
INFO: [ app_begin ] --END-- [ RunTime:0.000548s ]
NOTIC: [2048] Declaration of Admin\controller\MovieController::error() should be compatible with Think\Controller::error($message = '', $jumpUrl = '', $ajax = false) C:\Users\Administrator\Desktop\phpStudy\WWW\Application\Admin\Controller\MovieController.class.php 第 255 行.
SQL: SHOW COLUMNS FROM `user_recommend_lists` [ RunTime:0.0014s ]
SQL: SELECT COUNT(*) AS tp_count FROM `user_recommend_lists` LIMIT 1   [ RunTime:0.0002s ]
SQL: SELECT * FROM `user_recommend_lists` LIMIT 0,10   [ RunTime:0.0002s ]
INFO: [ view_parse ] --START--
INFO: [ template_filter ] --START--
INFO: Run Behavior\ContentReplaceBehavior [ RunTime:0.000053s ]
INFO: [ template_filter ] --END-- [ RunTime:0.000102s ]
INFO: Run Behavior\ParseTemplateBehavior [ RunTime:0.007018s ]
INFO: [ view_parse ] --END-- [ RunTime:0.007073s ]
INFO: [ view_filter ] --START--
INFO: Run Behavior\WriteHtmlCacheBehavior [ RunTime:0.000311s ]
INFO: [ view_filter ] --END-- [ RunTime:0.000352s ]
INFO: [ app_end ] --START--
INFO: Run Behavior\ShowPageTraceBehavior [ RunTime:0.000503s ]
INFO: [ app_end ] --END-- [ RunTime:0.000554s ]

[ 2016-12-21T10:09:10+08:00 ] 111.11.85.5 /index.php/admin/movie/movie_automatic
INFO: [ app_init ] --START--
INFO: Run Behavior\BuildLiteBehavior [ RunTime:0.000015s ]
INFO: [ app_init ] --END-- [ RunTime:0.000331s ]
INFO: [ app_begin ] --START--
INFO: Run Behavior\ReadHtmlCacheBehavior [ RunTime:0.000486s ]
INFO: [ app_begin ] --END-- [ RunTime:0.000544s ]
NOTIC: [2048] Declaration of Admin\controller\MovieController::error() should be compatible with Think\Controller::error($message = '', $jumpUrl = '', $ajax = false) C:\Users\Administrator\Desktop\phpStudy\WWW\Application\Admin\Controller\MovieController.class.php 第 255 行.
SQL: SHOW COLUMNS FROM `media_type` [ RunTime:0.0014s ]
SQL: SELECT * FROM `media_type`  [ RunTime:0.0002s ]
INFO: [ view_parse ] --START--
INFO: [ template_filter ] --START--
INFO: Run Behavior\ContentReplaceBehavior [ RunTime:0.000059s ]
INFO: [ template_filter ] --END-- [ RunTime:0.000105s ]
NOTIC: [8] Undefined index: dbid C:\Users\Administrator\Desktop\phpStudy\WWW\Application\Runtime\Cache\Admin\b1d86c38ed6efbcb01bc546a870196cf.php 第 24 行.
NOTIC: [8] Undefined index: dbid C:\Users\Administrator\Desktop\phpStudy\WWW\Application\Runtime\Cache\Admin\b1d86c38ed6efbcb01bc546a870196cf.php 第 24 行.
NOTIC: [8] Undefined index: dbid C:\Users\Administrator\Desktop\phpStudy\WWW\Application\Runtime\Cache\Admin\b1d86c38ed6efbcb01bc546a870196cf.php 第 24 行.
NOTIC: [8] Undefined index: dbid C:\Users\Administrator\Desktop\phpStudy\WWW\Application\Runtime\Cache\Admin\b1d86c38ed6efbcb01bc546a870196cf.php 第 24 行.
NOTIC: [8] Undefined index: dbid C:\Users\Administrator\Desktop\phpStudy\WWW\Application\Runtime\Cache\Admin\b1d86c38ed6efbcb01bc546a870196cf.php 第 24 行.
NOTIC: [8] Undefined index: dbid C:\Users\Administrator\Desktop\phpStudy\WWW\Application\Runtime\Cache\Admin\b1d86c38ed6efbcb01bc546a870196cf.php 第 24 行.
NOTIC: [8] Undefined index: dbid C:\Users\Administrator\Desktop\phpStudy\WWW\Application\Runtime\Cache\Admin\b1d86c38ed6efbcb01bc546a870196cf.php 第 24 行.
NOTIC: [8] Undefined index: dbid C:\Users\Administrator\Desktop\phpStudy\WWW\Application\Runtime\Cache\Admin\b1d86c38ed6efbcb01bc546a870196cf.php 第 24 行.
INFO: Run Behavior\ParseTemplateBehavior [ RunTime:0.006802s ]
INFO: [ view_parse ] --END-- [ RunTime:0.006864s ]
INFO: [ view_filter ] --START--
INFO: Run Behavior\WriteHtmlCacheBehavior [ RunTime:0.000316s ]
INFO: [ view_filter ] --END-- [ RunTime:0.000354s ]
INFO: [ app_end ] --START--
INFO: Run Behavior\ShowPageTraceBehavior [ RunTime:0.000511s ]
INFO: [ app_end ] --END-- [ RunTime:0.000558s ]

[ 2016-12-21T10:09:30+08:00 ] 111.11.85.5 /admin/user/index
INFO: [ app_init ] --START--
INFO: Run Behavior\BuildLiteBehavior [ RunTime:0.000015s ]
INFO: [ app_init ] --END-- [ RunTime:0.000333s ]
INFO: [ app_begin ] --START--
INFO: Run Behavior\ReadHtmlCacheBehavior [ RunTime:0.000578s ]
INFO: [ app_begin ] --END-- [ RunTime:0.000634s ]
INFO: [ view_parse ] --START--
INFO: [ template_filter ] --START--
INFO: Run Behavior\ContentReplaceBehavior [ RunTime:0.000047s ]
INFO: [ template_filter ] --END-- [ RunTime:0.000103s ]
INFO: Run Behavior\ParseTemplateBehavior [ RunTime:0.006876s ]
INFO: [ view_parse ] --END-- [ RunTime:0.006952s ]
INFO: [ view_filter ] --START--
INFO: Run Behavior\WriteHtmlCacheBehavior [ RunTime:0.000395s ]
INFO: [ view_filter ] --END-- [ RunTime:0.000436s ]
INFO: [ app_end ] --START--
INFO: Run Behavior\ShowPageTraceBehavior [ RunTime:0.000577s ]
INFO: [ app_end ] --END-- [ RunTime:0.000622s ]

[ 2016-12-21T10:10:15+08:00 ] 111.11.85.5 /index.php/admin/movie/movie_automatic
INFO: [ app_init ] --START--
INFO: Run Behavior\BuildLiteBehavior [ RunTime:0.000017s ]
INFO: [ app_init ] --END-- [ RunTime:0.000352s ]
INFO: [ app_begin ] --START--
INFO: Run Behavior\ReadHtmlCacheBehavior [ RunTime:0.000500s ]
INFO: [ app_begin ] --END-- [ RunTime:0.000558s ]
NOTIC: [2048] Declaration of Admin\controller\MovieController::error() should be compatible with Think\Controller::error($message = '', $jumpUrl = '', $ajax = false) C:\Users\Administrator\Desktop\phpStudy\WWW\Application\Admin\Controller\MovieController.class.php 第 255 行.
SQL: SHOW COLUMNS FROM `media_type` [ RunTime:0.0014s ]
SQL: SELECT * FROM `media_type`  [ RunTime:0.0003s ]
INFO: [ view_parse ] --START--
INFO: [ template_filter ] --START--
INFO: Run Behavior\ContentReplaceBehavior [ RunTime:0.000059s ]
INFO: [ template_filter ] --END-- [ RunTime:0.000105s ]
NOTIC: [8] Undefined index: dbid C:\Users\Administrator\Desktop\phpStudy\WWW\Application\Runtime\Cache\Admin\b1d86c38ed6efbcb01bc546a870196cf.php 第 24 行.
NOTIC: [8] Undefined index: dbid C:\Users\Administrator\Desktop\phpStudy\WWW\Application\Runtime\Cache\Admin\b1d86c38ed6efbcb01bc546a870196cf.php 第 24 行.
NOTIC: [8] Undefined index: dbid C:\Users\Administrator\Desktop\phpStudy\WWW\Application\Runtime\Cache\Admin\b1d86c38ed6efbcb01bc546a870196cf.php 第 24 行.
NOTIC: [8] Undefined index: dbid C:\Users\Administrator\Desktop\phpStudy\WWW\Application\Runtime\Cache\Admin\b1d86c38ed6efbcb01bc546a870196cf.php 第 24 行.
NOTIC: [8] Undefined index: dbid C:\Users\Administrator\Desktop\phpStudy\WWW\Application\Runtime\Cache\Admin\b1d86c38ed6efbcb01bc546a870196cf.php 第 24 行.
NOTIC: [8] Undefined index: dbid C:\Users\Administrator\Desktop\phpStudy\WWW\Application\Runtime\Cache\Admin\b1d86c38ed6efbcb01bc546a870196cf.php 第 24 行.
NOTIC: [8] Undefined index: dbid C:\Users\Administrator\Desktop\phpStudy\WWW\Application\Runtime\Cache\Admin\b1d86c38ed6efbcb01bc546a870196cf.php 第 24 行.
NOTIC: [8] Undefined index: dbid C:\Users\Administrator\Desktop\phpStudy\WWW\Application\Runtime\Cache\Admin\b1d86c38ed6efbcb01bc546a870196cf.php 第 24 行.
INFO: Run Behavior\ParseTemplateBehavior [ RunTime:0.007076s ]
INFO: [ view_parse ] --END-- [ RunTime:0.007141s ]
INFO: [ view_filter ] --START--
INFO: Run Behavior\WriteHtmlCacheBehavior [ RunTime:0.000349s ]
INFO: [ view_filter ] --END-- [ RunTime:0.000395s ]

[ 2016-12-21T10:10:17+08:00 ] 111.11.85.5 /index.php/admin/movie/add
INFO: [ app_init ] --START--
INFO: Run Behavior\BuildLiteBehavior [ RunTime:0.000015s ]
INFO: [ app_init ] --END-- [ RunTime:0.000325s ]
INFO: [ app_begin ] --START--
INFO: Run Behavior\ReadHtmlCacheBehavior [ RunTime:0.000506s ]
INFO: [ app_begin ] --END-- [ RunTime:0.000569s ]
NOTIC: [2048] Declaration of Admin\controller\MovieController::error() should be compatible with Think\Controller::error($message = '', $jumpUrl = '', $ajax = false) C:\Users\Administrator\Desktop\phpStudy\WWW\Application\Admin\Controller\MovieController.class.php 第 255 行.
SQL: SHOW COLUMNS FROM `admin_recommend_lists` [ RunTime:0.0015s ]
SQL: SELECT * FROM `admin_recommend_lists` WHERE ( AR_ID=0 )  [ RunTime:0.0002s ]
NOTIC: [8] Undefined offset: 0 C:\Users\Administrator\Desktop\phpStudy\WWW\Application\Admin\Controller\MovieController.class.php 第 76 行.
INFO: [ view_parse ] --START--
INFO: [ template_filter ] --START--
INFO: Run Behavior\ContentReplaceBehavior [ RunTime:0.000066s ]
INFO: [ template_filter ] --END-- [ RunTime:0.000135s ]
INFO: Run Behavior\ParseTemplateBehavior [ RunTime:0.005995s ]
INFO: [ view_parse ] --END-- [ RunTime:0.006059s ]
INFO: [ view_filter ] --START--
INFO: Run Behavior\WriteHtmlCacheBehavior [ RunTime:0.000354s ]
INFO: [ view_filter ] --END-- [ RunTime:0.000395s ]
INFO: [ app_end ] --START--
INFO: Run Behavior\ShowPageTraceBehavior [ RunTime:0.000518s ]
INFO: [ app_end ] --END-- [ RunTime:0.000563s ]

[ 2016-12-21T10:21:00+08:00 ] 111.11.85.5 /index.php/admin/movie/admin_recommend
INFO: [ app_init ] --START--
INFO: Run Behavior\BuildLiteBehavior [ RunTime:0.000015s ]
INFO: [ app_init ] --END-- [ RunTime:0.000336s ]
INFO: [ app_begin ] --START--
INFO: Run Behavior\ReadHtmlCacheBehavior [ RunTime:0.000581s ]
INFO: [ app_begin ] --END-- [ RunTime:0.000641s ]
NOTIC: [2048] Declaration of Admin\controller\MovieController::error() should be compatible with Think\Controller::error($message = '', $jumpUrl = '', $ajax = false) C:\Users\Administrator\Desktop\phpStudy\WWW\Application\Admin\Controller\MovieController.class.php 第 255 行.
SQL: SHOW COLUMNS FROM `admin_recommend_lists` [ RunTime:0.0015s ]
SQL: SELECT COUNT(*) AS tp_count FROM `admin_recommend_lists` LIMIT 1   [ RunTime:0.0002s ]
SQL: SELECT * FROM `admin_recommend_lists` LIMIT 0,10   [ RunTime:0.0003s ]
INFO: [ view_parse ] --START--
INFO: [ template_filter ] --START--
INFO: Run Behavior\ContentReplaceBehavior [ RunTime:0.000081s ]
INFO: [ template_filter ] --END-- [ RunTime:0.000132s ]
INFO: Run Behavior\ParseTemplateBehavior [ RunTime:0.008512s ]
INFO: [ view_parse ] --END-- [ RunTime:0.008564s ]
INFO: [ view_filter ] --START--
INFO: Run Behavior\WriteHtmlCacheBehavior [ RunTime:0.000409s ]
INFO: [ view_filter ] --END-- [ RunTime:0.000451s ]
INFO: [ app_end ] --START--
INFO: Run Behavior\ShowPageTraceBehavior [ RunTime:0.000580s ]
INFO: [ app_end ] --END-- [ RunTime:0.000643s ]

[ 2016-12-21T10:21:02+08:00 ] 111.11.85.5 /index.php/admin/movie/user_recommend
INFO: [ app_init ] --START--
INFO: Run Behavior\BuildLiteBehavior [ RunTime:0.000016s ]
INFO: [ app_init ] --END-- [ RunTime:0.000342s ]
INFO: [ app_begin ] --START--
INFO: Run Behavior\ReadHtmlCacheBehavior [ RunTime:0.000569s ]
INFO: [ app_begin ] --END-- [ RunTime:0.000628s ]
NOTIC: [2048] Declaration of Admin\controller\MovieController::error() should be compatible with Think\Controller::error($message = '', $jumpUrl = '', $ajax = false) C:\Users\Administrator\Desktop\phpStudy\WWW\Application\Admin\Controller\MovieController.class.php 第 255 行.
SQL: SHOW COLUMNS FROM `user_recommend_lists` [ RunTime:0.0016s ]
SQL: SELECT COUNT(*) AS tp_count FROM `user_recommend_lists` LIMIT 1   [ RunTime:0.0002s ]
SQL: SELECT * FROM `user_recommend_lists` LIMIT 0,10   [ RunTime:0.0002s ]
INFO: [ view_parse ] --START--
INFO: [ template_filter ] --START--
INFO: Run Behavior\ContentReplaceBehavior [ RunTime:0.000053s ]
INFO: [ template_filter ] --END-- [ RunTime:0.000103s ]
INFO: Run Behavior\ParseTemplateBehavior [ RunTime:0.007226s ]
INFO: [ view_parse ] --END-- [ RunTime:0.007284s ]
INFO: [ view_filter ] --START--
INFO: Run Behavior\WriteHtmlCacheBehavior [ RunTime:0.000425s ]
INFO: [ view_filter ] --END-- [ RunTime:0.000468s ]
INFO: [ app_end ] --START--
INFO: Run Behavior\ShowPageTraceBehavior [ RunTime:0.000586s ]
INFO: [ app_end ] --END-- [ RunTime:0.000663s ]

[ 2016-12-21T10:21:05+08:00 ] 111.11.85.5 /index.php/admin/movie/add
INFO: [ app_init ] --START--
INFO: Run Behavior\BuildLiteBehavior [ RunTime:0.000015s ]
INFO: [ app_init ] --END-- [ RunTime:0.000344s ]
INFO: [ app_begin ] --START--
INFO: Run Behavior\ReadHtmlCacheBehavior [ RunTime:0.001952s ]
INFO: [ app_begin ] --END-- [ RunTime:0.002012s ]
NOTIC: [2048] Declaration of Admin\controller\MovieController::error() should be compatible with Think\Controller::error($message = '', $jumpUrl = '', $ajax = false) C:\Users\Administrator\Desktop\phpStudy\WWW\Application\Admin\Controller\MovieController.class.php 第 255 行.
SQL: SHOW COLUMNS FROM `admin_recommend_lists` [ RunTime:0.0015s ]
SQL: SELECT * FROM `admin_recommend_lists` WHERE ( AR_ID=0 )  [ RunTime:0.0002s ]
NOTIC: [8] Undefined offset: 0 C:\Users\Administrator\Desktop\phpStudy\WWW\Application\Admin\Controller\MovieController.class.php 第 76 行.
INFO: [ view_parse ] --START--
INFO: [ template_filter ] --START--
INFO: Run Behavior\ContentReplaceBehavior [ RunTime:0.000047s ]
INFO: [ template_filter ] --END-- [ RunTime:0.000095s ]
INFO: Run Behavior\ParseTemplateBehavior [ RunTime:0.005787s ]
INFO: [ view_parse ] --END-- [ RunTime:0.005855s ]
INFO: [ view_filter ] --START--
INFO: Run Behavior\WriteHtmlCacheBehavior [ RunTime:0.000404s ]
INFO: [ view_filter ] --END-- [ RunTime:0.000446s ]
INFO: [ app_end ] --START--
INFO: Run Behavior\ShowPageTraceBehavior [ RunTime:0.000591s ]
INFO: [ app_end ] --END-- [ RunTime:0.000636s ]

[ 2016-12-21T10:29:04+08:00 ] 111.11.85.5 /index.php/admin/movie/admin_recommend
INFO: [ app_init ] --START--
INFO: Run Behavior\BuildLiteBehavior [ RunTime:0.000015s ]
INFO: [ app_init ] --END-- [ RunTime:0.000350s ]
INFO: [ app_begin ] --START--
INFO: Run Behavior\ReadHtmlCacheBehavior [ RunTime:0.000550s ]
INFO: [ app_begin ] --END-- [ RunTime:0.000607s ]
NOTIC: [2048] Declaration of Admin\controller\MovieController::error() should be compatible with Think\Controller::error($message = '', $jumpUrl = '', $ajax = false) C:\Users\Administrator\Desktop\phpStudy\WWW\Application\Admin\Controller\MovieController.class.php 第 255 行.
SQL: SHOW COLUMNS FROM `admin_recommend_lists` [ RunTime:0.0015s ]
SQL: SELECT COUNT(*) AS tp_count FROM `admin_recommend_lists` LIMIT 1   [ RunTime:0.0002s ]
SQL: SELECT * FROM `admin_recommend_lists` LIMIT 0,10   [ RunTime:0.0004s ]
INFO: [ view_parse ] --START--
INFO: [ template_filter ] --START--
INFO: Run Behavior\ContentReplaceBehavior [ RunTime:0.000076s ]
INFO: [ template_filter ] --END-- [ RunTime:0.000132s ]
INFO: Run Behavior\ParseTemplateBehavior [ RunTime:0.008378s ]
INFO: [ view_parse ] --END-- [ RunTime:0.008430s ]
INFO: [ view_filter ] --START--
INFO: Run Behavior\WriteHtmlCacheBehavior [ RunTime:0.000391s ]
INFO: [ view_filter ] --END-- [ RunTime:0.000434s ]
INFO: [ app_end ] --START--
INFO: Run Behavior\ShowPageTraceBehavior [ RunTime:0.000557s ]
INFO: [ app_end ] --END-- [ RunTime:0.000611s ]

[ 2016-12-21T14:05:35+08:00 ] 180.153.201.66 /index.php/admin/movie/movie_automatic
INFO: [ app_init ] --START--
INFO: Run Behavior\BuildLiteBehavior [ RunTime:0.000015s ]
INFO: [ app_init ] --END-- [ RunTime:0.000336s ]
INFO: [ app_begin ] --START--
INFO: Run Behavior\ReadHtmlCacheBehavior [ RunTime:0.000519s ]
INFO: [ app_begin ] --END-- [ RunTime:0.000576s ]
NOTIC: [2048] Declaration of Admin\controller\MovieController::error() should be compatible with Think\Controller::error($message = '', $jumpUrl = '', $ajax = false) C:\Users\Administrator\Desktop\phpStudy\WWW\Application\Admin\Controller\MovieController.class.php 第 255 行.
SQL: SHOW COLUMNS FROM `media_type` [ RunTime:0.0014s ]
SQL: SELECT * FROM `media_type`  [ RunTime:0.0002s ]
INFO: [ view_parse ] --START--
INFO: [ template_filter ] --START--
INFO: Run Behavior\ContentReplaceBehavior [ RunTime:0.000074s ]
INFO: [ template_filter ] --END-- [ RunTime:0.000126s ]
NOTIC: [8] Undefined index: dbid C:\Users\Administrator\Desktop\phpStudy\WWW\Application\Runtime\Cache\Admin\b1d86c38ed6efbcb01bc546a870196cf.php 第 24 行.
NOTIC: [8] Undefined index: dbid C:\Users\Administrator\Desktop\phpStudy\WWW\Application\Runtime\Cache\Admin\b1d86c38ed6efbcb01bc546a870196cf.php 第 24 行.
NOTIC: [8] Undefined index: dbid C:\Users\Administrator\Desktop\phpStudy\WWW\Application\Runtime\Cache\Admin\b1d86c38ed6efbcb01bc546a870196cf.php 第 24 行.
NOTIC: [8] Undefined index: dbid C:\Users\Administrator\Desktop\phpStudy\WWW\Application\Runtime\Cache\Admin\b1d86c38ed6efbcb01bc546a870196cf.php 第 24 行.
NOTIC: [8] Undefined index: dbid C:\Users\Administrator\Desktop\phpStudy\WWW\Application\Runtime\Cache\Admin\b1d86c38ed6efbcb01bc546a870196cf.php 第 24 行.
NOTIC: [8] Undefined index: dbid C:\Users\Administrator\Desktop\phpStudy\WWW\Application\Runtime\Cache\Admin\b1d86c38ed6efbcb01bc546a870196cf.php 第 24 行.
NOTIC: [8] Undefined index: dbid C:\Users\Administrator\Desktop\phpStudy\WWW\Application\Runtime\Cache\Admin\b1d86c38ed6efbcb01bc546a870196cf.php 第 24 行.
NOTIC: [8] Undefined index: dbid C:\Users\Administrator\Desktop\phpStudy\WWW\Application\Runtime\Cache\Admin\b1d86c38ed6efbcb01bc546a870196cf.php 第 24 行.
INFO: Run Behavior\ParseTemplateBehavior [ RunTime:0.006713s ]
INFO: [ view_parse ] --END-- [ RunTime:0.006776s ]
INFO: [ view_filter ] --START--
INFO: Run Behavior\WriteHtmlCacheBehavior [ RunTime:0.000316s ]
INFO: [ view_filter ] --END-- [ RunTime:0.000361s ]
INFO: [ app_end ] --START--
INFO: Run Behavior\ShowPageTraceBehavior [ RunTime:0.000504s ]
INFO: [ app_end ] --END-- [ RunTime:0.000550s ]

