[ 2016-12-08T08:09:00+08:00 ] ::1 /Wechat_media/usersrcmd/user_recommend_index
INFO: [ app_init ] --START--
INFO: Run Behavior\BuildLiteBehavior [ RunTime:0.000035s ]
INFO: [ app_init ] --END-- [ RunTime:0.000734s ]
ERR: 无法加载模块:Usersrcmd

[ 2016-12-08T08:09:09+08:00 ] ::1 /Wechat_media/Public/home/js/maps/swiper.jquery.js.map
INFO: [ app_init ] --START--
INFO: Run Behavior\BuildLiteBehavior [ RunTime:0.000042s ]
INFO: [ app_init ] --END-- [ RunTime:0.000818s ]
ERR: 无法加载模块:Public

[ 2016-12-08T08:09:10+08:00 ] ::1 /Wechat_media/Public/home/js/maps/swiper.jquery.js.map
INFO: [ app_init ] --START--
INFO: Run Behavior\BuildLiteBehavior [ RunTime:0.000035s ]
INFO: [ app_init ] --END-- [ RunTime:0.000725s ]
ERR: 无法加载模块:Public

[ 2016-12-08T08:09:18+08:00 ] ::1 /Wechat_media/Public/home/js/maps/swiper.jquery.js.map
INFO: [ app_init ] --START--
INFO: Run Behavior\BuildLiteBehavior [ RunTime:0.000036s ]
INFO: [ app_init ] --END-- [ RunTime:0.000617s ]
ERR: 无法加载模块:Public

[ 2016-12-08T08:13:43+08:00 ] ::1 /Wechat_media/Public/home/js/maps/swiper.jquery.js.map
INFO: [ app_init ] --START--
INFO: Run Behavior\BuildLiteBehavior [ RunTime:0.000044s ]
INFO: [ app_init ] --END-- [ RunTime:0.004513s ]
ERR: 无法加载模块:Public

[ 2016-12-08T08:15:41+08:00 ] ::1 /Wechat_media/Public/home/js/maps/swiper.jquery.js.map
INFO: [ app_init ] --START--
INFO: Run Behavior\BuildLiteBehavior [ RunTime:0.000044s ]
INFO: [ app_init ] --END-- [ RunTime:0.000913s ]
ERR: 无法加载模块:Public

[ 2016-12-08T08:16:00+08:00 ] ::1 /Wechat_media/Public/home/js/maps/swiper.jquery.js.map
INFO: [ app_init ] --START--
INFO: Run Behavior\BuildLiteBehavior [ RunTime:0.000050s ]
INFO: [ app_init ] --END-- [ RunTime:0.000975s ]
ERR: 无法加载模块:Public

[ 2016-12-08T08:17:25+08:00 ] ::1 /Wechat_media/Public/home/js/maps/swiper.jquery.js.map
INFO: [ app_init ] --START--
INFO: Run Behavior\BuildLiteBehavior [ RunTime:0.000052s ]
INFO: [ app_init ] --END-- [ RunTime:0.000759s ]
ERR: 无法加载模块:Public

[ 2016-12-08T08:17:28+08:00 ] ::1 /Wechat_media/Public/home/js/maps/swiper.jquery.js.map
INFO: [ app_init ] --START--
INFO: Run Behavior\BuildLiteBehavior [ RunTime:0.000041s ]
INFO: [ app_init ] --END-- [ RunTime:0.000657s ]
ERR: 无法加载模块:Public

[ 2016-12-08T08:29:31+08:00 ] ::1 /Wechat_media/Public/home/js/maps/swiper.jquery.js.map
INFO: [ app_init ] --START--
INFO: Run Behavior\BuildLiteBehavior [ RunTime:0.000043s ]
INFO: [ app_init ] --END-- [ RunTime:0.000684s ]
ERR: 无法加载模块:Public

[ 2016-12-08T08:29:32+08:00 ] ::1 /Wechat_media/Public/home/js/maps/swiper.jquery.js.map
INFO: [ app_init ] --START--
INFO: Run Behavior\BuildLiteBehavior [ RunTime:0.000040s ]
INFO: [ app_init ] --END-- [ RunTime:0.000876s ]
ERR: 无法加载模块:Public

[ 2016-12-08T08:31:40+08:00 ] ::1 /Wechat_media/Public/home/js/maps/swiper.jquery.js.map
INFO: [ app_init ] --START--
INFO: Run Behavior\BuildLiteBehavior [ RunTime:0.000043s ]
INFO: [ app_init ] --END-- [ RunTime:0.000906s ]
ERR: 无法加载模块:Public

[ 2016-12-08T08:33:28+08:00 ] ::1 /Wechat_media/Public/home/js/maps/swiper.jquery.js.map
INFO: [ app_init ] --START--
INFO: Run Behavior\BuildLiteBehavior [ RunTime:0.000049s ]
INFO: [ app_init ] --END-- [ RunTime:0.000836s ]
ERR: 无法加载模块:Public

[ 2016-12-08T08:33:29+08:00 ] ::1 /Wechat_media/Public/home/js/maps/swiper.jquery.js.map
INFO: [ app_init ] --START--
INFO: Run Behavior\BuildLiteBehavior [ RunTime:0.000056s ]
INFO: [ app_init ] --END-- [ RunTime:0.001070s ]
ERR: 无法加载模块:Public

[ 2016-12-08T08:34:48+08:00 ] ::1 /Wechat_media/Public/home/js/maps/swiper.jquery.js.map
INFO: [ app_init ] --START--
INFO: Run Behavior\BuildLiteBehavior [ RunTime:0.000026s ]
INFO: [ app_init ] --END-- [ RunTime:0.000660s ]
ERR: 无法加载模块:Public

[ 2016-12-08T08:34:59+08:00 ] ::1 /Wechat_media/Public/home/js/maps/swiper.jquery.js.map
INFO: [ app_init ] --START--
INFO: Run Behavior\BuildLiteBehavior [ RunTime:0.000044s ]
INFO: [ app_init ] --END-- [ RunTime:0.000915s ]
ERR: 无法加载模块:Public

[ 2016-12-08T08:35:08+08:00 ] ::1 /Wechat_media/Public/home/js/maps/swiper.jquery.js.map
INFO: [ app_init ] --START--
INFO: Run Behavior\BuildLiteBehavior [ RunTime:0.000044s ]
INFO: [ app_init ] --END-- [ RunTime:0.000963s ]
ERR: 无法加载模块:Public

[ 2016-12-08T08:35:15+08:00 ] ::1 /Wechat_media/Public/home/js/maps/swiper.jquery.js.map
INFO: [ app_init ] --START--
INFO: Run Behavior\BuildLiteBehavior [ RunTime:0.000036s ]
INFO: [ app_init ] --END-- [ RunTime:0.000618s ]
ERR: 无法加载模块:Public

[ 2016-12-08T08:47:39+08:00 ] ::1 /Wechat_media/Public/home/js/maps/swiper.jquery.js.map
INFO: [ app_init ] --START--
INFO: Run Behavior\BuildLiteBehavior [ RunTime:0.000045s ]
INFO: [ app_init ] --END-- [ RunTime:0.000776s ]
ERR: 无法加载模块:Public

[ 2016-12-08T08:47:40+08:00 ] ::1 /Wechat_media/Public/home/js/maps/swiper.jquery.js.map
INFO: [ app_init ] --START--
INFO: Run Behavior\BuildLiteBehavior [ RunTime:0.000055s ]
INFO: [ app_init ] --END-- [ RunTime:0.001145s ]
ERR: 无法加载模块:Public

[ 2016-12-08T08:48:05+08:00 ] ::1 /Wechat_media/Public/home/js/maps/swiper.jquery.js.map
INFO: [ app_init ] --START--
INFO: Run Behavior\BuildLiteBehavior [ RunTime:0.000042s ]
INFO: [ app_init ] --END-- [ RunTime:0.000809s ]
ERR: 无法加载模块:Public

[ 2016-12-08T08:48:44+08:00 ] ::1 /Wechat_media/Public/home/js/maps/swiper.jquery.js.map
INFO: [ app_init ] --START--
INFO: Run Behavior\BuildLiteBehavior [ RunTime:0.000040s ]
INFO: [ app_init ] --END-- [ RunTime:0.000880s ]
ERR: 无法加载模块:Public

[ 2016-12-08T08:48:44+08:00 ] ::1 /Wechat_media/Public/home/js/maps/swiper.jquery.js.map
INFO: [ app_init ] --START--
INFO: Run Behavior\BuildLiteBehavior [ RunTime:0.000040s ]
INFO: [ app_init ] --END-- [ RunTime:0.000656s ]
ERR: 无法加载模块:Public

[ 2016-12-08T08:48:48+08:00 ] ::1 /Wechat_media/Public/home/js/maps/swiper.jquery.js.map
INFO: [ app_init ] --START--
INFO: Run Behavior\BuildLiteBehavior [ RunTime:0.000051s ]
INFO: [ app_init ] --END-- [ RunTime:0.000792s ]
ERR: 无法加载模块:Public

[ 2016-12-08T08:50:57+08:00 ] ::1 /Wechat_media/Public/home/js/maps/swiper.jquery.js.map
INFO: [ app_init ] --START--
INFO: Run Behavior\BuildLiteBehavior [ RunTime:0.000025s ]
INFO: [ app_init ] --END-- [ RunTime:0.000530s ]
ERR: 无法加载模块:Public

[ 2016-12-08T08:51:27+08:00 ] ::1 /Wechat_media/Public/home/js/maps/swiper.jquery.js.map
INFO: [ app_init ] --START--
INFO: Run Behavior\BuildLiteBehavior [ RunTime:0.000040s ]
INFO: [ app_init ] --END-- [ RunTime:0.000880s ]
ERR: 无法加载模块:Public

[ 2016-12-08T08:52:27+08:00 ] ::1 /Wechat_media/Public/home/js/maps/swiper.jquery.js.map
INFO: [ app_init ] --START--
INFO: Run Behavior\BuildLiteBehavior [ RunTime:0.000036s ]
INFO: [ app_init ] --END-- [ RunTime:0.000632s ]
ERR: 无法加载模块:Public

[ 2016-12-08T08:52:59+08:00 ] ::1 /Wechat_media/Public/home/js/maps/swiper.jquery.js.map
INFO: [ app_init ] --START--
INFO: Run Behavior\BuildLiteBehavior [ RunTime:0.000039s ]
INFO: [ app_init ] --END-- [ RunTime:0.000608s ]
ERR: 无法加载模块:Public

[ 2016-12-08T09:07:15+08:00 ] ::1 /Wechat_media/Public/home/js/maps/swiper.jquery.js.map
INFO: [ app_init ] --START--
INFO: Run Behavior\BuildLiteBehavior [ RunTime:0.000043s ]
INFO: [ app_init ] --END-- [ RunTime:0.000859s ]
ERR: 无法加载模块:Public

[ 2016-12-08T09:24:16+08:00 ] ::1 /Wechat_media/Public/home/js/maps/swiper.jquery.js.map
INFO: [ app_init ] --START--
INFO: Run Behavior\BuildLiteBehavior [ RunTime:0.000035s ]
INFO: [ app_init ] --END-- [ RunTime:0.000684s ]
ERR: 无法加载模块:Public

[ 2016-12-08T09:24:48+08:00 ] ::1 /Wechat_media/Public/home/js/maps/swiper.jquery.js.map
INFO: [ app_init ] --START--
INFO: Run Behavior\BuildLiteBehavior [ RunTime:0.000042s ]
INFO: [ app_init ] --END-- [ RunTime:0.000925s ]
ERR: 无法加载模块:Public

[ 2016-12-08T09:27:46+08:00 ] ::1 /Wechat_media/Public/home/js/maps/swiper.jquery.js.map
INFO: [ app_init ] --START--
INFO: Run Behavior\BuildLiteBehavior [ RunTime:0.000034s ]
INFO: [ app_init ] --END-- [ RunTime:0.000703s ]
ERR: 无法加载模块:Public

[ 2016-12-08T09:28:49+08:00 ] ::1 /Wechat_media/Public/home/js/maps/swiper.jquery.js.map
INFO: [ app_init ] --START--
INFO: Run Behavior\BuildLiteBehavior [ RunTime:0.000041s ]
INFO: [ app_init ] --END-- [ RunTime:0.000741s ]
ERR: 无法加载模块:Public

[ 2016-12-08T09:29:26+08:00 ] ::1 /Wechat_media/Public/home/js/maps/swiper.jquery.js.map
INFO: [ app_init ] --START--
INFO: Run Behavior\BuildLiteBehavior [ RunTime:0.000039s ]
INFO: [ app_init ] --END-- [ RunTime:0.000650s ]
ERR: 无法加载模块:Public

[ 2016-12-08T09:29:29+08:00 ] ::1 /Wechat_media/Public/home/js/maps/swiper.jquery.js.map
INFO: [ app_init ] --START--
INFO: Run Behavior\BuildLiteBehavior [ RunTime:0.000039s ]
INFO: [ app_init ] --END-- [ RunTime:0.000752s ]
ERR: 无法加载模块:Public

[ 2016-12-08T09:29:32+08:00 ] ::1 /Wechat_media/Public/home/js/maps/swiper.jquery.js.map
INFO: [ app_init ] --START--
INFO: Run Behavior\BuildLiteBehavior [ RunTime:0.000038s ]
INFO: [ app_init ] --END-- [ RunTime:0.000613s ]
ERR: 无法加载模块:Public

[ 2016-12-08T09:53:37+08:00 ] ::1 /Wechat_media/Public/home/images/gerenzhongxin1.png
INFO: [ app_init ] --START--
INFO: Run Behavior\BuildLiteBehavior [ RunTime:0.000049s ]
INFO: [ app_init ] --END-- [ RunTime:0.000938s ]
ERR: 无法加载模块:Public

[ 2016-12-08T09:53:37+08:00 ] ::1 /Wechat_media/Public/home/images/home.jpg
INFO: [ app_init ] --START--
INFO: Run Behavior\BuildLiteBehavior [ RunTime:0.000042s ]
INFO: [ app_init ] --END-- [ RunTime:0.001185s ]
ERR: 无法加载模块:Public

[ 2016-12-08T09:53:40+08:00 ] ::1 /Wechat_media/Public/home/js/maps/swiper.jquery.js.map
INFO: [ app_init ] --START--
INFO: Run Behavior\BuildLiteBehavior [ RunTime:0.000050s ]
INFO: [ app_init ] --END-- [ RunTime:0.001089s ]
ERR: 无法加载模块:Public

[ 2016-12-08T09:53:41+08:00 ] ::1 /Wechat_media/Public/home/images/home.jpg
INFO: [ app_init ] --START--
INFO: Run Behavior\BuildLiteBehavior [ RunTime:0.000052s ]
INFO: [ app_init ] --END-- [ RunTime:0.001128s ]
ERR: 无法加载模块:Public

[ 2016-12-08T09:53:41+08:00 ] ::1 /Wechat_media/Public/home/images/gerenzhongxin1.png
INFO: [ app_init ] --START--
INFO: Run Behavior\BuildLiteBehavior [ RunTime:0.000105s ]
INFO: [ app_init ] --END-- [ RunTime:0.001546s ]
ERR: 无法加载模块:Public

[ 2016-12-08T09:53:41+08:00 ] ::1 /Wechat_media/Public/home/js/maps/swiper.jquery.js.map
INFO: [ app_init ] --START--
INFO: Run Behavior\BuildLiteBehavior [ RunTime:0.000042s ]
INFO: [ app_init ] --END-- [ RunTime:0.000920s ]
ERR: 无法加载模块:Public

[ 2016-12-08T09:54:41+08:00 ] ::1 /Wechat_media/Public/home/images/gerenzhongxin1.png
INFO: [ app_init ] --START--
INFO: Run Behavior\BuildLiteBehavior [ RunTime:0.000039s ]
INFO: [ app_init ] --END-- [ RunTime:0.000675s ]
ERR: 无法加载模块:Public

[ 2016-12-08T09:54:41+08:00 ] ::1 /Wechat_media/Public/home/images/home.jpg
INFO: [ app_init ] --START--
INFO: Run Behavior\BuildLiteBehavior [ RunTime:0.000050s ]
INFO: [ app_init ] --END-- [ RunTime:0.000922s ]
ERR: 无法加载模块:Public

[ 2016-12-08T09:54:41+08:00 ] ::1 /Wechat_media/Public/home/js/maps/swiper.jquery.js.map
INFO: [ app_init ] --START--
INFO: Run Behavior\BuildLiteBehavior [ RunTime:0.000033s ]
INFO: [ app_init ] --END-- [ RunTime:0.001235s ]
ERR: 无法加载模块:Public

[ 2016-12-08T09:55:34+08:00 ] ::1 /Wechat_media/Public/home/js/maps/swiper.jquery.js.map
INFO: [ app_init ] --START--
INFO: Run Behavior\BuildLiteBehavior [ RunTime:0.000050s ]
INFO: [ app_init ] --END-- [ RunTime:0.001043s ]
ERR: 无法加载模块:Public

[ 2016-12-08T10:43:30+08:00 ] ::1 /Wechat_media/Public/home/js/maps/swiper.jquery.js.map
INFO: [ app_init ] --START--
INFO: Run Behavior\BuildLiteBehavior [ RunTime:0.000025s ]
INFO: [ app_init ] --END-- [ RunTime:0.000530s ]
ERR: 无法加载模块:Public

[ 2016-12-08T10:49:21+08:00 ] ::1 /Wechat_media/Public/home/js/maps/swiper.jquery.js.map
INFO: [ app_init ] --START--
INFO: Run Behavior\BuildLiteBehavior [ RunTime:0.000050s ]
INFO: [ app_init ] --END-- [ RunTime:0.001367s ]
ERR: 无法加载模块:Public

[ 2016-12-08T10:49:22+08:00 ] ::1 /Wechat_media/Public/home/js/maps/swiper.jquery.js.map
INFO: [ app_init ] --START--
INFO: Run Behavior\BuildLiteBehavior [ RunTime:0.000037s ]
INFO: [ app_init ] --END-- [ RunTime:0.000799s ]
ERR: 无法加载模块:Public

[ 2016-12-08T10:51:27+08:00 ] ::1 /Wechat_media/Public/home/js/maps/swiper.jquery.js.map
INFO: [ app_init ] --START--
INFO: Run Behavior\BuildLiteBehavior [ RunTime:0.000028s ]
INFO: [ app_init ] --END-- [ RunTime:0.000873s ]
ERR: 无法加载模块:Public

[ 2016-12-08T10:52:31+08:00 ] ::1 /Wechat_media/Public/home/js/maps/swiper.jquery.js.map
INFO: [ app_init ] --START--
INFO: Run Behavior\BuildLiteBehavior [ RunTime:0.000041s ]
INFO: [ app_init ] --END-- [ RunTime:0.000869s ]
ERR: 无法加载模块:Public

[ 2016-12-08T10:53:10+08:00 ] ::1 /Wechat_media/Public/home/js/maps/swiper.jquery.js.map
INFO: [ app_init ] --START--
INFO: Run Behavior\BuildLiteBehavior [ RunTime:0.000047s ]
INFO: [ app_init ] --END-- [ RunTime:0.000930s ]
ERR: 无法加载模块:Public

[ 2016-12-08T10:53:11+08:00 ] ::1 /Wechat_media/Public/home/js/maps/swiper.jquery.js.map
INFO: [ app_init ] --START--
INFO: Run Behavior\BuildLiteBehavior [ RunTime:0.000041s ]
INFO: [ app_init ] --END-- [ RunTime:0.001820s ]
ERR: 无法加载模块:Public

[ 2016-12-08T10:53:11+08:00 ] ::1 /Wechat_media/Public/home/js/maps/swiper.jquery.js.map
INFO: [ app_init ] --START--
INFO: Run Behavior\BuildLiteBehavior [ RunTime:0.000025s ]
INFO: [ app_init ] --END-- [ RunTime:0.000523s ]
ERR: 无法加载模块:Public

[ 2016-12-08T10:54:19+08:00 ] ::1 /Wechat_media/Public/home/js/maps/swiper.jquery.js.map
INFO: [ app_init ] --START--
INFO: Run Behavior\BuildLiteBehavior [ RunTime:0.000037s ]
INFO: [ app_init ] --END-- [ RunTime:0.000819s ]
ERR: 无法加载模块:Public

[ 2016-12-08T10:54:20+08:00 ] ::1 /Wechat_media/Public/home/js/maps/swiper.jquery.js.map
INFO: [ app_init ] --START--
INFO: Run Behavior\BuildLiteBehavior [ RunTime:0.000040s ]
INFO: [ app_init ] --END-- [ RunTime:0.001292s ]
ERR: 无法加载模块:Public

[ 2016-12-08T10:55:17+08:00 ] ::1 /Wechat_media/Public/home/js/maps/swiper.jquery.js.map
INFO: [ app_init ] --START--
INFO: Run Behavior\BuildLiteBehavior [ RunTime:0.000054s ]
INFO: [ app_init ] --END-- [ RunTime:0.001212s ]
ERR: 无法加载模块:Public

[ 2016-12-08T10:55:31+08:00 ] ::1 /Wechat_media/Public/home/js/maps/swiper.jquery.js.map
INFO: [ app_init ] --START--
INFO: Run Behavior\BuildLiteBehavior [ RunTime:0.000042s ]
INFO: [ app_init ] --END-- [ RunTime:0.000888s ]
ERR: 无法加载模块:Public

[ 2016-12-08T10:56:27+08:00 ] ::1 /Wechat_media/Public/home/js/maps/swiper.jquery.js.map
INFO: [ app_init ] --START--
INFO: Run Behavior\BuildLiteBehavior [ RunTime:0.000048s ]
INFO: [ app_init ] --END-- [ RunTime:0.002242s ]
ERR: 无法加载模块:Public

[ 2016-12-08T10:59:56+08:00 ] ::1 /Wechat_media/Public/home/js/maps/swiper.jquery.js.map
INFO: [ app_init ] --START--
INFO: Run Behavior\BuildLiteBehavior [ RunTime:0.000046s ]
INFO: [ app_init ] --END-- [ RunTime:0.001017s ]
ERR: 无法加载模块:Public

[ 2016-12-08T11:11:21+08:00 ] ::1 /Wechat_media/Public/home/js/maps/swiper.jquery.js.map
INFO: [ app_init ] --START--
INFO: Run Behavior\BuildLiteBehavior [ RunTime:0.000026s ]
INFO: [ app_init ] --END-- [ RunTime:0.000672s ]
ERR: 无法加载模块:Public

[ 2016-12-08T11:11:46+08:00 ] ::1 /Wechat_media/Public/home/js/maps/swiper.jquery.js.map
INFO: [ app_init ] --START--
INFO: Run Behavior\BuildLiteBehavior [ RunTime:0.000026s ]
INFO: [ app_init ] --END-- [ RunTime:0.000673s ]
ERR: 无法加载模块:Public

[ 2016-12-08T11:11:47+08:00 ] ::1 /Wechat_media/Public/home/js/maps/swiper.jquery.js.map
INFO: [ app_init ] --START--
INFO: Run Behavior\BuildLiteBehavior [ RunTime:0.000065s ]
INFO: [ app_init ] --END-- [ RunTime:0.001790s ]
ERR: 无法加载模块:Public

[ 2016-12-08T11:11:47+08:00 ] ::1 /Wechat_media/Public/home/js/maps/swiper.jquery.js.map
INFO: [ app_init ] --START--
INFO: Run Behavior\BuildLiteBehavior [ RunTime:0.000027s ]
INFO: [ app_init ] --END-- [ RunTime:0.000564s ]
ERR: 无法加载模块:Public

[ 2016-12-08T11:12:11+08:00 ] ::1 /Wechat_media/Public/home/js/maps/swiper.jquery.js.map
INFO: [ app_init ] --START--
INFO: Run Behavior\BuildLiteBehavior [ RunTime:0.000044s ]
INFO: [ app_init ] --END-- [ RunTime:0.000934s ]
ERR: 无法加载模块:Public

[ 2016-12-08T11:12:12+08:00 ] ::1 /Wechat_media/Public/home/js/maps/swiper.jquery.js.map
INFO: [ app_init ] --START--
INFO: Run Behavior\BuildLiteBehavior [ RunTime:0.000046s ]
INFO: [ app_init ] --END-- [ RunTime:0.000936s ]
ERR: 无法加载模块:Public

[ 2016-12-08T11:12:12+08:00 ] ::1 /Wechat_media/Public/home/js/maps/swiper.jquery.js.map
INFO: [ app_init ] --START--
INFO: Run Behavior\BuildLiteBehavior [ RunTime:0.000045s ]
INFO: [ app_init ] --END-- [ RunTime:0.001047s ]
ERR: 无法加载模块:Public

