[ 2016-12-12T14:15:08+08:00 ] ::1 /Wechat_media/usersrcmd/my_collection
INFO: [ app_init ] --START--
INFO: Run Behavior\BuildLiteBehavior [ RunTime:0.000025s ]
INFO: [ app_init ] --END-- [ RunTime:0.000443s ]
ERR: 无法加载模块:Usersrcmd

[ 2016-12-12T14:15:34+08:00 ] ::1 /Wechat_media/Public/home/js/maps/swiper.jquery.js.map
INFO: [ app_init ] --START--
INFO: Run Behavior\BuildLiteBehavior [ RunTime:0.000045s ]
INFO: [ app_init ] --END-- [ RunTime:0.000958s ]
ERR: 无法加载模块:Public

[ 2016-12-12T14:15:37+08:00 ] ::1 /Wechat_media/Public/home/js/maps/swiper.jquery.js.map
INFO: [ app_init ] --START--
INFO: Run Behavior\BuildLiteBehavior [ RunTime:0.000045s ]
INFO: [ app_init ] --END-- [ RunTime:0.000711s ]
ERR: 无法加载模块:Public

[ 2016-12-12T14:15:50+08:00 ] ::1 /Wechat_media/Public/home/js/maps/swiper.jquery.js.map
INFO: [ app_init ] --START--
INFO: Run Behavior\BuildLiteBehavior [ RunTime:0.000047s ]
INFO: [ app_init ] --END-- [ RunTime:0.000798s ]
ERR: 无法加载模块:Public

[ 2016-12-12T14:16:49+08:00 ] ::1 /Wechat_media/Public/home/js/maps/swiper.jquery.js.map
INFO: [ app_init ] --START--
INFO: Run Behavior\BuildLiteBehavior [ RunTime:0.000043s ]
INFO: [ app_init ] --END-- [ RunTime:0.000729s ]
ERR: 无法加载模块:Public

[ 2016-12-12T14:17:55+08:00 ] ::1 /Wechat_media/Public/home/js/maps/swiper.jquery.js.map
INFO: [ app_init ] --START--
INFO: Run Behavior\BuildLiteBehavior [ RunTime:0.000051s ]
INFO: [ app_init ] --END-- [ RunTime:0.000836s ]
ERR: 无法加载模块:Public

[ 2016-12-12T14:36:19+08:00 ] ::1 /Wechat_media/Public/home/js/maps/swiper.jquery.js.map
INFO: [ app_init ] --START--
INFO: Run Behavior\BuildLiteBehavior [ RunTime:0.000043s ]
INFO: [ app_init ] --END-- [ RunTime:0.000880s ]
ERR: 无法加载模块:Public

[ 2016-12-12T14:36:23+08:00 ] ::1 /Wechat_media/Public/home/js/maps/swiper.jquery.js.map
INFO: [ app_init ] --START--
INFO: Run Behavior\BuildLiteBehavior [ RunTime:0.000042s ]
INFO: [ app_init ] --END-- [ RunTime:0.000832s ]
ERR: 无法加载模块:Public

[ 2016-12-12T14:36:23+08:00 ] ::1 /Wechat_media/Public/home/js/maps/swiper.jquery.js.map
INFO: [ app_init ] --START--
INFO: Run Behavior\BuildLiteBehavior [ RunTime:0.000047s ]
INFO: [ app_init ] --END-- [ RunTime:0.000831s ]
ERR: 无法加载模块:Public

[ 2016-12-12T14:36:33+08:00 ] ::1 /Wechat_media/Public/home/js/maps/swiper.jquery.js.map
INFO: [ app_init ] --START--
INFO: Run Behavior\BuildLiteBehavior [ RunTime:0.000040s ]
INFO: [ app_init ] --END-- [ RunTime:0.000646s ]
ERR: 无法加载模块:Public

[ 2016-12-12T14:36:33+08:00 ] ::1 /Wechat_media/Public/home/js/maps/swiper.jquery.js.map
INFO: [ app_init ] --START--
INFO: Run Behavior\BuildLiteBehavior [ RunTime:0.000044s ]
INFO: [ app_init ] --END-- [ RunTime:0.000933s ]
ERR: 无法加载模块:Public

[ 2016-12-12T14:36:34+08:00 ] ::1 /Wechat_media/Public/home/js/maps/swiper.jquery.js.map
INFO: [ app_init ] --START--
INFO: Run Behavior\BuildLiteBehavior [ RunTime:0.000064s ]
INFO: [ app_init ] --END-- [ RunTime:0.001156s ]
ERR: 无法加载模块:Public

[ 2016-12-12T14:39:18+08:00 ] ::1 /Wechat_media/Public/home/js/maps/swiper.jquery.js.map
INFO: [ app_init ] --START--
INFO: Run Behavior\BuildLiteBehavior [ RunTime:0.000037s ]
INFO: [ app_init ] --END-- [ RunTime:0.000726s ]
ERR: 无法加载模块:Public

[ 2016-12-12T14:39:19+08:00 ] ::1 /Wechat_media/Public/home/js/maps/swiper.jquery.js.map
INFO: [ app_init ] --START--
INFO: Run Behavior\BuildLiteBehavior [ RunTime:0.000044s ]
INFO: [ app_init ] --END-- [ RunTime:0.000826s ]
ERR: 无法加载模块:Public

[ 2016-12-12T14:39:20+08:00 ] ::1 /Wechat_media/Public/home/js/maps/swiper.jquery.js.map
INFO: [ app_init ] --START--
INFO: Run Behavior\BuildLiteBehavior [ RunTime:0.000041s ]
INFO: [ app_init ] --END-- [ RunTime:0.000664s ]
ERR: 无法加载模块:Public

[ 2016-12-12T14:42:58+08:00 ] ::1 /Wechat_media/Public/home/js/maps/swiper.jquery.js.map
INFO: [ app_init ] --START--
INFO: Run Behavior\BuildLiteBehavior [ RunTime:0.000044s ]
INFO: [ app_init ] --END-- [ RunTime:0.000866s ]
ERR: 无法加载模块:Public

[ 2016-12-12T14:42:59+08:00 ] ::1 /Wechat_media/Public/home/js/maps/swiper.jquery.js.map
INFO: [ app_init ] --START--
INFO: Run Behavior\BuildLiteBehavior [ RunTime:0.000045s ]
INFO: [ app_init ] --END-- [ RunTime:0.000809s ]
ERR: 无法加载模块:Public

[ 2016-12-12T14:42:59+08:00 ] ::1 /Wechat_media/Public/home/js/maps/swiper.jquery.js.map
INFO: [ app_init ] --START--
INFO: Run Behavior\BuildLiteBehavior [ RunTime:0.000043s ]
INFO: [ app_init ] --END-- [ RunTime:0.000836s ]
ERR: 无法加载模块:Public

[ 2016-12-12T14:43:51+08:00 ] ::1 /Wechat_media/Public/home/js/maps/swiper.jquery.js.map
INFO: [ app_init ] --START--
INFO: Run Behavior\BuildLiteBehavior [ RunTime:0.000044s ]
INFO: [ app_init ] --END-- [ RunTime:0.000658s ]
ERR: 无法加载模块:Public

[ 2016-12-12T14:44:47+08:00 ] ::1 /Wechat_media/Public/home/js/maps/swiper.jquery.js.map
INFO: [ app_init ] --START--
INFO: Run Behavior\BuildLiteBehavior [ RunTime:0.000039s ]
INFO: [ app_init ] --END-- [ RunTime:0.000635s ]
ERR: 无法加载模块:Public

[ 2016-12-12T14:45:41+08:00 ] ::1 /Wechat_media/Public/home/js/maps/swiper.jquery.js.map
INFO: [ app_init ] --START--
INFO: Run Behavior\BuildLiteBehavior [ RunTime:0.000041s ]
INFO: [ app_init ] --END-- [ RunTime:0.001197s ]
ERR: 无法加载模块:Public

[ 2016-12-12T14:46:17+08:00 ] ::1 /Wechat_media/Public/home/js/maps/swiper.jquery.js.map
INFO: [ app_init ] --START--
INFO: Run Behavior\BuildLiteBehavior [ RunTime:0.000023s ]
INFO: [ app_init ] --END-- [ RunTime:0.000411s ]
ERR: 无法加载模块:Public

[ 2016-12-12T14:46:18+08:00 ] ::1 /Wechat_media/Public/home/js/maps/swiper.jquery.js.map
INFO: [ app_init ] --START--
INFO: Run Behavior\BuildLiteBehavior [ RunTime:0.000043s ]
INFO: [ app_init ] --END-- [ RunTime:0.000685s ]
ERR: 无法加载模块:Public

[ 2016-12-12T14:46:19+08:00 ] ::1 /Wechat_media/Public/home/js/maps/swiper.jquery.js.map
INFO: [ app_init ] --START--
INFO: Run Behavior\BuildLiteBehavior [ RunTime:0.000040s ]
INFO: [ app_init ] --END-- [ RunTime:0.000652s ]
ERR: 无法加载模块:Public

[ 2016-12-12T14:47:19+08:00 ] ::1 /Wechat_media/Public/home/js/maps/swiper.jquery.js.map
INFO: [ app_init ] --START--
INFO: Run Behavior\BuildLiteBehavior [ RunTime:0.000035s ]
INFO: [ app_init ] --END-- [ RunTime:0.000665s ]
ERR: 无法加载模块:Public

[ 2016-12-12T14:49:27+08:00 ] ::1 /Wechat_media/Public/home/js/maps/swiper.jquery.js.map
INFO: [ app_init ] --START--
INFO: Run Behavior\BuildLiteBehavior [ RunTime:0.000040s ]
INFO: [ app_init ] --END-- [ RunTime:0.000659s ]
ERR: 无法加载模块:Public

[ 2016-12-12T14:53:56+08:00 ] ::1 /Wechat_media/Public/home/js/maps/swiper.jquery.js.map
INFO: [ app_init ] --START--
INFO: Run Behavior\BuildLiteBehavior [ RunTime:0.000025s ]
INFO: [ app_init ] --END-- [ RunTime:0.000531s ]
ERR: 无法加载模块:Public

[ 2016-12-12T14:54:48+08:00 ] ::1 /Wechat_media/Public/home/js/maps/swiper.jquery.js.map
INFO: [ app_init ] --START--
INFO: Run Behavior\BuildLiteBehavior [ RunTime:0.000131s ]
INFO: [ app_init ] --END-- [ RunTime:0.001347s ]
ERR: 无法加载模块:Public

[ 2016-12-12T14:54:49+08:00 ] ::1 /Wechat_media/Public/home/js/maps/swiper.jquery.js.map
INFO: [ app_init ] --START--
INFO: Run Behavior\BuildLiteBehavior [ RunTime:0.000036s ]
INFO: [ app_init ] --END-- [ RunTime:0.000572s ]
ERR: 无法加载模块:Public

[ 2016-12-12T14:54:52+08:00 ] ::1 /Wechat_media/Public/home/js/maps/swiper.jquery.js.map
INFO: [ app_init ] --START--
INFO: Run Behavior\BuildLiteBehavior [ RunTime:0.000026s ]
INFO: [ app_init ] --END-- [ RunTime:0.000512s ]
ERR: 无法加载模块:Public

[ 2016-12-12T14:57:46+08:00 ] ::1 /Wechat_media/Public/home/js/maps/swiper.jquery.js.map
INFO: [ app_init ] --START--
INFO: Run Behavior\BuildLiteBehavior [ RunTime:0.000046s ]
INFO: [ app_init ] --END-- [ RunTime:0.000982s ]
ERR: 无法加载模块:Public

[ 2016-12-12T14:57:46+08:00 ] ::1 /Wechat_media/Public/home/js/maps/swiper.jquery.js.map
INFO: [ app_init ] --START--
INFO: Run Behavior\BuildLiteBehavior [ RunTime:0.000041s ]
INFO: [ app_init ] --END-- [ RunTime:0.000682s ]
ERR: 无法加载模块:Public

[ 2016-12-12T14:58:32+08:00 ] ::1 /Wechat_media/Public/home/js/maps/swiper.jquery.js.map
INFO: [ app_init ] --START--
INFO: Run Behavior\BuildLiteBehavior [ RunTime:0.000025s ]
INFO: [ app_init ] --END-- [ RunTime:0.000424s ]
ERR: 无法加载模块:Public

[ 2016-12-12T14:58:33+08:00 ] ::1 /Wechat_media/Public/home/js/maps/swiper.jquery.js.map
INFO: [ app_init ] --START--
INFO: Run Behavior\BuildLiteBehavior [ RunTime:0.000038s ]
INFO: [ app_init ] --END-- [ RunTime:0.000622s ]
ERR: 无法加载模块:Public

[ 2016-12-12T14:58:33+08:00 ] ::1 /Wechat_media/Public/home/js/maps/swiper.jquery.js.map
INFO: [ app_init ] --START--
INFO: Run Behavior\BuildLiteBehavior [ RunTime:0.000025s ]
INFO: [ app_init ] --END-- [ RunTime:0.000444s ]
ERR: 无法加载模块:Public

[ 2016-12-12T14:58:36+08:00 ] ::1 /Wechat_media/Public/home/js/maps/swiper.jquery.js.map
INFO: [ app_init ] --START--
INFO: Run Behavior\BuildLiteBehavior [ RunTime:0.000031s ]
INFO: [ app_init ] --END-- [ RunTime:0.000818s ]
ERR: 无法加载模块:Public

[ 2016-12-12T15:00:37+08:00 ] ::1 /Wechat_media/Public/home/js/maps/swiper.jquery.js.map
INFO: [ app_init ] --START--
INFO: Run Behavior\BuildLiteBehavior [ RunTime:0.000040s ]
INFO: [ app_init ] --END-- [ RunTime:0.000945s ]
ERR: 无法加载模块:Public

[ 2016-12-12T15:00:41+08:00 ] ::1 /Wechat_media/Public/home/js/maps/swiper.jquery.js.map
INFO: [ app_init ] --START--
INFO: Run Behavior\BuildLiteBehavior [ RunTime:0.000038s ]
INFO: [ app_init ] --END-- [ RunTime:0.000720s ]
ERR: 无法加载模块:Public

[ 2016-12-12T15:06:12+08:00 ] ::1 /Wechat_media/Public/home/js/maps/swiper.jquery.js.map
INFO: [ app_init ] --START--
INFO: Run Behavior\BuildLiteBehavior [ RunTime:0.000055s ]
INFO: [ app_init ] --END-- [ RunTime:0.001138s ]
ERR: 无法加载模块:Public

[ 2016-12-12T15:06:12+08:00 ] ::1 /Wechat_media/Public/home/js/maps/swiper.jquery.js.map
INFO: [ app_init ] --START--
INFO: Run Behavior\BuildLiteBehavior [ RunTime:0.000047s ]
INFO: [ app_init ] --END-- [ RunTime:0.000940s ]
ERR: 无法加载模块:Public

[ 2016-12-12T15:09:07+08:00 ] ::1 /Wechat_media/Public/home/js/maps/swiper.jquery.js.map
INFO: [ app_init ] --START--
INFO: Run Behavior\BuildLiteBehavior [ RunTime:0.000040s ]
INFO: [ app_init ] --END-- [ RunTime:0.001244s ]
ERR: 无法加载模块:Public

[ 2016-12-12T15:09:22+08:00 ] ::1 /Wechat_media/Public/home/js/ajaxfileupload.js
INFO: [ app_init ] --START--
INFO: Run Behavior\BuildLiteBehavior [ RunTime:0.000087s ]
INFO: [ app_init ] --END-- [ RunTime:0.001056s ]
ERR: 无法加载模块:Public

[ 2016-12-12T15:09:26+08:00 ] ::1 /Wechat_media/Public/home/js/ajaxfileupload.js
INFO: [ app_init ] --START--
INFO: Run Behavior\BuildLiteBehavior [ RunTime:0.000040s ]
INFO: [ app_init ] --END-- [ RunTime:0.000632s ]
ERR: 无法加载模块:Public

[ 2016-12-12T15:14:16+08:00 ] ::1 /Wechat_media/Public/home/js/ajaxfileupload.js
INFO: [ app_init ] --START--
INFO: Run Behavior\BuildLiteBehavior [ RunTime:0.000037s ]
INFO: [ app_init ] --END-- [ RunTime:0.000625s ]
ERR: 无法加载模块:Public

[ 2016-12-12T15:14:16+08:00 ] ::1 /Wechat_media/Public/home/js/ajaxfileupload.js
INFO: [ app_init ] --START--
INFO: Run Behavior\BuildLiteBehavior [ RunTime:0.000042s ]
INFO: [ app_init ] --END-- [ RunTime:0.000915s ]
ERR: 无法加载模块:Public

[ 2016-12-12T15:27:34+08:00 ] ::1 /Wechat_media/Public/home/js/maps/swiper.jquery.js.map
INFO: [ app_init ] --START--
INFO: Run Behavior\BuildLiteBehavior [ RunTime:0.000044s ]
INFO: [ app_init ] --END-- [ RunTime:0.000896s ]
ERR: 无法加载模块:Public

[ 2016-12-12T15:27:38+08:00 ] ::1 /Wechat_media/Public/home/js/maps/swiper.jquery.js.map
INFO: [ app_init ] --START--
INFO: Run Behavior\BuildLiteBehavior [ RunTime:0.000083s ]
INFO: [ app_init ] --END-- [ RunTime:0.001023s ]
ERR: 无法加载模块:Public

[ 2016-12-12T15:27:43+08:00 ] ::1 /Wechat_media/Public/home/js/maps/swiper.jquery.js.map
INFO: [ app_init ] --START--
INFO: Run Behavior\BuildLiteBehavior [ RunTime:0.000032s ]
INFO: [ app_init ] --END-- [ RunTime:0.000732s ]
ERR: 无法加载模块:Public

[ 2016-12-12T15:27:44+08:00 ] ::1 /Wechat_media/Public/home/js/maps/swiper.jquery.js.map
INFO: [ app_init ] --START--
INFO: Run Behavior\BuildLiteBehavior [ RunTime:0.000043s ]
INFO: [ app_init ] --END-- [ RunTime:0.000762s ]
ERR: 无法加载模块:Public

[ 2016-12-12T15:27:48+08:00 ] ::1 /Wechat_media/Public/home/js/maps/swiper.jquery.js.map
INFO: [ app_init ] --START--
INFO: Run Behavior\BuildLiteBehavior [ RunTime:0.000053s ]
INFO: [ app_init ] --END-- [ RunTime:0.001030s ]
ERR: 无法加载模块:Public

[ 2016-12-12T15:37:37+08:00 ] ::1 /Wechat_media/Public/home/images/book.png
INFO: [ app_init ] --START--
INFO: Run Behavior\BuildLiteBehavior [ RunTime:0.000044s ]
INFO: [ app_init ] --END-- [ RunTime:0.000924s ]
ERR: 无法加载模块:Public

[ 2016-12-12T15:37:37+08:00 ] ::1 /Wechat_media/Public/home/js/maps/swiper.jquery.js.map
INFO: [ app_init ] --START--
INFO: Run Behavior\BuildLiteBehavior [ RunTime:0.000036s ]
INFO: [ app_init ] --END-- [ RunTime:0.000760s ]
ERR: 无法加载模块:Public

[ 2016-12-12T15:38:22+08:00 ] ::1 /Wechat_media/Public/home/js/maps/swiper.jquery.js.map
INFO: [ app_init ] --START--
INFO: Run Behavior\BuildLiteBehavior [ RunTime:0.000025s ]
INFO: [ app_init ] --END-- [ RunTime:0.000681s ]
ERR: 无法加载模块:Public

[ 2016-12-12T15:38:41+08:00 ] ::1 /Wechat_media/Public/home/js/maps/swiper.jquery.js.map
INFO: [ app_init ] --START--
INFO: Run Behavior\BuildLiteBehavior [ RunTime:0.000039s ]
INFO: [ app_init ] --END-- [ RunTime:0.000748s ]
ERR: 无法加载模块:Public

[ 2016-12-12T15:38:44+08:00 ] ::1 /Wechat_media/Public/home/js/maps/swiper.jquery.js.map
INFO: [ app_init ] --START--
INFO: Run Behavior\BuildLiteBehavior [ RunTime:0.000027s ]
INFO: [ app_init ] --END-- [ RunTime:0.000529s ]
ERR: 无法加载模块:Public

[ 2016-12-12T15:38:45+08:00 ] ::1 /Wechat_media/Public/home/js/maps/swiper.jquery.js.map
INFO: [ app_init ] --START--
INFO: Run Behavior\BuildLiteBehavior [ RunTime:0.000038s ]
INFO: [ app_init ] --END-- [ RunTime:0.000827s ]
ERR: 无法加载模块:Public

[ 2016-12-12T15:39:06+08:00 ] ::1 /Wechat_media/Public/home/js/maps/swiper.jquery.js.map
INFO: [ app_init ] --START--
INFO: Run Behavior\BuildLiteBehavior [ RunTime:0.000023s ]
INFO: [ app_init ] --END-- [ RunTime:0.000418s ]
ERR: 无法加载模块:Public

[ 2016-12-12T15:39:19+08:00 ] ::1 /Wechat_media/Public/home/images/icon_nav_cell.png
INFO: [ app_init ] --START--
INFO: Run Behavior\BuildLiteBehavior [ RunTime:0.000026s ]
INFO: [ app_init ] --END-- [ RunTime:0.000569s ]
ERR: 无法加载模块:Public

[ 2016-12-12T15:39:19+08:00 ] ::1 /Wechat_media/Public/home/js/maps/swiper.jquery.js.map
INFO: [ app_init ] --START--
INFO: Run Behavior\BuildLiteBehavior [ RunTime:0.000044s ]
INFO: [ app_init ] --END-- [ RunTime:0.001087s ]
ERR: 无法加载模块:Public

[ 2016-12-12T15:39:25+08:00 ] ::1 /Wechat_media/Public/home/js/maps/swiper.jquery.js.map
INFO: [ app_init ] --START--
INFO: Run Behavior\BuildLiteBehavior [ RunTime:0.000042s ]
INFO: [ app_init ] --END-- [ RunTime:0.000823s ]
ERR: 无法加载模块:Public

[ 2016-12-12T15:39:28+08:00 ] ::1 /Wechat_media/Public/home/js/maps/swiper.jquery.js.map
INFO: [ app_init ] --START--
INFO: Run Behavior\BuildLiteBehavior [ RunTime:0.000040s ]
INFO: [ app_init ] --END-- [ RunTime:0.000856s ]
ERR: 无法加载模块:Public

[ 2016-12-12T15:39:56+08:00 ] ::1 /Wechat_media/Public/home/js/maps/swiper.jquery.js.map
INFO: [ app_init ] --START--
INFO: Run Behavior\BuildLiteBehavior [ RunTime:0.000026s ]
INFO: [ app_init ] --END-- [ RunTime:0.000537s ]
ERR: 无法加载模块:Public

[ 2016-12-12T15:41:36+08:00 ] ::1 /Wechat_media/Public/home/images/icon_nav_cell.png
INFO: [ app_init ] --START--
INFO: Run Behavior\BuildLiteBehavior [ RunTime:0.000041s ]
INFO: [ app_init ] --END-- [ RunTime:0.000880s ]
ERR: 无法加载模块:Public

[ 2016-12-12T15:41:36+08:00 ] ::1 /Wechat_media/Public/home/js/maps/swiper.jquery.js.map
INFO: [ app_init ] --START--
INFO: Run Behavior\BuildLiteBehavior [ RunTime:0.000025s ]
INFO: [ app_init ] --END-- [ RunTime:0.000538s ]
ERR: 无法加载模块:Public

[ 2016-12-12T15:41:43+08:00 ] ::1 /Wechat_media/Public/home/images/icon_nav_cell.png
INFO: [ app_init ] --START--
INFO: Run Behavior\BuildLiteBehavior [ RunTime:0.000043s ]
INFO: [ app_init ] --END-- [ RunTime:0.000870s ]
ERR: 无法加载模块:Public

[ 2016-12-12T15:41:43+08:00 ] ::1 /Wechat_media/Public/home/js/maps/swiper.jquery.js.map
INFO: [ app_init ] --START--
INFO: Run Behavior\BuildLiteBehavior [ RunTime:0.000030s ]
INFO: [ app_init ] --END-- [ RunTime:0.000805s ]
ERR: 无法加载模块:Public

[ 2016-12-12T15:41:49+08:00 ] ::1 /Wechat_media/Public/home/js/maps/swiper.jquery.js.map
INFO: [ app_init ] --START--
INFO: Run Behavior\BuildLiteBehavior [ RunTime:0.000035s ]
INFO: [ app_init ] --END-- [ RunTime:0.000697s ]
ERR: 无法加载模块:Public

[ 2016-12-12T15:42:07+08:00 ] ::1 /Wechat_media/Public/home/images/icon_nav_cell.png
INFO: [ app_init ] --START--
INFO: Run Behavior\BuildLiteBehavior [ RunTime:0.000051s ]
INFO: [ app_init ] --END-- [ RunTime:0.001599s ]
ERR: 无法加载模块:Public

[ 2016-12-12T15:42:07+08:00 ] ::1 /Wechat_media/Public/home/js/maps/swiper.jquery.js.map
INFO: [ app_init ] --START--
INFO: Run Behavior\BuildLiteBehavior [ RunTime:0.000024s ]
INFO: [ app_init ] --END-- [ RunTime:0.000505s ]
ERR: 无法加载模块:Public

[ 2016-12-12T15:42:10+08:00 ] ::1 /Wechat_media/Public/home/images/icon_nav_cell.png
INFO: [ app_init ] --START--
INFO: Run Behavior\BuildLiteBehavior [ RunTime:0.000039s ]
INFO: [ app_init ] --END-- [ RunTime:0.000798s ]
ERR: 无法加载模块:Public

[ 2016-12-12T15:42:10+08:00 ] ::1 /Wechat_media/Public/home/js/maps/swiper.jquery.js.map
INFO: [ app_init ] --START--
INFO: Run Behavior\BuildLiteBehavior [ RunTime:0.000037s ]
INFO: [ app_init ] --END-- [ RunTime:0.000875s ]
ERR: 无法加载模块:Public

[ 2016-12-12T15:42:25+08:00 ] ::1 /Wechat_media/Public/home/js/maps/swiper.jquery.js.map
INFO: [ app_init ] --START--
INFO: Run Behavior\BuildLiteBehavior [ RunTime:0.000025s ]
INFO: [ app_init ] --END-- [ RunTime:0.000721s ]
ERR: 无法加载模块:Public

[ 2016-12-12T15:42:48+08:00 ] ::1 /Wechat_media/Public/home/js/maps/swiper.jquery.js.map
INFO: [ app_init ] --START--
INFO: Run Behavior\BuildLiteBehavior [ RunTime:0.000023s ]
INFO: [ app_init ] --END-- [ RunTime:0.000510s ]
ERR: 无法加载模块:Public

[ 2016-12-12T15:43:05+08:00 ] ::1 /Wechat_media/Public/home/js/maps/swiper.jquery.js.map
INFO: [ app_init ] --START--
INFO: Run Behavior\BuildLiteBehavior [ RunTime:0.000030s ]
INFO: [ app_init ] --END-- [ RunTime:0.000516s ]
ERR: 无法加载模块:Public

[ 2016-12-12T15:43:09+08:00 ] ::1 /Wechat_media/Public/home/js/maps/swiper.jquery.js.map
INFO: [ app_init ] --START--
INFO: Run Behavior\BuildLiteBehavior [ RunTime:0.000024s ]
INFO: [ app_init ] --END-- [ RunTime:0.000525s ]
ERR: 无法加载模块:Public

[ 2016-12-12T15:45:24+08:00 ] ::1 /Wechat_media/Public/home/js/maps/swiper.jquery.js.map
INFO: [ app_init ] --START--
INFO: Run Behavior\BuildLiteBehavior [ RunTime:0.000058s ]
INFO: [ app_init ] --END-- [ RunTime:0.001076s ]
ERR: 无法加载模块:Public

[ 2016-12-12T15:45:25+08:00 ] ::1 /Wechat_media/Public/home/js/maps/swiper.jquery.js.map
INFO: [ app_init ] --START--
INFO: Run Behavior\BuildLiteBehavior [ RunTime:0.000039s ]
INFO: [ app_init ] --END-- [ RunTime:0.000792s ]
ERR: 无法加载模块:Public

[ 2016-12-12T15:45:27+08:00 ] ::1 /Wechat_media/Public/home/js/maps/swiper.jquery.js.map
INFO: [ app_init ] --START--
INFO: Run Behavior\BuildLiteBehavior [ RunTime:0.000023s ]
INFO: [ app_init ] --END-- [ RunTime:0.000510s ]
ERR: 无法加载模块:Public

[ 2016-12-12T15:45:28+08:00 ] ::1 /Wechat_media/Public/home/js/maps/swiper.jquery.js.map
INFO: [ app_init ] --START--
INFO: Run Behavior\BuildLiteBehavior [ RunTime:0.000024s ]
INFO: [ app_init ] --END-- [ RunTime:0.000496s ]
ERR: 无法加载模块:Public

[ 2016-12-12T15:45:29+08:00 ] ::1 /Wechat_media/Public/home/js/maps/swiper.jquery.js.map
INFO: [ app_init ] --START--
INFO: Run Behavior\BuildLiteBehavior [ RunTime:0.000023s ]
INFO: [ app_init ] --END-- [ RunTime:0.000498s ]
ERR: 无法加载模块:Public

[ 2016-12-12T15:45:30+08:00 ] ::1 /Wechat_media/Public/home/images/beijing4.jpg
INFO: [ app_init ] --START--
INFO: Run Behavior\BuildLiteBehavior [ RunTime:0.000040s ]
INFO: [ app_init ] --END-- [ RunTime:0.000681s ]
ERR: 无法加载模块:Public

[ 2016-12-12T15:46:19+08:00 ] ::1 /Wechat_media/Public/home/images/beijing4.jpg
INFO: [ app_init ] --START--
INFO: Run Behavior\BuildLiteBehavior [ RunTime:0.000043s ]
INFO: [ app_init ] --END-- [ RunTime:0.000603s ]
ERR: 无法加载模块:Public

[ 2016-12-12T15:46:19+08:00 ] ::1 /Wechat_media/Public/home/js/maps/swiper.jquery.js.map
INFO: [ app_init ] --START--
INFO: Run Behavior\BuildLiteBehavior [ RunTime:0.000046s ]
INFO: [ app_init ] --END-- [ RunTime:0.000762s ]
ERR: 无法加载模块:Public

[ 2016-12-12T15:46:42+08:00 ] ::1 /Wechat_media/Public/home/images/beijing4.jpg
INFO: [ app_init ] --START--
INFO: Run Behavior\BuildLiteBehavior [ RunTime:0.000039s ]
INFO: [ app_init ] --END-- [ RunTime:0.000850s ]
ERR: 无法加载模块:Public

[ 2016-12-12T15:46:42+08:00 ] ::1 /Wechat_media/Public/home/js/maps/swiper.jquery.js.map
INFO: [ app_init ] --START--
INFO: Run Behavior\BuildLiteBehavior [ RunTime:0.000036s ]
INFO: [ app_init ] --END-- [ RunTime:0.000713s ]
ERR: 无法加载模块:Public

[ 2016-12-12T15:46:43+08:00 ] ::1 /Wechat_media/Public/home/images/beijing4.jpg
INFO: [ app_init ] --START--
INFO: Run Behavior\BuildLiteBehavior [ RunTime:0.000044s ]
INFO: [ app_init ] --END-- [ RunTime:0.000810s ]
ERR: 无法加载模块:Public

[ 2016-12-12T15:46:43+08:00 ] ::1 /Wechat_media/Public/home/js/maps/swiper.jquery.js.map
INFO: [ app_init ] --START--
INFO: Run Behavior\BuildLiteBehavior [ RunTime:0.000042s ]
INFO: [ app_init ] --END-- [ RunTime:0.000822s ]
ERR: 无法加载模块:Public

[ 2016-12-12T15:46:43+08:00 ] ::1 /Wechat_media/Public/home/images/beijing4.jpg
INFO: [ app_init ] --START--
INFO: Run Behavior\BuildLiteBehavior [ RunTime:0.000040s ]
INFO: [ app_init ] --END-- [ RunTime:0.000832s ]
ERR: 无法加载模块:Public

[ 2016-12-12T15:46:43+08:00 ] ::1 /Wechat_media/Public/home/js/maps/swiper.jquery.js.map
INFO: [ app_init ] --START--
INFO: Run Behavior\BuildLiteBehavior [ RunTime:0.000053s ]
INFO: [ app_init ] --END-- [ RunTime:0.002073s ]
ERR: 无法加载模块:Public

[ 2016-12-12T15:46:46+08:00 ] ::1 /Wechat_media/Public/home/js/maps/swiper.jquery.js.map
INFO: [ app_init ] --START--
INFO: Run Behavior\BuildLiteBehavior [ RunTime:0.000040s ]
INFO: [ app_init ] --END-- [ RunTime:0.000822s ]
ERR: 无法加载模块:Public

[ 2016-12-12T15:47:06+08:00 ] ::1 /Wechat_media/Public/home/js/maps/swiper.jquery.js.map
INFO: [ app_init ] --START--
INFO: Run Behavior\BuildLiteBehavior [ RunTime:0.000042s ]
INFO: [ app_init ] --END-- [ RunTime:0.000858s ]
ERR: 无法加载模块:Public

[ 2016-12-12T15:47:27+08:00 ] ::1 /Wechat_media/Public/home/js/maps/swiper.jquery.js.map
INFO: [ app_init ] --START--
INFO: Run Behavior\BuildLiteBehavior [ RunTime:0.000040s ]
INFO: [ app_init ] --END-- [ RunTime:0.000900s ]
ERR: 无法加载模块:Public

[ 2016-12-12T15:47:50+08:00 ] ::1 /Wechat_media/Public/home/js/maps/swiper.jquery.js.map
INFO: [ app_init ] --START--
INFO: Run Behavior\BuildLiteBehavior [ RunTime:0.000042s ]
INFO: [ app_init ] --END-- [ RunTime:0.000955s ]
ERR: 无法加载模块:Public

[ 2016-12-12T15:48:03+08:00 ] ::1 /Wechat_media/Public/home/js/maps/swiper.jquery.js.map
INFO: [ app_init ] --START--
INFO: Run Behavior\BuildLiteBehavior [ RunTime:0.000048s ]
INFO: [ app_init ] --END-- [ RunTime:0.000853s ]
ERR: 无法加载模块:Public

[ 2016-12-12T15:48:18+08:00 ] ::1 /Wechat_media/Public/home/js/maps/swiper.jquery.js.map
INFO: [ app_init ] --START--
INFO: Run Behavior\BuildLiteBehavior [ RunTime:0.000041s ]
INFO: [ app_init ] --END-- [ RunTime:0.000789s ]
ERR: 无法加载模块:Public

[ 2016-12-12T15:48:32+08:00 ] ::1 /Wechat_media/Public/home/js/maps/swiper.jquery.js.map
INFO: [ app_init ] --START--
INFO: Run Behavior\BuildLiteBehavior [ RunTime:0.000057s ]
INFO: [ app_init ] --END-- [ RunTime:0.001045s ]
ERR: 无法加载模块:Public

[ 2016-12-12T15:49:12+08:00 ] ::1 /Wechat_media/Public/home/js/maps/swiper.jquery.js.map
INFO: [ app_init ] --START--
INFO: Run Behavior\BuildLiteBehavior [ RunTime:0.000042s ]
INFO: [ app_init ] --END-- [ RunTime:0.000872s ]
ERR: 无法加载模块:Public

[ 2016-12-12T15:49:53+08:00 ] ::1 /Wechat_media/Public/home/js/maps/swiper.jquery.js.map
INFO: [ app_init ] --START--
INFO: Run Behavior\BuildLiteBehavior [ RunTime:0.000041s ]
INFO: [ app_init ] --END-- [ RunTime:0.000674s ]
ERR: 无法加载模块:Public

[ 2016-12-12T15:49:54+08:00 ] ::1 /Wechat_media/Public/home/js/maps/swiper.jquery.js.map
INFO: [ app_init ] --START--
INFO: Run Behavior\BuildLiteBehavior [ RunTime:0.000046s ]
INFO: [ app_init ] --END-- [ RunTime:0.001657s ]
ERR: 无法加载模块:Public

[ 2016-12-12T15:49:54+08:00 ] ::1 /Wechat_media/Public/home/js/maps/swiper.jquery.js.map
INFO: [ app_init ] --START--
INFO: Run Behavior\BuildLiteBehavior [ RunTime:0.000040s ]
INFO: [ app_init ] --END-- [ RunTime:0.000778s ]
ERR: 无法加载模块:Public

[ 2016-12-12T15:49:54+08:00 ] ::1 /Wechat_media/Public/home/js/maps/swiper.jquery.js.map
INFO: [ app_init ] --START--
INFO: Run Behavior\BuildLiteBehavior [ RunTime:0.000045s ]
INFO: [ app_init ] --END-- [ RunTime:0.000879s ]
ERR: 无法加载模块:Public

[ 2016-12-12T15:49:54+08:00 ] ::1 /Wechat_media/Public/home/images/icon_nav_cell.png
INFO: [ app_init ] --START--
INFO: Run Behavior\BuildLiteBehavior [ RunTime:0.000041s ]
INFO: [ app_init ] --END-- [ RunTime:0.006787s ]
ERR: 无法加载模块:Public

[ 2016-12-12T15:49:54+08:00 ] ::1 /Wechat_media/Public/home/js/maps/swiper.jquery.js.map
INFO: [ app_init ] --START--
INFO: Run Behavior\BuildLiteBehavior [ RunTime:0.000036s ]
INFO: [ app_init ] --END-- [ RunTime:0.000783s ]
ERR: 无法加载模块:Public

[ 2016-12-12T15:50:26+08:00 ] ::1 /Wechat_media/Public/home/images/icon_nav_cell.png
INFO: [ app_init ] --START--
INFO: Run Behavior\BuildLiteBehavior [ RunTime:0.000045s ]
INFO: [ app_init ] --END-- [ RunTime:0.000920s ]
ERR: 无法加载模块:Public

[ 2016-12-12T15:50:27+08:00 ] ::1 /Wechat_media/Public/home/js/maps/swiper.jquery.js.map
INFO: [ app_init ] --START--
INFO: Run Behavior\BuildLiteBehavior [ RunTime:0.000041s ]
INFO: [ app_init ] --END-- [ RunTime:0.000701s ]
ERR: 无法加载模块:Public

[ 2016-12-12T15:50:28+08:00 ] ::1 /Wechat_media/Public/home/js/maps/swiper.jquery.js.map
INFO: [ app_init ] --START--
INFO: Run Behavior\BuildLiteBehavior [ RunTime:0.000025s ]
INFO: [ app_init ] --END-- [ RunTime:0.000478s ]
ERR: 无法加载模块:Public

[ 2016-12-12T15:50:29+08:00 ] ::1 /Wechat_media/Public/home/js/maps/swiper.jquery.js.map
INFO: [ app_init ] --START--
INFO: Run Behavior\BuildLiteBehavior [ RunTime:0.000042s ]
INFO: [ app_init ] --END-- [ RunTime:0.000847s ]
ERR: 无法加载模块:Public

[ 2016-12-12T15:50:30+08:00 ] ::1 /Wechat_media/Public/home/js/maps/swiper.jquery.js.map
INFO: [ app_init ] --START--
INFO: Run Behavior\BuildLiteBehavior [ RunTime:0.000028s ]
INFO: [ app_init ] --END-- [ RunTime:0.000611s ]
ERR: 无法加载模块:Public

[ 2016-12-12T15:50:30+08:00 ] ::1 /Wechat_media/Public/home/js/maps/swiper.jquery.js.map
INFO: [ app_init ] --START--
INFO: Run Behavior\BuildLiteBehavior [ RunTime:0.000079s ]
INFO: [ app_init ] --END-- [ RunTime:0.000974s ]
ERR: 无法加载模块:Public

[ 2016-12-12T15:50:31+08:00 ] ::1 /Wechat_media/Public/home/js/maps/swiper.jquery.js.map
INFO: [ app_init ] --START--
INFO: Run Behavior\BuildLiteBehavior [ RunTime:0.000043s ]
INFO: [ app_init ] --END-- [ RunTime:0.000846s ]
ERR: 无法加载模块:Public

[ 2016-12-12T15:50:33+08:00 ] ::1 /Wechat_media/Public/home/images/icon_nav_cell.png
INFO: [ app_init ] --START--
INFO: Run Behavior\BuildLiteBehavior [ RunTime:0.000037s ]
INFO: [ app_init ] --END-- [ RunTime:0.000715s ]
ERR: 无法加载模块:Public

[ 2016-12-12T15:50:33+08:00 ] ::1 /Wechat_media/Public/home/js/maps/swiper.jquery.js.map
INFO: [ app_init ] --START--
INFO: Run Behavior\BuildLiteBehavior [ RunTime:0.000048s ]
INFO: [ app_init ] --END-- [ RunTime:0.001135s ]
ERR: 无法加载模块:Public

[ 2016-12-12T15:50:34+08:00 ] ::1 /Wechat_media/Public/home/js/maps/swiper.jquery.js.map
INFO: [ app_init ] --START--
INFO: Run Behavior\BuildLiteBehavior [ RunTime:0.000043s ]
INFO: [ app_init ] --END-- [ RunTime:0.000840s ]
ERR: 无法加载模块:Public

[ 2016-12-12T15:50:35+08:00 ] ::1 /Wechat_media/Public/home/js/maps/swiper.jquery.js.map
INFO: [ app_init ] --START--
INFO: Run Behavior\BuildLiteBehavior [ RunTime:0.000041s ]
INFO: [ app_init ] --END-- [ RunTime:0.000812s ]
ERR: 无法加载模块:Public

[ 2016-12-12T15:51:29+08:00 ] ::1 /Wechat_media/Public/home/js/maps/swiper.jquery.js.map
INFO: [ app_init ] --START--
INFO: Run Behavior\BuildLiteBehavior [ RunTime:0.000042s ]
INFO: [ app_init ] --END-- [ RunTime:0.000701s ]
ERR: 无法加载模块:Public

[ 2016-12-12T15:51:30+08:00 ] ::1 /Wechat_media/Public/home/js/maps/swiper.jquery.js.map
INFO: [ app_init ] --START--
INFO: Run Behavior\BuildLiteBehavior [ RunTime:0.000043s ]
INFO: [ app_init ] --END-- [ RunTime:0.000868s ]
ERR: 无法加载模块:Public

[ 2016-12-12T15:52:28+08:00 ] ::1 /Wechat_media/Public/home/js/maps/swiper.jquery.js.map
INFO: [ app_init ] --START--
INFO: Run Behavior\BuildLiteBehavior [ RunTime:0.000042s ]
INFO: [ app_init ] --END-- [ RunTime:0.001018s ]
ERR: 无法加载模块:Public

[ 2016-12-12T15:56:28+08:00 ] ::1 /Wechat_media/Public/home/js/maps/swiper.jquery.js.map
INFO: [ app_init ] --START--
INFO: Run Behavior\BuildLiteBehavior [ RunTime:0.000043s ]
INFO: [ app_init ] --END-- [ RunTime:0.001087s ]
ERR: 无法加载模块:Public

[ 2016-12-12T15:56:36+08:00 ] ::1 /Wechat_media/Public/home/js/maps/swiper.jquery.js.map
INFO: [ app_init ] --START--
INFO: Run Behavior\BuildLiteBehavior [ RunTime:0.000046s ]
INFO: [ app_init ] --END-- [ RunTime:0.000998s ]
ERR: 无法加载模块:Public

[ 2016-12-12T15:57:51+08:00 ] ::1 /Wechat_media/Public/home/js/maps/swiper.jquery.js.map
INFO: [ app_init ] --START--
INFO: Run Behavior\BuildLiteBehavior [ RunTime:0.000039s ]
INFO: [ app_init ] --END-- [ RunTime:0.000816s ]
ERR: 无法加载模块:Public

[ 2016-12-12T15:57:52+08:00 ] ::1 /Wechat_media/Public/home/js/maps/swiper.jquery.js.map
INFO: [ app_init ] --START--
INFO: Run Behavior\BuildLiteBehavior [ RunTime:0.000102s ]
INFO: [ app_init ] --END-- [ RunTime:0.001425s ]
ERR: 无法加载模块:Public

[ 2016-12-12T15:57:57+08:00 ] ::1 /Wechat_media/Public/home/images/icon_nav_cell.png
INFO: [ app_init ] --START--
INFO: Run Behavior\BuildLiteBehavior [ RunTime:0.000041s ]
INFO: [ app_init ] --END-- [ RunTime:0.000809s ]
ERR: 无法加载模块:Public

[ 2016-12-12T15:57:57+08:00 ] ::1 /Wechat_media/Public/home/js/maps/swiper.jquery.js.map
INFO: [ app_init ] --START--
INFO: Run Behavior\BuildLiteBehavior [ RunTime:0.000039s ]
INFO: [ app_init ] --END-- [ RunTime:0.000841s ]
ERR: 无法加载模块:Public

[ 2016-12-12T15:58:00+08:00 ] ::1 /Wechat_media/Public/home/js/maps/swiper.jquery.js.map
INFO: [ app_init ] --START--
INFO: Run Behavior\BuildLiteBehavior [ RunTime:0.000043s ]
INFO: [ app_init ] --END-- [ RunTime:0.000797s ]
ERR: 无法加载模块:Public

[ 2016-12-12T15:58:02+08:00 ] ::1 /Wechat_media/Public/home/js/maps/swiper.jquery.js.map
INFO: [ app_init ] --START--
INFO: Run Behavior\BuildLiteBehavior [ RunTime:0.000039s ]
INFO: [ app_init ] --END-- [ RunTime:0.000796s ]
ERR: 无法加载模块:Public

[ 2016-12-12T15:58:03+08:00 ] ::1 /Wechat_media/Public/home/js/maps/swiper.jquery.js.map
INFO: [ app_init ] --START--
INFO: Run Behavior\BuildLiteBehavior [ RunTime:0.000040s ]
INFO: [ app_init ] --END-- [ RunTime:0.001157s ]
ERR: 无法加载模块:Public

[ 2016-12-12T15:58:19+08:00 ] ::1 /Wechat_media/Public/home/js/maps/swiper.jquery.js.map
INFO: [ app_init ] --START--
INFO: Run Behavior\BuildLiteBehavior [ RunTime:0.000040s ]
INFO: [ app_init ] --END-- [ RunTime:0.000665s ]
ERR: 无法加载模块:Public

[ 2016-12-12T15:59:03+08:00 ] ::1 /Wechat_media/Public/home/js/maps/swiper.jquery.js.map
INFO: [ app_init ] --START--
INFO: Run Behavior\BuildLiteBehavior [ RunTime:0.000041s ]
INFO: [ app_init ] --END-- [ RunTime:0.000803s ]
ERR: 无法加载模块:Public

[ 2016-12-12T15:59:32+08:00 ] ::1 /Wechat_media/Public/home/js/maps/swiper.jquery.js.map
INFO: [ app_init ] --START--
INFO: Run Behavior\BuildLiteBehavior [ RunTime:0.000040s ]
INFO: [ app_init ] --END-- [ RunTime:0.000825s ]
ERR: 无法加载模块:Public

[ 2016-12-12T15:59:34+08:00 ] ::1 /Wechat_media/Public/home/js/maps/swiper.jquery.js.map
INFO: [ app_init ] --START--
INFO: Run Behavior\BuildLiteBehavior [ RunTime:0.000039s ]
INFO: [ app_init ] --END-- [ RunTime:0.000797s ]
ERR: 无法加载模块:Public

[ 2016-12-12T15:59:38+08:00 ] ::1 /Wechat_media/Public/home/js/maps/swiper.jquery.js.map
INFO: [ app_init ] --START--
INFO: Run Behavior\BuildLiteBehavior [ RunTime:0.000041s ]
INFO: [ app_init ] --END-- [ RunTime:0.000835s ]
ERR: 无法加载模块:Public

[ 2016-12-12T15:59:38+08:00 ] ::1 /Wechat_media/Public/home/js/maps/swiper.jquery.js.map
INFO: [ app_init ] --START--
INFO: Run Behavior\BuildLiteBehavior [ RunTime:0.000024s ]
INFO: [ app_init ] --END-- [ RunTime:0.000408s ]
ERR: 无法加载模块:Public

[ 2016-12-12T15:59:38+08:00 ] ::1 /Wechat_media/Public/home/js/maps/swiper.jquery.js.map
INFO: [ app_init ] --START--
INFO: Run Behavior\BuildLiteBehavior [ RunTime:0.000040s ]
INFO: [ app_init ] --END-- [ RunTime:0.001486s ]
ERR: 无法加载模块:Public

[ 2016-12-12T15:59:47+08:00 ] ::1 /Wechat_media/Public/home/js/maps/swiper.jquery.js.map
INFO: [ app_init ] --START--
INFO: Run Behavior\BuildLiteBehavior [ RunTime:0.000041s ]
INFO: [ app_init ] --END-- [ RunTime:0.000858s ]
ERR: 无法加载模块:Public

[ 2016-12-12T15:59:52+08:00 ] ::1 /Wechat_media/Public/home/js/maps/swiper.jquery.js.map
INFO: [ app_init ] --START--
INFO: Run Behavior\BuildLiteBehavior [ RunTime:0.000044s ]
INFO: [ app_init ] --END-- [ RunTime:0.000811s ]
ERR: 无法加载模块:Public

[ 2016-12-12T15:59:53+08:00 ] ::1 /Wechat_media/Public/home/js/maps/swiper.jquery.js.map
INFO: [ app_init ] --START--
INFO: Run Behavior\BuildLiteBehavior [ RunTime:0.000039s ]
INFO: [ app_init ] --END-- [ RunTime:0.000809s ]
ERR: 无法加载模块:Public

[ 2016-12-12T15:59:56+08:00 ] ::1 /Wechat_media/Public/home/js/maps/swiper.jquery.js.map
INFO: [ app_init ] --START--
INFO: Run Behavior\BuildLiteBehavior [ RunTime:0.000043s ]
INFO: [ app_init ] --END-- [ RunTime:0.000879s ]
ERR: 无法加载模块:Public

[ 2016-12-12T15:59:59+08:00 ] ::1 /Wechat_media/Public/home/js/maps/swiper.jquery.js.map
INFO: [ app_init ] --START--
INFO: Run Behavior\BuildLiteBehavior [ RunTime:0.000042s ]
INFO: [ app_init ] --END-- [ RunTime:0.000894s ]
ERR: 无法加载模块:Public

[ 2016-12-12T16:01:04+08:00 ] ::1 /Wechat_media/Public/home/js/maps/swiper.jquery.js.map
INFO: [ app_init ] --START--
INFO: Run Behavior\BuildLiteBehavior [ RunTime:0.000037s ]
INFO: [ app_init ] --END-- [ RunTime:0.000590s ]
ERR: 无法加载模块:Public

[ 2016-12-12T16:01:05+08:00 ] ::1 /Wechat_media/Public/home/js/maps/swiper.jquery.js.map
INFO: [ app_init ] --START--
INFO: Run Behavior\BuildLiteBehavior [ RunTime:0.000041s ]
INFO: [ app_init ] --END-- [ RunTime:0.000600s ]
ERR: 无法加载模块:Public

[ 2016-12-12T16:01:37+08:00 ] ::1 /Wechat_media/Public/home/js/maps/swiper.jquery.js.map
INFO: [ app_init ] --START--
INFO: Run Behavior\BuildLiteBehavior [ RunTime:0.000043s ]
INFO: [ app_init ] --END-- [ RunTime:0.000858s ]
ERR: 无法加载模块:Public

[ 2016-12-12T16:02:00+08:00 ] ::1 /Wechat_media/Public/home/js/maps/swiper.jquery.js.map
INFO: [ app_init ] --START--
INFO: Run Behavior\BuildLiteBehavior [ RunTime:0.000055s ]
INFO: [ app_init ] --END-- [ RunTime:0.000980s ]
ERR: 无法加载模块:Public

[ 2016-12-12T16:02:34+08:00 ] ::1 /Wechat_media/Public/home/js/maps/swiper.jquery.js.map
INFO: [ app_init ] --START--
INFO: Run Behavior\BuildLiteBehavior [ RunTime:0.000052s ]
INFO: [ app_init ] --END-- [ RunTime:0.002450s ]
ERR: 无法加载模块:Public

[ 2016-12-12T16:02:56+08:00 ] ::1 /Wechat_media/Public/home/js/maps/swiper.jquery.js.map
INFO: [ app_init ] --START--
INFO: Run Behavior\BuildLiteBehavior [ RunTime:0.000046s ]
INFO: [ app_init ] --END-- [ RunTime:0.000931s ]
ERR: 无法加载模块:Public

[ 2016-12-12T16:02:56+08:00 ] ::1 /Wechat_media/Public/home/js/maps/swiper.jquery.js.map
INFO: [ app_init ] --START--
INFO: Run Behavior\BuildLiteBehavior [ RunTime:0.000040s ]
INFO: [ app_init ] --END-- [ RunTime:0.000853s ]
ERR: 无法加载模块:Public

[ 2016-12-12T16:03:16+08:00 ] ::1 /Wechat_media/Public/home/js/maps/swiper.jquery.js.map
INFO: [ app_init ] --START--
INFO: Run Behavior\BuildLiteBehavior [ RunTime:0.000040s ]
INFO: [ app_init ] --END-- [ RunTime:0.000843s ]
ERR: 无法加载模块:Public

[ 2016-12-12T16:03:24+08:00 ] ::1 /Wechat_media/Public/home/js/maps/swiper.jquery.js.map
INFO: [ app_init ] --START--
INFO: Run Behavior\BuildLiteBehavior [ RunTime:0.000026s ]
INFO: [ app_init ] --END-- [ RunTime:0.000711s ]
ERR: 无法加载模块:Public

[ 2016-12-12T16:03:26+08:00 ] ::1 /Wechat_media/Public/home/js/maps/swiper.jquery.js.map
INFO: [ app_init ] --START--
INFO: Run Behavior\BuildLiteBehavior [ RunTime:0.000050s ]
INFO: [ app_init ] --END-- [ RunTime:0.001587s ]
ERR: 无法加载模块:Public

[ 2016-12-12T16:03:27+08:00 ] ::1 /Wechat_media/Public/home/js/maps/swiper.jquery.js.map
INFO: [ app_init ] --START--
INFO: Run Behavior\BuildLiteBehavior [ RunTime:0.000041s ]
INFO: [ app_init ] --END-- [ RunTime:0.000802s ]
ERR: 无法加载模块:Public

[ 2016-12-12T16:03:30+08:00 ] ::1 /Wechat_media/Public/home/js/maps/swiper.jquery.js.map
INFO: [ app_init ] --START--
INFO: Run Behavior\BuildLiteBehavior [ RunTime:0.000042s ]
INFO: [ app_init ] --END-- [ RunTime:0.000902s ]
ERR: 无法加载模块:Public

[ 2016-12-12T16:03:33+08:00 ] ::1 /Wechat_media/Public/home/js/maps/swiper.jquery.js.map
INFO: [ app_init ] --START--
INFO: Run Behavior\BuildLiteBehavior [ RunTime:0.000025s ]
INFO: [ app_init ] --END-- [ RunTime:0.000504s ]
ERR: 无法加载模块:Public

[ 2016-12-12T16:03:34+08:00 ] ::1 /Wechat_media/Public/home/js/maps/swiper.jquery.js.map
INFO: [ app_init ] --START--
INFO: Run Behavior\BuildLiteBehavior [ RunTime:0.000040s ]
INFO: [ app_init ] --END-- [ RunTime:0.000839s ]
ERR: 无法加载模块:Public

[ 2016-12-12T16:03:53+08:00 ] ::1 /Wechat_media/Public/home/js/maps/swiper.jquery.js.map
INFO: [ app_init ] --START--
INFO: Run Behavior\BuildLiteBehavior [ RunTime:0.000043s ]
INFO: [ app_init ] --END-- [ RunTime:0.000842s ]
ERR: 无法加载模块:Public

[ 2016-12-12T16:03:54+08:00 ] ::1 /Wechat_media/Public/home/js/maps/swiper.jquery.js.map
INFO: [ app_init ] --START--
INFO: Run Behavior\BuildLiteBehavior [ RunTime:0.000045s ]
INFO: [ app_init ] --END-- [ RunTime:0.001204s ]
ERR: 无法加载模块:Public

[ 2016-12-12T16:03:56+08:00 ] ::1 /Wechat_media/Public/home/js/maps/swiper.jquery.js.map
INFO: [ app_init ] --START--
INFO: Run Behavior\BuildLiteBehavior [ RunTime:0.000041s ]
INFO: [ app_init ] --END-- [ RunTime:0.000967s ]
ERR: 无法加载模块:Public

[ 2016-12-12T16:03:59+08:00 ] ::1 /Wechat_media/Public/home/js/maps/swiper.jquery.js.map
INFO: [ app_init ] --START--
INFO: Run Behavior\BuildLiteBehavior [ RunTime:0.000057s ]
INFO: [ app_init ] --END-- [ RunTime:0.000964s ]
ERR: 无法加载模块:Public

[ 2016-12-12T16:04:29+08:00 ] ::1 /Wechat_media/Public/home/js/maps/swiper.jquery.js.map
INFO: [ app_init ] --START--
INFO: Run Behavior\BuildLiteBehavior [ RunTime:0.000050s ]
INFO: [ app_init ] --END-- [ RunTime:0.000910s ]
ERR: 无法加载模块:Public

[ 2016-12-12T16:04:31+08:00 ] ::1 /Wechat_media/Public/home/js/maps/swiper.jquery.js.map
INFO: [ app_init ] --START--
INFO: Run Behavior\BuildLiteBehavior [ RunTime:0.000042s ]
INFO: [ app_init ] --END-- [ RunTime:0.000823s ]
ERR: 无法加载模块:Public

[ 2016-12-12T16:04:31+08:00 ] ::1 /Wechat_media/Public/home/js/maps/swiper.jquery.js.map
INFO: [ app_init ] --START--
INFO: Run Behavior\BuildLiteBehavior [ RunTime:0.000037s ]
INFO: [ app_init ] --END-- [ RunTime:0.000560s ]
ERR: 无法加载模块:Public

[ 2016-12-12T16:04:50+08:00 ] ::1 /Wechat_media/Public/home/js/maps/swiper.jquery.js.map
INFO: [ app_init ] --START--
INFO: Run Behavior\BuildLiteBehavior [ RunTime:0.000025s ]
INFO: [ app_init ] --END-- [ RunTime:0.000474s ]
ERR: 无法加载模块:Public

[ 2016-12-12T16:04:59+08:00 ] ::1 /Wechat_media/Public/home/js/maps/swiper.jquery.js.map
INFO: [ app_init ] --START--
INFO: Run Behavior\BuildLiteBehavior [ RunTime:0.000042s ]
INFO: [ app_init ] --END-- [ RunTime:0.000963s ]
ERR: 无法加载模块:Public

[ 2016-12-12T16:05:42+08:00 ] ::1 /Wechat_media/Public/home/js/maps/swiper.jquery.js.map
INFO: [ app_init ] --START--
INFO: Run Behavior\BuildLiteBehavior [ RunTime:0.000042s ]
INFO: [ app_init ] --END-- [ RunTime:0.000878s ]
ERR: 无法加载模块:Public

[ 2016-12-12T16:06:10+08:00 ] ::1 /Wechat_media/Public/home/js/maps/swiper.jquery.js.map
INFO: [ app_init ] --START--
INFO: Run Behavior\BuildLiteBehavior [ RunTime:0.000039s ]
INFO: [ app_init ] --END-- [ RunTime:0.000917s ]
ERR: 无法加载模块:Public

[ 2016-12-12T16:08:34+08:00 ] ::1 /Wechat_media/Public/home/js/maps/swiper.jquery.js.map
INFO: [ app_init ] --START--
INFO: Run Behavior\BuildLiteBehavior [ RunTime:0.000042s ]
INFO: [ app_init ] --END-- [ RunTime:0.000882s ]
ERR: 无法加载模块:Public

[ 2016-12-12T16:08:54+08:00 ] ::1 /Wechat_media/Public/home/js/maps/swiper.jquery.js.map
INFO: [ app_init ] --START--
INFO: Run Behavior\BuildLiteBehavior [ RunTime:0.000044s ]
INFO: [ app_init ] --END-- [ RunTime:0.000898s ]
ERR: 无法加载模块:Public

[ 2016-12-12T16:09:12+08:00 ] ::1 /Wechat_media/Public/home/js/maps/swiper.jquery.js.map
INFO: [ app_init ] --START--
INFO: Run Behavior\BuildLiteBehavior [ RunTime:0.000044s ]
INFO: [ app_init ] --END-- [ RunTime:0.000915s ]
ERR: 无法加载模块:Public

[ 2016-12-12T16:09:12+08:00 ] ::1 /Wechat_media/Public/home/js/maps/swiper.jquery.js.map
INFO: [ app_init ] --START--
INFO: Run Behavior\BuildLiteBehavior [ RunTime:0.000035s ]
INFO: [ app_init ] --END-- [ RunTime:0.000731s ]
ERR: 无法加载模块:Public

[ 2016-12-12T16:09:13+08:00 ] ::1 /Wechat_media/Public/home/js/maps/swiper.jquery.js.map
INFO: [ app_init ] --START--
INFO: Run Behavior\BuildLiteBehavior [ RunTime:0.000025s ]
INFO: [ app_init ] --END-- [ RunTime:0.000738s ]
ERR: 无法加载模块:Public

[ 2016-12-12T16:09:14+08:00 ] ::1 /Wechat_media/Public/home/images/icon_nav_cell.png
INFO: [ app_init ] --START--
INFO: Run Behavior\BuildLiteBehavior [ RunTime:0.000046s ]
INFO: [ app_init ] --END-- [ RunTime:0.000933s ]
ERR: 无法加载模块:Public

[ 2016-12-12T16:09:14+08:00 ] ::1 /Wechat_media/Public/home/js/maps/swiper.jquery.js.map
INFO: [ app_init ] --START--
INFO: Run Behavior\BuildLiteBehavior [ RunTime:0.000048s ]
INFO: [ app_init ] --END-- [ RunTime:0.001050s ]
ERR: 无法加载模块:Public

[ 2016-12-12T16:09:16+08:00 ] ::1 /Wechat_media/Public/home/js/maps/swiper.jquery.js.map
INFO: [ app_init ] --START--
INFO: Run Behavior\BuildLiteBehavior [ RunTime:0.000044s ]
INFO: [ app_init ] --END-- [ RunTime:0.000934s ]
ERR: 无法加载模块:Public

[ 2016-12-12T16:09:16+08:00 ] ::1 /Wechat_media/Public/home/js/maps/swiper.jquery.js.map
INFO: [ app_init ] --START--
INFO: Run Behavior\BuildLiteBehavior [ RunTime:0.000033s ]
INFO: [ app_init ] --END-- [ RunTime:0.000671s ]
ERR: 无法加载模块:Public

[ 2016-12-12T16:09:18+08:00 ] ::1 /Wechat_media/Public/home/js/maps/swiper.jquery.js.map
INFO: [ app_init ] --START--
INFO: Run Behavior\BuildLiteBehavior [ RunTime:0.000036s ]
INFO: [ app_init ] --END-- [ RunTime:0.000729s ]
ERR: 无法加载模块:Public

[ 2016-12-12T16:09:19+08:00 ] ::1 /Wechat_media/Public/home/js/maps/swiper.jquery.js.map
INFO: [ app_init ] --START--
INFO: Run Behavior\BuildLiteBehavior [ RunTime:0.000037s ]
INFO: [ app_init ] --END-- [ RunTime:0.000738s ]
ERR: 无法加载模块:Public

[ 2016-12-12T16:09:21+08:00 ] ::1 /Wechat_media/Public/home/js/maps/swiper.jquery.js.map
INFO: [ app_init ] --START--
INFO: Run Behavior\BuildLiteBehavior [ RunTime:0.000080s ]
INFO: [ app_init ] --END-- [ RunTime:0.001798s ]
ERR: 无法加载模块:Public

[ 2016-12-12T16:09:22+08:00 ] ::1 /Wechat_media/Public/home/js/maps/swiper.jquery.js.map
INFO: [ app_init ] --START--
INFO: Run Behavior\BuildLiteBehavior [ RunTime:0.000027s ]
INFO: [ app_init ] --END-- [ RunTime:0.000817s ]
ERR: 无法加载模块:Public

[ 2016-12-12T16:09:23+08:00 ] ::1 /Wechat_media/Public/home/js/maps/swiper.jquery.js.map
INFO: [ app_init ] --START--
INFO: Run Behavior\BuildLiteBehavior [ RunTime:0.000025s ]
INFO: [ app_init ] --END-- [ RunTime:0.000499s ]
ERR: 无法加载模块:Public

[ 2016-12-12T16:09:25+08:00 ] ::1 /Wechat_media/Public/home/js/maps/swiper.jquery.js.map
INFO: [ app_init ] --START--
INFO: Run Behavior\BuildLiteBehavior [ RunTime:0.000037s ]
INFO: [ app_init ] --END-- [ RunTime:0.001015s ]
ERR: 无法加载模块:Public

[ 2016-12-12T16:10:01+08:00 ] ::1 /Wechat_media/Public/home/js/maps/swiper.jquery.js.map
INFO: [ app_init ] --START--
INFO: Run Behavior\BuildLiteBehavior [ RunTime:0.000025s ]
INFO: [ app_init ] --END-- [ RunTime:0.000517s ]
ERR: 无法加载模块:Public

[ 2016-12-12T16:10:37+08:00 ] ::1 /Wechat_media/Public/home/js/maps/swiper.jquery.js.map
INFO: [ app_init ] --START--
INFO: Run Behavior\BuildLiteBehavior [ RunTime:0.000086s ]
INFO: [ app_init ] --END-- [ RunTime:0.001862s ]
ERR: 无法加载模块:Public

[ 2016-12-12T16:21:48+08:00 ] ::1 /Wechat_media/Public/home/js/maps/swiper.jquery.js.map
INFO: [ app_init ] --START--
INFO: Run Behavior\BuildLiteBehavior [ RunTime:0.000071s ]
INFO: [ app_init ] --END-- [ RunTime:0.000867s ]
ERR: 无法加载模块:Public

[ 2016-12-12T16:21:48+08:00 ] ::1 /Wechat_media/Public/home/js/maps/swiper.jquery.js.map
INFO: [ app_init ] --START--
INFO: Run Behavior\BuildLiteBehavior [ RunTime:0.000042s ]
INFO: [ app_init ] --END-- [ RunTime:0.000918s ]
ERR: 无法加载模块:Public

[ 2016-12-12T16:21:49+08:00 ] ::1 /Wechat_media/Public/home/js/maps/swiper.jquery.js.map
INFO: [ app_init ] --START--
INFO: Run Behavior\BuildLiteBehavior [ RunTime:0.000037s ]
INFO: [ app_init ] --END-- [ RunTime:0.000610s ]
ERR: 无法加载模块:Public

[ 2016-12-12T16:21:49+08:00 ] ::1 /Wechat_media/Public/home/js/maps/swiper.jquery.js.map
INFO: [ app_init ] --START--
INFO: Run Behavior\BuildLiteBehavior [ RunTime:0.000085s ]
INFO: [ app_init ] --END-- [ RunTime:0.001736s ]
ERR: 无法加载模块:Public

[ 2016-12-12T16:22:31+08:00 ] ::1 /Wechat_media/Public/home/js/maps/swiper.jquery.js.map
INFO: [ app_init ] --START--
INFO: Run Behavior\BuildLiteBehavior [ RunTime:0.000037s ]
INFO: [ app_init ] --END-- [ RunTime:0.000896s ]
ERR: 无法加载模块:Public

[ 2016-12-12T16:22:32+08:00 ] ::1 /Wechat_media/Public/home/js/maps/swiper.jquery.js.map
INFO: [ app_init ] --START--
INFO: Run Behavior\BuildLiteBehavior [ RunTime:0.000043s ]
INFO: [ app_init ] --END-- [ RunTime:0.000880s ]
ERR: 无法加载模块:Public

[ 2016-12-12T16:22:32+08:00 ] ::1 /Wechat_media/Public/home/js/maps/swiper.jquery.js.map
INFO: [ app_init ] --START--
INFO: Run Behavior\BuildLiteBehavior [ RunTime:0.000041s ]
INFO: [ app_init ] --END-- [ RunTime:0.000775s ]
ERR: 无法加载模块:Public

[ 2016-12-12T16:22:40+08:00 ] ::1 /Wechat_media/Public/home/js/maps/swiper.jquery.js.map
INFO: [ app_init ] --START--
INFO: Run Behavior\BuildLiteBehavior [ RunTime:0.000038s ]
INFO: [ app_init ] --END-- [ RunTime:0.000750s ]
ERR: 无法加载模块:Public

[ 2016-12-12T16:22:40+08:00 ] ::1 /Wechat_media/Public/home/js/maps/swiper.jquery.js.map
INFO: [ app_init ] --START--
INFO: Run Behavior\BuildLiteBehavior [ RunTime:0.000045s ]
INFO: [ app_init ] --END-- [ RunTime:0.000734s ]
ERR: 无法加载模块:Public

[ 2016-12-12T16:22:40+08:00 ] ::1 /Wechat_media/Public/home/js/maps/swiper.jquery.js.map
INFO: [ app_init ] --START--
INFO: Run Behavior\BuildLiteBehavior [ RunTime:0.000040s ]
INFO: [ app_init ] --END-- [ RunTime:0.000640s ]
ERR: 无法加载模块:Public

[ 2016-12-12T16:22:51+08:00 ] ::1 /Wechat_media/Public/home/js/maps/swiper.jquery.js.map
INFO: [ app_init ] --START--
INFO: Run Behavior\BuildLiteBehavior [ RunTime:0.000100s ]
INFO: [ app_init ] --END-- [ RunTime:0.001473s ]
ERR: 无法加载模块:Public

[ 2016-12-12T16:24:58+08:00 ] ::1 /Wechat_media/Public/home/js/maps/swiper.jquery.js.map
INFO: [ app_init ] --START--
INFO: Run Behavior\BuildLiteBehavior [ RunTime:0.000024s ]
INFO: [ app_init ] --END-- [ RunTime:0.000492s ]
ERR: 无法加载模块:Public

[ 2016-12-12T16:24:58+08:00 ] ::1 /Wechat_media/Public/home/js/maps/swiper.jquery.js.map
INFO: [ app_init ] --START--
INFO: Run Behavior\BuildLiteBehavior [ RunTime:0.000044s ]
INFO: [ app_init ] --END-- [ RunTime:0.000830s ]
ERR: 无法加载模块:Public

[ 2016-12-12T16:24:59+08:00 ] ::1 /Wechat_media/Public/home/js/maps/swiper.jquery.js.map
INFO: [ app_init ] --START--
INFO: Run Behavior\BuildLiteBehavior [ RunTime:0.000062s ]
INFO: [ app_init ] --END-- [ RunTime:0.000898s ]
ERR: 无法加载模块:Public

[ 2016-12-12T16:24:59+08:00 ] ::1 /Wechat_media/Public/home/js/maps/swiper.jquery.js.map
INFO: [ app_init ] --START--
INFO: Run Behavior\BuildLiteBehavior [ RunTime:0.000046s ]
INFO: [ app_init ] --END-- [ RunTime:0.000748s ]
ERR: 无法加载模块:Public

[ 2016-12-12T16:24:59+08:00 ] ::1 /Wechat_media/Public/home/js/maps/swiper.jquery.js.map
INFO: [ app_init ] --START--
INFO: Run Behavior\BuildLiteBehavior [ RunTime:0.000024s ]
INFO: [ app_init ] --END-- [ RunTime:0.000499s ]
ERR: 无法加载模块:Public

[ 2016-12-12T16:25:57+08:00 ] ::1 /Wechat_media/Public/home/js/maps/swiper.jquery.js.map
INFO: [ app_init ] --START--
INFO: Run Behavior\BuildLiteBehavior [ RunTime:0.000043s ]
INFO: [ app_init ] --END-- [ RunTime:0.000901s ]
ERR: 无法加载模块:Public

[ 2016-12-12T16:25:57+08:00 ] ::1 /Wechat_media/Public/home/js/maps/swiper.jquery.js.map
INFO: [ app_init ] --START--
INFO: Run Behavior\BuildLiteBehavior [ RunTime:0.000036s ]
INFO: [ app_init ] --END-- [ RunTime:0.000730s ]
ERR: 无法加载模块:Public

[ 2016-12-12T16:25:57+08:00 ] ::1 /Wechat_media/Public/home/js/maps/swiper.jquery.js.map
INFO: [ app_init ] --START--
INFO: Run Behavior\BuildLiteBehavior [ RunTime:0.000040s ]
INFO: [ app_init ] --END-- [ RunTime:0.000798s ]
ERR: 无法加载模块:Public

[ 2016-12-12T16:25:57+08:00 ] ::1 /Wechat_media/Public/home/js/maps/swiper.jquery.js.map
INFO: [ app_init ] --START--
INFO: Run Behavior\BuildLiteBehavior [ RunTime:0.000065s ]
INFO: [ app_init ] --END-- [ RunTime:0.000957s ]
ERR: 无法加载模块:Public

[ 2016-12-12T16:25:58+08:00 ] ::1 /Wechat_media/Public/home/images/icon_nav_cell.png
INFO: [ app_init ] --START--
INFO: Run Behavior\BuildLiteBehavior [ RunTime:0.000044s ]
INFO: [ app_init ] --END-- [ RunTime:0.000903s ]
ERR: 无法加载模块:Public

[ 2016-12-12T16:25:58+08:00 ] ::1 /Wechat_media/Public/home/js/maps/swiper.jquery.js.map
INFO: [ app_init ] --START--
INFO: Run Behavior\BuildLiteBehavior [ RunTime:0.000040s ]
INFO: [ app_init ] --END-- [ RunTime:0.000833s ]
ERR: 无法加载模块:Public

[ 2016-12-12T16:25:59+08:00 ] ::1 /Wechat_media/Public/home/js/maps/swiper.jquery.js.map
INFO: [ app_init ] --START--
INFO: Run Behavior\BuildLiteBehavior [ RunTime:0.000043s ]
INFO: [ app_init ] --END-- [ RunTime:0.000887s ]
ERR: 无法加载模块:Public

[ 2016-12-12T16:26:00+08:00 ] ::1 /Wechat_media/Public/home/js/maps/swiper.jquery.js.map
INFO: [ app_init ] --START--
INFO: Run Behavior\BuildLiteBehavior [ RunTime:0.000041s ]
INFO: [ app_init ] --END-- [ RunTime:0.000813s ]
ERR: 无法加载模块:Public

[ 2016-12-12T16:26:36+08:00 ] ::1 /Wechat_media/Public/home/js/maps/swiper.jquery.js.map
INFO: [ app_init ] --START--
INFO: Run Behavior\BuildLiteBehavior [ RunTime:0.000052s ]
INFO: [ app_init ] --END-- [ RunTime:0.000980s ]
ERR: 无法加载模块:Public

[ 2016-12-12T16:26:36+08:00 ] ::1 /Wechat_media/Public/home/js/maps/swiper.jquery.js.map
INFO: [ app_init ] --START--
INFO: Run Behavior\BuildLiteBehavior [ RunTime:0.000047s ]
INFO: [ app_init ] --END-- [ RunTime:0.000834s ]
ERR: 无法加载模块:Public

[ 2016-12-12T16:26:37+08:00 ] ::1 /Wechat_media/Public/home/js/maps/swiper.jquery.js.map
INFO: [ app_init ] --START--
INFO: Run Behavior\BuildLiteBehavior [ RunTime:0.000046s ]
INFO: [ app_init ] --END-- [ RunTime:0.000885s ]
ERR: 无法加载模块:Public

[ 2016-12-12T16:26:38+08:00 ] ::1 /Wechat_media/Public/home/js/maps/swiper.jquery.js.map
INFO: [ app_init ] --START--
INFO: Run Behavior\BuildLiteBehavior [ RunTime:0.000048s ]
INFO: [ app_init ] --END-- [ RunTime:0.000951s ]
ERR: 无法加载模块:Public

[ 2016-12-12T16:26:39+08:00 ] ::1 /Wechat_media/Public/home/js/maps/swiper.jquery.js.map
INFO: [ app_init ] --START--
INFO: Run Behavior\BuildLiteBehavior [ RunTime:0.000052s ]
INFO: [ app_init ] --END-- [ RunTime:0.001032s ]
ERR: 无法加载模块:Public

[ 2016-12-12T16:26:39+08:00 ] ::1 /Wechat_media/Public/home/js/maps/swiper.jquery.js.map
INFO: [ app_init ] --START--
INFO: Run Behavior\BuildLiteBehavior [ RunTime:0.000050s ]
INFO: [ app_init ] --END-- [ RunTime:0.000966s ]
ERR: 无法加载模块:Public

[ 2016-12-12T16:26:40+08:00 ] ::1 /Wechat_media/Public/home/js/maps/swiper.jquery.js.map
INFO: [ app_init ] --START--
INFO: Run Behavior\BuildLiteBehavior [ RunTime:0.000050s ]
INFO: [ app_init ] --END-- [ RunTime:0.001000s ]
ERR: 无法加载模块:Public

[ 2016-12-12T16:26:41+08:00 ] ::1 /Wechat_media/Public/home/js/maps/swiper.jquery.js.map
INFO: [ app_init ] --START--
INFO: Run Behavior\BuildLiteBehavior [ RunTime:0.000048s ]
INFO: [ app_init ] --END-- [ RunTime:0.001616s ]
ERR: 无法加载模块:Public

[ 2016-12-12T16:26:42+08:00 ] ::1 /Wechat_media/Public/home/js/maps/swiper.jquery.js.map
INFO: [ app_init ] --START--
INFO: Run Behavior\BuildLiteBehavior [ RunTime:0.000030s ]
INFO: [ app_init ] --END-- [ RunTime:0.000730s ]
ERR: 无法加载模块:Public

[ 2016-12-12T16:26:44+08:00 ] ::1 /Wechat_media/Public/home/js/maps/swiper.jquery.js.map
INFO: [ app_init ] --START--
INFO: Run Behavior\BuildLiteBehavior [ RunTime:0.000024s ]
INFO: [ app_init ] --END-- [ RunTime:0.000510s ]
ERR: 无法加载模块:Public

[ 2016-12-12T16:26:47+08:00 ] ::1 /Wechat_media/Public/home/js/maps/swiper.jquery.js.map
INFO: [ app_init ] --START--
INFO: Run Behavior\BuildLiteBehavior [ RunTime:0.000024s ]
INFO: [ app_init ] --END-- [ RunTime:0.000497s ]
ERR: 无法加载模块:Public

[ 2016-12-12T16:26:48+08:00 ] ::1 /Wechat_media/Public/home/js/maps/swiper.jquery.js.map
INFO: [ app_init ] --START--
INFO: Run Behavior\BuildLiteBehavior [ RunTime:0.000040s ]
INFO: [ app_init ] --END-- [ RunTime:0.000651s ]
ERR: 无法加载模块:Public

[ 2016-12-12T16:26:50+08:00 ] ::1 /Wechat_media/Public/home/js/maps/swiper.jquery.js.map
INFO: [ app_init ] --START--
INFO: Run Behavior\BuildLiteBehavior [ RunTime:0.000043s ]
INFO: [ app_init ] --END-- [ RunTime:0.000917s ]
ERR: 无法加载模块:Public

[ 2016-12-12T16:26:53+08:00 ] ::1 /Wechat_media/Public/home/js/maps/swiper.jquery.js.map
INFO: [ app_init ] --START--
INFO: Run Behavior\BuildLiteBehavior [ RunTime:0.000038s ]
INFO: [ app_init ] --END-- [ RunTime:0.000777s ]
ERR: 无法加载模块:Public

[ 2016-12-12T16:26:55+08:00 ] ::1 /Wechat_media/Public/home/images/icon_nav_cell.png
INFO: [ app_init ] --START--
INFO: Run Behavior\BuildLiteBehavior [ RunTime:0.000035s ]
INFO: [ app_init ] --END-- [ RunTime:0.000714s ]
ERR: 无法加载模块:Public

[ 2016-12-12T16:26:55+08:00 ] ::1 /Wechat_media/Public/home/js/maps/swiper.jquery.js.map
INFO: [ app_init ] --START--
INFO: Run Behavior\BuildLiteBehavior [ RunTime:0.000025s ]
INFO: [ app_init ] --END-- [ RunTime:0.000539s ]
ERR: 无法加载模块:Public

[ 2016-12-12T16:27:00+08:00 ] ::1 /Wechat_media/Public/home/js/maps/swiper.jquery.js.map
INFO: [ app_init ] --START--
INFO: Run Behavior\BuildLiteBehavior [ RunTime:0.000024s ]
INFO: [ app_init ] --END-- [ RunTime:0.000498s ]
ERR: 无法加载模块:Public

[ 2016-12-12T16:27:02+08:00 ] ::1 /Wechat_media/Public/home/js/maps/swiper.jquery.js.map
INFO: [ app_init ] --START--
INFO: Run Behavior\BuildLiteBehavior [ RunTime:0.000037s ]
INFO: [ app_init ] --END-- [ RunTime:0.000728s ]
ERR: 无法加载模块:Public

[ 2016-12-12T16:27:07+08:00 ] ::1 /Wechat_media/Public/home/js/maps/swiper.jquery.js.map
INFO: [ app_init ] --START--
INFO: Run Behavior\BuildLiteBehavior [ RunTime:0.000024s ]
INFO: [ app_init ] --END-- [ RunTime:0.000505s ]
ERR: 无法加载模块:Public

[ 2016-12-12T16:27:11+08:00 ] ::1 /Wechat_media/Public/home/js/maps/swiper.jquery.js.map
INFO: [ app_init ] --START--
INFO: Run Behavior\BuildLiteBehavior [ RunTime:0.000025s ]
INFO: [ app_init ] --END-- [ RunTime:0.000534s ]
ERR: 无法加载模块:Public

[ 2016-12-12T16:27:12+08:00 ] ::1 /Wechat_media/Public/home/js/maps/swiper.jquery.js.map
INFO: [ app_init ] --START--
INFO: Run Behavior\BuildLiteBehavior [ RunTime:0.000024s ]
INFO: [ app_init ] --END-- [ RunTime:0.000512s ]
ERR: 无法加载模块:Public

[ 2016-12-12T16:27:13+08:00 ] ::1 /Wechat_media/Public/home/js/maps/swiper.jquery.js.map
INFO: [ app_init ] --START--
INFO: Run Behavior\BuildLiteBehavior [ RunTime:0.000024s ]
INFO: [ app_init ] --END-- [ RunTime:0.000491s ]
ERR: 无法加载模块:Public

[ 2016-12-12T16:27:14+08:00 ] ::1 /Wechat_media/Public/home/js/maps/swiper.jquery.js.map
INFO: [ app_init ] --START--
INFO: Run Behavior\BuildLiteBehavior [ RunTime:0.000024s ]
INFO: [ app_init ] --END-- [ RunTime:0.000495s ]
ERR: 无法加载模块:Public

[ 2016-12-12T16:27:58+08:00 ] ::1 /Wechat_media/Public/home/js/maps/swiper.jquery.js.map
INFO: [ app_init ] --START--
INFO: Run Behavior\BuildLiteBehavior [ RunTime:0.000035s ]
INFO: [ app_init ] --END-- [ RunTime:0.000699s ]
ERR: 无法加载模块:Public

[ 2016-12-12T16:27:59+08:00 ] ::1 /Wechat_media/Public/home/js/maps/swiper.jquery.js.map
INFO: [ app_init ] --START--
INFO: Run Behavior\BuildLiteBehavior [ RunTime:0.000039s ]
INFO: [ app_init ] --END-- [ RunTime:0.000815s ]
ERR: 无法加载模块:Public

[ 2016-12-12T16:28:50+08:00 ] ::1 /Wechat_media/Public/home/images/icon_nav_cell.png
INFO: [ app_init ] --START--
INFO: Run Behavior\BuildLiteBehavior [ RunTime:0.000042s ]
INFO: [ app_init ] --END-- [ RunTime:0.000801s ]
ERR: 无法加载模块:Public

[ 2016-12-12T16:28:51+08:00 ] ::1 /Wechat_media/Public/home/js/maps/swiper.jquery.js.map
INFO: [ app_init ] --START--
INFO: Run Behavior\BuildLiteBehavior [ RunTime:0.000025s ]
INFO: [ app_init ] --END-- [ RunTime:0.000528s ]
ERR: 无法加载模块:Public

[ 2016-12-12T16:28:52+08:00 ] ::1 /Wechat_media/Public/home/js/maps/swiper.jquery.js.map
INFO: [ app_init ] --START--
INFO: Run Behavior\BuildLiteBehavior [ RunTime:0.000038s ]
INFO: [ app_init ] --END-- [ RunTime:0.000739s ]
ERR: 无法加载模块:Public

[ 2016-12-12T16:28:53+08:00 ] ::1 /Wechat_media/Public/home/js/maps/swiper.jquery.js.map
INFO: [ app_init ] --START--
INFO: Run Behavior\BuildLiteBehavior [ RunTime:0.000024s ]
INFO: [ app_init ] --END-- [ RunTime:0.000497s ]
ERR: 无法加载模块:Public

[ 2016-12-12T16:28:55+08:00 ] ::1 /Wechat_media/Public/home/images/icon_nav_cell.png
INFO: [ app_init ] --START--
INFO: Run Behavior\BuildLiteBehavior [ RunTime:0.000041s ]
INFO: [ app_init ] --END-- [ RunTime:0.000833s ]
ERR: 无法加载模块:Public

[ 2016-12-12T16:28:55+08:00 ] ::1 /Wechat_media/Public/home/js/maps/swiper.jquery.js.map
INFO: [ app_init ] --START--
INFO: Run Behavior\BuildLiteBehavior [ RunTime:0.000038s ]
INFO: [ app_init ] --END-- [ RunTime:0.000706s ]
ERR: 无法加载模块:Public

[ 2016-12-12T16:28:58+08:00 ] ::1 /Wechat_media/Public/home/js/maps/swiper.jquery.js.map
INFO: [ app_init ] --START--
INFO: Run Behavior\BuildLiteBehavior [ RunTime:0.000024s ]
INFO: [ app_init ] --END-- [ RunTime:0.000498s ]
ERR: 无法加载模块:Public

[ 2016-12-12T16:28:59+08:00 ] ::1 /Wechat_media/Public/home/js/maps/swiper.jquery.js.map
INFO: [ app_init ] --START--
INFO: Run Behavior\BuildLiteBehavior [ RunTime:0.000023s ]
INFO: [ app_init ] --END-- [ RunTime:0.000499s ]
ERR: 无法加载模块:Public

[ 2016-12-12T16:29:00+08:00 ] ::1 /Wechat_media/Public/home/js/maps/swiper.jquery.js.map
INFO: [ app_init ] --START--
INFO: Run Behavior\BuildLiteBehavior [ RunTime:0.000024s ]
INFO: [ app_init ] --END-- [ RunTime:0.000493s ]
ERR: 无法加载模块:Public

[ 2016-12-12T16:29:01+08:00 ] ::1 /Wechat_media/Public/home/js/maps/swiper.jquery.js.map
INFO: [ app_init ] --START--
INFO: Run Behavior\BuildLiteBehavior [ RunTime:0.000042s ]
INFO: [ app_init ] --END-- [ RunTime:0.000871s ]
ERR: 无法加载模块:Public

[ 2016-12-12T16:29:10+08:00 ] ::1 /Wechat_media/Public/home/js/maps/swiper.jquery.js.map
INFO: [ app_init ] --START--
INFO: Run Behavior\BuildLiteBehavior [ RunTime:0.000044s ]
INFO: [ app_init ] --END-- [ RunTime:0.001160s ]
ERR: 无法加载模块:Public

[ 2016-12-12T16:29:11+08:00 ] ::1 /Wechat_media/Public/home/js/maps/swiper.jquery.js.map
INFO: [ app_init ] --START--
INFO: Run Behavior\BuildLiteBehavior [ RunTime:0.000043s ]
INFO: [ app_init ] --END-- [ RunTime:0.000828s ]
ERR: 无法加载模块:Public

[ 2016-12-12T16:32:08+08:00 ] ::1 /Wechat_media/Public/home/js/maps/swiper.jquery.js.map
INFO: [ app_init ] --START--
INFO: Run Behavior\BuildLiteBehavior [ RunTime:0.000045s ]
INFO: [ app_init ] --END-- [ RunTime:0.001032s ]
ERR: 无法加载模块:Public

[ 2016-12-12T16:32:12+08:00 ] ::1 /Wechat_media/Public/home/js/maps/swiper.jquery.js.map
INFO: [ app_init ] --START--
INFO: Run Behavior\BuildLiteBehavior [ RunTime:0.000044s ]
INFO: [ app_init ] --END-- [ RunTime:0.000910s ]
ERR: 无法加载模块:Public

[ 2016-12-12T16:32:13+08:00 ] ::1 /Wechat_media/Public/home/js/maps/swiper.jquery.js.map
INFO: [ app_init ] --START--
INFO: Run Behavior\BuildLiteBehavior [ RunTime:0.000025s ]
INFO: [ app_init ] --END-- [ RunTime:0.000527s ]
ERR: 无法加载模块:Public

[ 2016-12-12T16:32:14+08:00 ] ::1 /Wechat_media/Public/home/js/maps/swiper.jquery.js.map
INFO: [ app_init ] --START--
INFO: Run Behavior\BuildLiteBehavior [ RunTime:0.000024s ]
INFO: [ app_init ] --END-- [ RunTime:0.000497s ]
ERR: 无法加载模块:Public

[ 2016-12-12T16:32:14+08:00 ] ::1 /Wechat_media/Public/home/js/maps/swiper.jquery.js.map
INFO: [ app_init ] --START--
INFO: Run Behavior\BuildLiteBehavior [ RunTime:0.000037s ]
INFO: [ app_init ] --END-- [ RunTime:0.000726s ]
ERR: 无法加载模块:Public

[ 2016-12-12T16:32:15+08:00 ] ::1 /Wechat_media/Public/home/js/maps/swiper.jquery.js.map
INFO: [ app_init ] --START--
INFO: Run Behavior\BuildLiteBehavior [ RunTime:0.000042s ]
INFO: [ app_init ] --END-- [ RunTime:0.000808s ]
ERR: 无法加载模块:Public

[ 2016-12-12T16:32:15+08:00 ] ::1 /Wechat_media/Public/home/images/icon_nav_cell.png
INFO: [ app_init ] --START--
INFO: Run Behavior\BuildLiteBehavior [ RunTime:0.000038s ]
INFO: [ app_init ] --END-- [ RunTime:0.000714s ]
ERR: 无法加载模块:Public

[ 2016-12-12T16:33:06+08:00 ] ::1 /Wechat_media/Public/home/images/icon_nav_cell.png
INFO: [ app_init ] --START--
INFO: Run Behavior\BuildLiteBehavior [ RunTime:0.000050s ]
INFO: [ app_init ] --END-- [ RunTime:0.001063s ]
ERR: 无法加载模块:Public

[ 2016-12-12T16:33:06+08:00 ] ::1 /Wechat_media/Public/home/js/maps/swiper.jquery.js.map
INFO: [ app_init ] --START--
INFO: Run Behavior\BuildLiteBehavior [ RunTime:0.000041s ]
INFO: [ app_init ] --END-- [ RunTime:0.000965s ]
ERR: 无法加载模块:Public

[ 2016-12-12T16:33:23+08:00 ] ::1 /Wechat_media/Public/home/js/maps/swiper.jquery.js.map
INFO: [ app_init ] --START--
INFO: Run Behavior\BuildLiteBehavior [ RunTime:0.000037s ]
INFO: [ app_init ] --END-- [ RunTime:0.001064s ]
ERR: 无法加载模块:Public

[ 2016-12-12T16:33:38+08:00 ] ::1 /Wechat_media/Public/home/js/maps/swiper.jquery.js.map
INFO: [ app_init ] --START--
INFO: Run Behavior\BuildLiteBehavior [ RunTime:0.000024s ]
INFO: [ app_init ] --END-- [ RunTime:0.000494s ]
ERR: 无法加载模块:Public

[ 2016-12-12T16:33:39+08:00 ] ::1 /Wechat_media/Public/home/images/icon_nav_cell.png
INFO: [ app_init ] --START--
INFO: Run Behavior\BuildLiteBehavior [ RunTime:0.000025s ]
INFO: [ app_init ] --END-- [ RunTime:0.000543s ]
ERR: 无法加载模块:Public

[ 2016-12-12T16:33:39+08:00 ] ::1 /Wechat_media/Public/home/js/maps/swiper.jquery.js.map
INFO: [ app_init ] --START--
INFO: Run Behavior\BuildLiteBehavior [ RunTime:0.000036s ]
INFO: [ app_init ] --END-- [ RunTime:0.000839s ]
ERR: 无法加载模块:Public

[ 2016-12-12T16:33:39+08:00 ] ::1 /Wechat_media/Public/home/images/icon_nav_cell.png
INFO: [ app_init ] --START--
INFO: Run Behavior\BuildLiteBehavior [ RunTime:0.000024s ]
INFO: [ app_init ] --END-- [ RunTime:0.000513s ]
ERR: 无法加载模块:Public

[ 2016-12-12T16:33:39+08:00 ] ::1 /Wechat_media/Public/home/js/maps/swiper.jquery.js.map
INFO: [ app_init ] --START--
INFO: Run Behavior\BuildLiteBehavior [ RunTime:0.000041s ]
INFO: [ app_init ] --END-- [ RunTime:0.000829s ]
ERR: 无法加载模块:Public

[ 2016-12-12T16:33:39+08:00 ] ::1 /Wechat_media/Public/home/images/icon_nav_cell.png
INFO: [ app_init ] --START--
INFO: Run Behavior\BuildLiteBehavior [ RunTime:0.000043s ]
INFO: [ app_init ] --END-- [ RunTime:0.001082s ]
ERR: 无法加载模块:Public

[ 2016-12-12T16:33:39+08:00 ] ::1 /Wechat_media/Public/home/js/maps/swiper.jquery.js.map
INFO: [ app_init ] --START--
INFO: Run Behavior\BuildLiteBehavior [ RunTime:0.000026s ]
INFO: [ app_init ] --END-- [ RunTime:0.000845s ]
ERR: 无法加载模块:Public

[ 2016-12-12T16:33:41+08:00 ] ::1 /Wechat_media/Public/home/js/maps/swiper.jquery.js.map
INFO: [ app_init ] --START--
INFO: Run Behavior\BuildLiteBehavior [ RunTime:0.000025s ]
INFO: [ app_init ] --END-- [ RunTime:0.000529s ]
ERR: 无法加载模块:Public

[ 2016-12-12T16:34:36+08:00 ] ::1 /Wechat_media/Public/home/images/icon_nav_cell.png
INFO: [ app_init ] --START--
INFO: Run Behavior\BuildLiteBehavior [ RunTime:0.000027s ]
INFO: [ app_init ] --END-- [ RunTime:0.000909s ]
ERR: 无法加载模块:Public

[ 2016-12-12T16:34:37+08:00 ] ::1 /Wechat_media/Public/home/js/maps/swiper.jquery.js.map
INFO: [ app_init ] --START--
INFO: Run Behavior\BuildLiteBehavior [ RunTime:0.000027s ]
INFO: [ app_init ] --END-- [ RunTime:0.000420s ]
ERR: 无法加载模块:Public

[ 2016-12-12T16:34:50+08:00 ] ::1 /Wechat_media/Public/home/js/maps/swiper.jquery.js.map
INFO: [ app_init ] --START--
INFO: Run Behavior\BuildLiteBehavior [ RunTime:0.000026s ]
INFO: [ app_init ] --END-- [ RunTime:0.000516s ]
ERR: 无法加载模块:Public

[ 2016-12-12T16:34:52+08:00 ] ::1 /Wechat_media/Public/home/js/maps/swiper.jquery.js.map
INFO: [ app_init ] --START--
INFO: Run Behavior\BuildLiteBehavior [ RunTime:0.000043s ]
INFO: [ app_init ] --END-- [ RunTime:0.000779s ]
ERR: 无法加载模块:Public

[ 2016-12-12T16:34:53+08:00 ] ::1 /Wechat_media/Public/home/js/maps/swiper.jquery.js.map
INFO: [ app_init ] --START--
INFO: Run Behavior\BuildLiteBehavior [ RunTime:0.000054s ]
INFO: [ app_init ] --END-- [ RunTime:0.001731s ]
ERR: 无法加载模块:Public

[ 2016-12-12T16:34:54+08:00 ] ::1 /Wechat_media/Public/home/js/maps/swiper.jquery.js.map
INFO: [ app_init ] --START--
INFO: Run Behavior\BuildLiteBehavior [ RunTime:0.000043s ]
INFO: [ app_init ] --END-- [ RunTime:0.001036s ]
ERR: 无法加载模块:Public

[ 2016-12-12T16:34:55+08:00 ] ::1 /Wechat_media/Public/home/js/maps/swiper.jquery.js.map
INFO: [ app_init ] --START--
INFO: Run Behavior\BuildLiteBehavior [ RunTime:0.000041s ]
INFO: [ app_init ] --END-- [ RunTime:0.000770s ]
ERR: 无法加载模块:Public

[ 2016-12-12T16:34:58+08:00 ] ::1 /Wechat_media/Public/home/js/maps/swiper.jquery.js.map
INFO: [ app_init ] --START--
INFO: Run Behavior\BuildLiteBehavior [ RunTime:0.000034s ]
INFO: [ app_init ] --END-- [ RunTime:0.000670s ]
ERR: 无法加载模块:Public

[ 2016-12-12T16:34:59+08:00 ] ::1 /Wechat_media/Public/home/js/maps/swiper.jquery.js.map
INFO: [ app_init ] --START--
INFO: Run Behavior\BuildLiteBehavior [ RunTime:0.000024s ]
INFO: [ app_init ] --END-- [ RunTime:0.000547s ]
ERR: 无法加载模块:Public

[ 2016-12-12T16:35:02+08:00 ] ::1 /Wechat_media/Public/home/js/maps/swiper.jquery.js.map
INFO: [ app_init ] --START--
INFO: Run Behavior\BuildLiteBehavior [ RunTime:0.000035s ]
INFO: [ app_init ] --END-- [ RunTime:0.000679s ]
ERR: 无法加载模块:Public

[ 2016-12-12T16:36:29+08:00 ] ::1 /Wechat_media/Public/home/js/maps/swiper.jquery.js.map
INFO: [ app_init ] --START--
INFO: Run Behavior\BuildLiteBehavior [ RunTime:0.000025s ]
INFO: [ app_init ] --END-- [ RunTime:0.000601s ]
ERR: 无法加载模块:Public

[ 2016-12-12T16:36:31+08:00 ] ::1 /Wechat_media/Public/home/js/maps/swiper.jquery.js.map
INFO: [ app_init ] --START--
INFO: Run Behavior\BuildLiteBehavior [ RunTime:0.000024s ]
INFO: [ app_init ] --END-- [ RunTime:0.000495s ]
ERR: 无法加载模块:Public

[ 2016-12-12T16:36:35+08:00 ] ::1 /Wechat_media/Public/home/js/maps/swiper.jquery.js.map
INFO: [ app_init ] --START--
INFO: Run Behavior\BuildLiteBehavior [ RunTime:0.000025s ]
INFO: [ app_init ] --END-- [ RunTime:0.000629s ]
ERR: 无法加载模块:Public

[ 2016-12-12T16:36:36+08:00 ] ::1 /Wechat_media/Public/home/images/icon_nav_cell.png
INFO: [ app_init ] --START--
INFO: Run Behavior\BuildLiteBehavior [ RunTime:0.000392s ]
INFO: [ app_init ] --END-- [ RunTime:0.001288s ]
ERR: 无法加载模块:Public

[ 2016-12-12T16:36:37+08:00 ] ::1 /Wechat_media/Public/home/js/maps/swiper.jquery.js.map
INFO: [ app_init ] --START--
INFO: Run Behavior\BuildLiteBehavior [ RunTime:0.000042s ]
INFO: [ app_init ] --END-- [ RunTime:0.000881s ]
ERR: 无法加载模块:Public

[ 2016-12-12T16:36:40+08:00 ] ::1 /Wechat_media/Public/home/js/maps/swiper.jquery.js.map
INFO: [ app_init ] --START--
INFO: Run Behavior\BuildLiteBehavior [ RunTime:0.000035s ]
INFO: [ app_init ] --END-- [ RunTime:0.000700s ]
ERR: 无法加载模块:Public

[ 2016-12-12T16:36:41+08:00 ] ::1 /Wechat_media/Public/home/js/maps/swiper.jquery.js.map
INFO: [ app_init ] --START--
INFO: Run Behavior\BuildLiteBehavior [ RunTime:0.000034s ]
INFO: [ app_init ] --END-- [ RunTime:0.000680s ]
ERR: 无法加载模块:Public

[ 2016-12-12T16:36:42+08:00 ] ::1 /Wechat_media/Public/home/js/maps/swiper.jquery.js.map
INFO: [ app_init ] --START--
INFO: Run Behavior\BuildLiteBehavior [ RunTime:0.000042s ]
INFO: [ app_init ] --END-- [ RunTime:0.001480s ]
ERR: 无法加载模块:Public

[ 2016-12-12T16:41:19+08:00 ] ::1 /Wechat_media/Public/home/js/maps/swiper.jquery.js.map
INFO: [ app_init ] --START--
INFO: Run Behavior\BuildLiteBehavior [ RunTime:0.000039s ]
INFO: [ app_init ] --END-- [ RunTime:0.000773s ]
ERR: 无法加载模块:Public

[ 2016-12-12T16:41:21+08:00 ] ::1 /Wechat_media/Public/home/js/maps/swiper.jquery.js.map
INFO: [ app_init ] --START--
INFO: Run Behavior\BuildLiteBehavior [ RunTime:0.000041s ]
INFO: [ app_init ] --END-- [ RunTime:0.001097s ]
ERR: 无法加载模块:Public

[ 2016-12-12T16:42:02+08:00 ] ::1 /Wechat_media/Public/home/js/maps/swiper.jquery.js.map
INFO: [ app_init ] --START--
INFO: Run Behavior\BuildLiteBehavior [ RunTime:0.000041s ]
INFO: [ app_init ] --END-- [ RunTime:0.000800s ]
ERR: 无法加载模块:Public

[ 2016-12-12T16:42:02+08:00 ] ::1 /Wechat_media/Public/home/js/maps/swiper.jquery.js.map
INFO: [ app_init ] --START--
INFO: Run Behavior\BuildLiteBehavior [ RunTime:0.000028s ]
INFO: [ app_init ] --END-- [ RunTime:0.000980s ]
ERR: 无法加载模块:Public

[ 2016-12-12T16:42:05+08:00 ] ::1 /Wechat_media/Public/home/js/maps/swiper.jquery.js.map
INFO: [ app_init ] --START--
INFO: Run Behavior\BuildLiteBehavior [ RunTime:0.000025s ]
INFO: [ app_init ] --END-- [ RunTime:0.000655s ]
ERR: 无法加载模块:Public

[ 2016-12-12T16:42:06+08:00 ] ::1 /Wechat_media/Public/home/js/maps/swiper.jquery.js.map
INFO: [ app_init ] --START--
INFO: Run Behavior\BuildLiteBehavior [ RunTime:0.000023s ]
INFO: [ app_init ] --END-- [ RunTime:0.000498s ]
ERR: 无法加载模块:Public

[ 2016-12-12T16:42:18+08:00 ] ::1 /Wechat_media/Public/home/js/maps/swiper.jquery.js.map
INFO: [ app_init ] --START--
INFO: Run Behavior\BuildLiteBehavior [ RunTime:0.000046s ]
INFO: [ app_init ] --END-- [ RunTime:0.002454s ]
ERR: 无法加载模块:Public

[ 2016-12-12T16:42:18+08:00 ] ::1 /Wechat_media/Public/home/images/icon_nav_cell.png
INFO: [ app_init ] --START--
INFO: Run Behavior\BuildLiteBehavior [ RunTime:0.000035s ]
INFO: [ app_init ] --END-- [ RunTime:0.000569s ]
ERR: 无法加载模块:Public

[ 2016-12-12T16:42:21+08:00 ] ::1 /Wechat_media/Public/home/js/maps/swiper.jquery.js.map
INFO: [ app_init ] --START--
INFO: Run Behavior\BuildLiteBehavior [ RunTime:0.000035s ]
INFO: [ app_init ] --END-- [ RunTime:0.000573s ]
ERR: 无法加载模块:Public

[ 2016-12-12T16:46:03+08:00 ] ::1 /Wechat_media/Public/home/js/maps/swiper.jquery.js.map
INFO: [ app_init ] --START--
INFO: Run Behavior\BuildLiteBehavior [ RunTime:0.000041s ]
INFO: [ app_init ] --END-- [ RunTime:0.000756s ]
ERR: 无法加载模块:Public

[ 2016-12-12T16:46:05+08:00 ] ::1 /Wechat_media/Public/home/js/maps/swiper.jquery.js.map
INFO: [ app_init ] --START--
INFO: Run Behavior\BuildLiteBehavior [ RunTime:0.000025s ]
INFO: [ app_init ] --END-- [ RunTime:0.000594s ]
ERR: 无法加载模块:Public

[ 2016-12-12T16:46:56+08:00 ] ::1 /Wechat_media/Public/home/js/maps/swiper.jquery.js.map
INFO: [ app_init ] --START--
INFO: Run Behavior\BuildLiteBehavior [ RunTime:0.000023s ]
INFO: [ app_init ] --END-- [ RunTime:0.000500s ]
ERR: 无法加载模块:Public

[ 2016-12-12T16:54:33+08:00 ] ::1 /Wechat_media/Public/home/js/maps/swiper.jquery.js.map
INFO: [ app_init ] --START--
INFO: Run Behavior\BuildLiteBehavior [ RunTime:0.000025s ]
INFO: [ app_init ] --END-- [ RunTime:0.000705s ]
ERR: 无法加载模块:Public

[ 2016-12-12T16:54:34+08:00 ] ::1 /Wechat_media/Public/home/js/maps/swiper.jquery.js.map
INFO: [ app_init ] --START--
INFO: Run Behavior\BuildLiteBehavior [ RunTime:0.000038s ]
INFO: [ app_init ] --END-- [ RunTime:0.000748s ]
ERR: 无法加载模块:Public

[ 2016-12-12T16:54:35+08:00 ] ::1 /Wechat_media/Public/home/js/maps/swiper.jquery.js.map
INFO: [ app_init ] --START--
INFO: Run Behavior\BuildLiteBehavior [ RunTime:0.000038s ]
INFO: [ app_init ] --END-- [ RunTime:0.001518s ]
ERR: 无法加载模块:Public

[ 2016-12-12T16:54:36+08:00 ] ::1 /Wechat_media/Public/home/js/maps/swiper.jquery.js.map
INFO: [ app_init ] --START--
INFO: Run Behavior\BuildLiteBehavior [ RunTime:0.000035s ]
INFO: [ app_init ] --END-- [ RunTime:0.000694s ]
ERR: 无法加载模块:Public

[ 2016-12-12T16:54:37+08:00 ] ::1 /Wechat_media/Public/home/images/icon_nav_cell.png
INFO: [ app_init ] --START--
INFO: Run Behavior\BuildLiteBehavior [ RunTime:0.000042s ]
INFO: [ app_init ] --END-- [ RunTime:0.001069s ]
ERR: 无法加载模块:Public

[ 2016-12-12T16:54:37+08:00 ] ::1 /Wechat_media/Public/home/js/maps/swiper.jquery.js.map
INFO: [ app_init ] --START--
INFO: Run Behavior\BuildLiteBehavior [ RunTime:0.000023s ]
INFO: [ app_init ] --END-- [ RunTime:0.000503s ]
ERR: 无法加载模块:Public

[ 2016-12-12T17:10:01+08:00 ] ::1 /Wechat_media/Public/home/js/maps/swiper.jquery.js.map
INFO: [ app_init ] --START--
INFO: Run Behavior\BuildLiteBehavior [ RunTime:0.000043s ]
INFO: [ app_init ] --END-- [ RunTime:0.000852s ]
ERR: 无法加载模块:Public

[ 2016-12-12T17:11:12+08:00 ] ::1 /Wechat_media/Public/home/js/maps/swiper.jquery.js.map
INFO: [ app_init ] --START--
INFO: Run Behavior\BuildLiteBehavior [ RunTime:0.000040s ]
INFO: [ app_init ] --END-- [ RunTime:0.000767s ]
ERR: 无法加载模块:Public

[ 2016-12-12T17:11:14+08:00 ] ::1 /Wechat_media/Public/home/js/maps/swiper.jquery.js.map
INFO: [ app_init ] --START--
INFO: Run Behavior\BuildLiteBehavior [ RunTime:0.000039s ]
INFO: [ app_init ] --END-- [ RunTime:0.000781s ]
ERR: 无法加载模块:Public

[ 2016-12-12T17:11:51+08:00 ] ::1 /Wechat_media/Public/home/js/maps/swiper.jquery.js.map
INFO: [ app_init ] --START--
INFO: Run Behavior\BuildLiteBehavior [ RunTime:0.000046s ]
INFO: [ app_init ] --END-- [ RunTime:0.001098s ]
ERR: 无法加载模块:Public

[ 2016-12-12T17:12:04+08:00 ] ::1 /Wechat_media/Public/home/js/maps/swiper.jquery.js.map
INFO: [ app_init ] --START--
INFO: Run Behavior\BuildLiteBehavior [ RunTime:0.000039s ]
INFO: [ app_init ] --END-- [ RunTime:0.000860s ]
ERR: 无法加载模块:Public

[ 2016-12-12T17:12:04+08:00 ] ::1 /Wechat_media/Public/home/js/maps/swiper.jquery.js.map
INFO: [ app_init ] --START--
INFO: Run Behavior\BuildLiteBehavior [ RunTime:0.000041s ]
INFO: [ app_init ] --END-- [ RunTime:0.000763s ]
ERR: 无法加载模块:Public

[ 2016-12-12T17:12:05+08:00 ] ::1 /Wechat_media/Public/home/js/maps/swiper.jquery.js.map
INFO: [ app_init ] --START--
INFO: Run Behavior\BuildLiteBehavior [ RunTime:0.000025s ]
INFO: [ app_init ] --END-- [ RunTime:0.000433s ]
ERR: 无法加载模块:Public

[ 2016-12-12T17:13:04+08:00 ] ::1 /Wechat_media/Public/home/js/maps/swiper.jquery.js.map
INFO: [ app_init ] --START--
INFO: Run Behavior\BuildLiteBehavior [ RunTime:0.000042s ]
INFO: [ app_init ] --END-- [ RunTime:0.000820s ]
ERR: 无法加载模块:Public

[ 2016-12-12T17:13:33+08:00 ] ::1 /Wechat_media/Public/home/js/maps/swiper.jquery.js.map
INFO: [ app_init ] --START--
INFO: Run Behavior\BuildLiteBehavior [ RunTime:0.000041s ]
INFO: [ app_init ] --END-- [ RunTime:0.000836s ]
ERR: 无法加载模块:Public

[ 2016-12-12T17:13:34+08:00 ] ::1 /Wechat_media/Public/home/js/maps/swiper.jquery.js.map
INFO: [ app_init ] --START--
INFO: Run Behavior\BuildLiteBehavior [ RunTime:0.000038s ]
INFO: [ app_init ] --END-- [ RunTime:0.000754s ]
ERR: 无法加载模块:Public

[ 2016-12-12T17:20:25+08:00 ] ::1 /Wechat_media/Public/home/images/icon_nav_cell.png
INFO: [ app_init ] --START--
INFO: Run Behavior\BuildLiteBehavior [ RunTime:0.000046s ]
INFO: [ app_init ] --END-- [ RunTime:0.000890s ]
ERR: 无法加载模块:Public

