[ 2016-12-18T00:17:41+08:00 ] 122.193.232.175 /phpinfo.php
INFO: [ app_init ] --START--
INFO: Run Behavior\BuildLiteBehavior [ RunTime:0.000015s ]
INFO: [ app_init ] --END-- [ RunTime:0.000350s ]
ERR: 无法加载模块:Phpinfo

[ 2016-12-18T00:17:41+08:00 ] 122.193.232.175 /test.php
INFO: [ app_init ] --START--
INFO: Run Behavior\BuildLiteBehavior [ RunTime:0.000015s ]
INFO: [ app_init ] --END-- [ RunTime:0.000333s ]
ERR: 无法加载模块:Test

[ 2016-12-18T00:17:41+08:00 ] 122.193.232.175 /l.php
INFO: [ app_init ] --START--
INFO: Run Behavior\BuildLiteBehavior [ RunTime:0.000014s ]
INFO: [ app_init ] --END-- [ RunTime:0.000341s ]
ERR: 无法加载模块:L

[ 2016-12-18T00:17:52+08:00 ] 122.193.232.175 /phpinfo.php
INFO: [ app_init ] --START--
INFO: Run Behavior\BuildLiteBehavior [ RunTime:0.000016s ]
INFO: [ app_init ] --END-- [ RunTime:0.000397s ]
ERR: 无法加载模块:Phpinfo

[ 2016-12-18T00:17:52+08:00 ] 122.193.232.175 /test.php
INFO: [ app_init ] --START--
INFO: Run Behavior\BuildLiteBehavior [ RunTime:0.000014s ]
INFO: [ app_init ] --END-- [ RunTime:0.000334s ]
ERR: 无法加载模块:Test

[ 2016-12-18T00:17:52+08:00 ] 122.193.232.175 /l.php
INFO: [ app_init ] --START--
INFO: Run Behavior\BuildLiteBehavior [ RunTime:0.000016s ]
INFO: [ app_init ] --END-- [ RunTime:0.000353s ]
ERR: 无法加载模块:L

[ 2016-12-18T00:27:05+08:00 ] 116.255.213.63 /phpinfo.php
INFO: [ app_init ] --START--
INFO: Run Behavior\BuildLiteBehavior [ RunTime:0.000015s ]
INFO: [ app_init ] --END-- [ RunTime:0.000351s ]
ERR: 无法加载模块:Phpinfo

[ 2016-12-18T00:27:05+08:00 ] 116.255.213.63 /test.php
INFO: [ app_init ] --START--
INFO: Run Behavior\BuildLiteBehavior [ RunTime:0.000015s ]
INFO: [ app_init ] --END-- [ RunTime:0.000343s ]
ERR: 无法加载模块:Test

[ 2016-12-18T00:27:05+08:00 ] 116.255.213.63 /l.php
INFO: [ app_init ] --START--
INFO: Run Behavior\BuildLiteBehavior [ RunTime:0.000015s ]
INFO: [ app_init ] --END-- [ RunTime:0.000341s ]
ERR: 无法加载模块:L

[ 2016-12-18T00:27:20+08:00 ] 116.255.213.63 /phpinfo.php
INFO: [ app_init ] --START--
INFO: Run Behavior\BuildLiteBehavior [ RunTime:0.000016s ]
INFO: [ app_init ] --END-- [ RunTime:0.000348s ]
ERR: 无法加载模块:Phpinfo

[ 2016-12-18T00:27:20+08:00 ] 116.255.213.63 /test.php
INFO: [ app_init ] --START--
INFO: Run Behavior\BuildLiteBehavior [ RunTime:0.000015s ]
INFO: [ app_init ] --END-- [ RunTime:0.000334s ]
ERR: 无法加载模块:Test

[ 2016-12-18T00:27:20+08:00 ] 116.255.213.63 /l.php
INFO: [ app_init ] --START--
INFO: Run Behavior\BuildLiteBehavior [ RunTime:0.000015s ]
INFO: [ app_init ] --END-- [ RunTime:0.000334s ]
ERR: 无法加载模块:L

[ 2016-12-18T00:57:38+08:00 ] 116.255.213.63 /phpinfo.php
INFO: [ app_init ] --START--
INFO: Run Behavior\BuildLiteBehavior [ RunTime:0.000015s ]
INFO: [ app_init ] --END-- [ RunTime:0.000345s ]
ERR: 无法加载模块:Phpinfo

[ 2016-12-18T00:57:38+08:00 ] 116.255.213.63 /test.php
INFO: [ app_init ] --START--
INFO: Run Behavior\BuildLiteBehavior [ RunTime:0.000015s ]
INFO: [ app_init ] --END-- [ RunTime:0.000336s ]
ERR: 无法加载模块:Test

[ 2016-12-18T00:57:38+08:00 ] 116.255.213.63 /l.php
INFO: [ app_init ] --START--
INFO: Run Behavior\BuildLiteBehavior [ RunTime:0.000015s ]
INFO: [ app_init ] --END-- [ RunTime:0.000344s ]
ERR: 无法加载模块:L

[ 2016-12-18T00:57:42+08:00 ] 116.255.213.63 /phpinfo.php
INFO: [ app_init ] --START--
INFO: Run Behavior\BuildLiteBehavior [ RunTime:0.000016s ]
INFO: [ app_init ] --END-- [ RunTime:0.000349s ]
ERR: 无法加载模块:Phpinfo

[ 2016-12-18T00:57:42+08:00 ] 116.255.213.63 /test.php
INFO: [ app_init ] --START--
INFO: Run Behavior\BuildLiteBehavior [ RunTime:0.000015s ]
INFO: [ app_init ] --END-- [ RunTime:0.000336s ]
ERR: 无法加载模块:Test

[ 2016-12-18T00:57:42+08:00 ] 116.255.213.63 /l.php
INFO: [ app_init ] --START--
INFO: Run Behavior\BuildLiteBehavior [ RunTime:0.000015s ]
INFO: [ app_init ] --END-- [ RunTime:0.000355s ]
ERR: 无法加载模块:L

[ 2016-12-18T01:31:44+08:00 ] 104.128.144.131 /redirect.php
INFO: [ app_init ] --START--
INFO: Run Behavior\BuildLiteBehavior [ RunTime:0.000015s ]
INFO: [ app_init ] --END-- [ RunTime:0.000344s ]
ERR: 无法加载模块:Redirect

[ 2016-12-18T01:32:24+08:00 ] 116.255.213.63 /phpinfo.php
INFO: [ app_init ] --START--
INFO: Run Behavior\BuildLiteBehavior [ RunTime:0.000015s ]
INFO: [ app_init ] --END-- [ RunTime:0.000346s ]
ERR: 无法加载模块:Phpinfo

[ 2016-12-18T01:32:24+08:00 ] 116.255.213.63 /test.php
INFO: [ app_init ] --START--
INFO: Run Behavior\BuildLiteBehavior [ RunTime:0.000015s ]
INFO: [ app_init ] --END-- [ RunTime:0.000346s ]
ERR: 无法加载模块:Test

[ 2016-12-18T01:32:24+08:00 ] 116.255.213.63 /l.php
INFO: [ app_init ] --START--
INFO: Run Behavior\BuildLiteBehavior [ RunTime:0.000014s ]
INFO: [ app_init ] --END-- [ RunTime:0.000347s ]
ERR: 无法加载模块:L

[ 2016-12-18T01:32:32+08:00 ] 116.255.213.63 /phpinfo.php
INFO: [ app_init ] --START--
INFO: Run Behavior\BuildLiteBehavior [ RunTime:0.000015s ]
INFO: [ app_init ] --END-- [ RunTime:0.000343s ]
ERR: 无法加载模块:Phpinfo

[ 2016-12-18T01:32:32+08:00 ] 116.255.213.63 /test.php
INFO: [ app_init ] --START--
INFO: Run Behavior\BuildLiteBehavior [ RunTime:0.000015s ]
INFO: [ app_init ] --END-- [ RunTime:0.000343s ]
ERR: 无法加载模块:Test

[ 2016-12-18T01:32:32+08:00 ] 116.255.213.63 /l.php
INFO: [ app_init ] --START--
INFO: Run Behavior\BuildLiteBehavior [ RunTime:0.000021s ]
INFO: [ app_init ] --END-- [ RunTime:0.000340s ]
ERR: 无法加载模块:L

[ 2016-12-18T01:49:30+08:00 ] 35.165.161.135 /information.cgi?lang=en&serv=0&sp=3&corp=0&act=getkey&affid=3&os=Windows%2BXP&id=120D08AF37D232&x64=0
INFO: [ app_init ] --START--
INFO: Run Behavior\BuildLiteBehavior [ RunTime:0.000016s ]
INFO: [ app_init ] --END-- [ RunTime:0.000343s ]
ERR: 无法加载模块:Information

[ 2016-12-18T01:49:38+08:00 ] 35.165.161.135 /your/killing/me/smalls.jpg
INFO: [ app_init ] --START--
INFO: Run Behavior\BuildLiteBehavior [ RunTime:0.000015s ]
INFO: [ app_init ] --END-- [ RunTime:0.000344s ]
ERR: 无法加载模块:Your

[ 2016-12-18T02:00:12+08:00 ] 35.156.198.10 /linuxsucks.php?lang=en&serv=0&sp=3&corp=0&act=getkey&affid=3&os=Windows%2BXP&id=120D08AF37D232&x64=0
INFO: [ app_init ] --START--
INFO: Run Behavior\BuildLiteBehavior [ RunTime:0.000015s ]
INFO: [ app_init ] --END-- [ RunTime:0.000346s ]
ERR: 无法加载模块:Linuxsucks

[ 2016-12-18T02:00:20+08:00 ] 35.156.198.10 /your/killing/me/smalls.jpg
INFO: [ app_init ] --START--
INFO: Run Behavior\BuildLiteBehavior [ RunTime:0.000015s ]
INFO: [ app_init ] --END-- [ RunTime:0.000333s ]
ERR: 无法加载模块:Your

[ 2016-12-18T02:17:44+08:00 ] 35.154.15.86 /upload/_dispatch.php?lang=en&serv=0&sp=3&corp=0&act=getkey&affid=3&os=Windows%2BXP&id=120D08AF37D232&x64=0
INFO: [ app_init ] --START--
INFO: Run Behavior\BuildLiteBehavior [ RunTime:0.000020s ]
INFO: [ app_init ] --END-- [ RunTime:0.000346s ]
ERR: 无法加载模块:Upload

[ 2016-12-18T02:17:52+08:00 ] 35.154.15.86 /your/killing/me/smalls.jpg
INFO: [ app_init ] --START--
INFO: Run Behavior\BuildLiteBehavior [ RunTime:0.000015s ]
INFO: [ app_init ] --END-- [ RunTime:0.000334s ]
ERR: 无法加载模块:Your

[ 2016-12-18T02:21:37+08:00 ] 52.15.180.209 /data/info.php?lang=en&serv=0&sp=3&corp=0&act=getkey&affid=3&os=Windows%2BXP&id=120D08AF37D232&x64=0
INFO: [ app_init ] --START--
INFO: Run Behavior\BuildLiteBehavior [ RunTime:0.000015s ]
INFO: [ app_init ] --END-- [ RunTime:0.000341s ]
ERR: 无法加载模块:Data

[ 2016-12-18T02:21:49+08:00 ] 52.15.180.209 /your/killing/me/smalls.jpg
INFO: [ app_init ] --START--
INFO: Run Behavior\BuildLiteBehavior [ RunTime:0.000015s ]
INFO: [ app_init ] --END-- [ RunTime:0.000342s ]
ERR: 无法加载模块:Your

[ 2016-12-18T02:47:59+08:00 ] 52.78.13.10 /apache_handler.php?lang=en&serv=0&sp=3&corp=0&act=getkey&affid=3&os=Windows%2BXP&id=120D08AF37D232&x64=0
INFO: [ app_init ] --START--
INFO: Run Behavior\BuildLiteBehavior [ RunTime:0.000015s ]
INFO: [ app_init ] --END-- [ RunTime:0.000343s ]
ERR: 无法加载模块:Apache_handler

[ 2016-12-18T02:48:07+08:00 ] 52.78.13.10 /your/killing/me/smalls.jpg
INFO: [ app_init ] --START--
INFO: Run Behavior\BuildLiteBehavior [ RunTime:0.000022s ]
INFO: [ app_init ] --END-- [ RunTime:0.000588s ]
ERR: 无法加载模块:Your

[ 2016-12-18T03:45:59+08:00 ] 101.226.68.200 /l.php
INFO: [ app_init ] --START--
INFO: Run Behavior\BuildLiteBehavior [ RunTime:0.000016s ]
INFO: [ app_init ] --END-- [ RunTime:0.000345s ]
ERR: 无法加载模块:L

[ 2016-12-18T03:47:27+08:00 ] 52.199.170.182 /your/killing/me/smalls.jpg
INFO: [ app_init ] --START--
INFO: Run Behavior\BuildLiteBehavior [ RunTime:0.000015s ]
INFO: [ app_init ] --END-- [ RunTime:0.000343s ]
ERR: 无法加载模块:Your

[ 2016-12-18T04:06:03+08:00 ] 35.154.80.165 /php/upload.php?lang=en&serv=0&sp=3&corp=0&act=getkey&affid=3&os=Windows%2BXP&id=120D08AF37D232&x64=0
INFO: [ app_init ] --START--
INFO: Run Behavior\BuildLiteBehavior [ RunTime:0.000017s ]
INFO: [ app_init ] --END-- [ RunTime:0.000350s ]
ERR: 无法加载模块:Php

[ 2016-12-18T04:12:47+08:00 ] 54.153.105.10 /userinfo.php?lang=en&serv=0&sp=3&corp=0&act=getkey&affid=3&os=Windows%2BXP&id=120D08AF37D232&x64=0
INFO: [ app_init ] --START--
INFO: Run Behavior\BuildLiteBehavior [ RunTime:0.000015s ]
INFO: [ app_init ] --END-- [ RunTime:0.000342s ]
ERR: 无法加载模块:Userinfo

[ 2016-12-18T04:12:55+08:00 ] 54.153.105.10 /your/killing/me/smalls.jpg
INFO: [ app_init ] --START--
INFO: Run Behavior\BuildLiteBehavior [ RunTime:0.000014s ]
INFO: [ app_init ] --END-- [ RunTime:0.000343s ]
ERR: 无法加载模块:Your

[ 2016-12-18T04:13:01+08:00 ] 52.90.199.152 /submit.php?lang=en&serv=0&sp=3&corp=0&act=getkey&affid=3&os=Windows%2BXP&id=120D08AF37D232&x64=0
INFO: [ app_init ] --START--
INFO: Run Behavior\BuildLiteBehavior [ RunTime:0.000033s ]
INFO: [ app_init ] --END-- [ RunTime:0.000392s ]
ERR: 无法加载模块:Submit

[ 2016-12-18T04:13:09+08:00 ] 52.90.199.152 /your/killing/me/smalls.jpg
INFO: [ app_init ] --START--
INFO: Run Behavior\BuildLiteBehavior [ RunTime:0.000015s ]
INFO: [ app_init ] --END-- [ RunTime:0.000423s ]
ERR: 无法加载模块:Your

[ 2016-12-18T04:21:23+08:00 ] 101.226.66.181 /phpinfo.php
INFO: [ app_init ] --START--
INFO: Run Behavior\BuildLiteBehavior [ RunTime:0.000015s ]
INFO: [ app_init ] --END-- [ RunTime:0.000333s ]
ERR: 无法加载模块:Phpinfo

[ 2016-12-18T04:21:23+08:00 ] 101.226.33.238 /test.php
INFO: [ app_init ] --START--
INFO: Run Behavior\BuildLiteBehavior [ RunTime:0.000015s ]
INFO: [ app_init ] --END-- [ RunTime:0.000355s ]
ERR: 无法加载模块:Test

[ 2016-12-18T04:23:15+08:00 ] 54.146.189.44 /message.php?lang=en&serv=0&sp=3&corp=0&act=getkey&affid=3&os=Windows%2BXP&id=120D08AF37D232&x64=0
INFO: [ app_init ] --START--
INFO: Run Behavior\BuildLiteBehavior [ RunTime:0.000016s ]
INFO: [ app_init ] --END-- [ RunTime:0.000340s ]
ERR: 无法加载模块:Message

[ 2016-12-18T04:23:23+08:00 ] 54.146.189.44 /your/killing/me/smalls.jpg
INFO: [ app_init ] --START--
INFO: Run Behavior\BuildLiteBehavior [ RunTime:0.000016s ]
INFO: [ app_init ] --END-- [ RunTime:0.000339s ]
ERR: 无法加载模块:Your

[ 2016-12-18T05:38:23+08:00 ] 180.153.211.190 /apache_handler.php?lang%3Den%26serv%3D0%26sp%3D3%26corp%3D0%26act%3Dgetkey%26affid%3D3%26os%3DWindows%252BXP%26id%3D120D08AF37D232%26x64%3D0
INFO: [ app_init ] --START--
INFO: Run Behavior\BuildLiteBehavior [ RunTime:0.000014s ]
INFO: [ app_init ] --END-- [ RunTime:0.000343s ]
ERR: 无法加载模块:Apache_handler

[ 2016-12-18T05:38:36+08:00 ] 42.51.203.204 /apache_handler.php?lang%3Den%26serv%3D0%26sp%3D3%26corp%3D0%26act%3Dgetkey%26affid%3D3%26os%3DWindows%252BXP%26id%3D120D08AF37D232%26x64%3D0
INFO: [ app_init ] --START--
INFO: Run Behavior\BuildLiteBehavior [ RunTime:0.000014s ]
INFO: [ app_init ] --END-- [ RunTime:0.000341s ]
ERR: 无法加载模块:Apache_handler

[ 2016-12-18T05:43:02+08:00 ] 185.93.1.58 /recordings/LICENSE.txt
INFO: [ app_init ] --START--
INFO: Run Behavior\BuildLiteBehavior [ RunTime:0.000015s ]
INFO: [ app_init ] --END-- [ RunTime:0.000339s ]
ERR: 无法加载模块:Recordings

[ 2016-12-18T05:45:53+08:00 ] 180.153.214.200 /linuxsucks.php?lang%3Den%26serv%3D0%26sp%3D3%26corp%3D0%26act%3Dgetkey%26affid%3D3%26os%3DWindows%252BXP%26id%3D120D08AF37D232%26x64%3D0
INFO: [ app_init ] --START--
INFO: Run Behavior\BuildLiteBehavior [ RunTime:0.000019s ]
INFO: [ app_init ] --END-- [ RunTime:0.000350s ]
ERR: 无法加载模块:Linuxsucks

[ 2016-12-18T06:52:27+08:00 ] 180.153.214.189 /information.cgi?lang%3Den%26serv%3D0%26sp%3D3%26corp%3D0%26act%3Dgetkey%26affid%3D3%26os%3DWindows%252BXP%26id%3D120D08AF37D232%26x64%3D0
INFO: [ app_init ] --START--
INFO: Run Behavior\BuildLiteBehavior [ RunTime:0.000015s ]
INFO: [ app_init ] --END-- [ RunTime:0.000334s ]
ERR: 无法加载模块:Information

[ 2016-12-18T06:52:45+08:00 ] 117.94.132.235 /information.cgi?lang%3Den%26serv%3D0%26sp%3D3%26corp%3D0%26act%3Dgetkey%26affid%3D3%26os%3DWindows%252BXP%26id%3D120D08AF37D232%26x64%3D0
INFO: [ app_init ] --START--
INFO: Run Behavior\BuildLiteBehavior [ RunTime:0.000014s ]
INFO: [ app_init ] --END-- [ RunTime:0.000336s ]
ERR: 无法加载模块:Information

[ 2016-12-18T06:53:20+08:00 ] 101.226.99.197 /data/info.php?lang%3Den%26serv%3D0%26sp%3D3%26corp%3D0%26act%3Dgetkey%26affid%3D3%26os%3DWindows%252BXP%26id%3D120D08AF37D232%26x64%3D0
INFO: [ app_init ] --START--
INFO: Run Behavior\BuildLiteBehavior [ RunTime:0.000014s ]
INFO: [ app_init ] --END-- [ RunTime:0.000342s ]
ERR: 无法加载模块:Data

[ 2016-12-18T07:09:35+08:00 ] 180.163.1.46 /upload/_dispatch.php?lang%3Den%26serv%3D0%26sp%3D3%26corp%3D0%26act%3Dgetkey%26affid%3D3%26os%3DWindows%252BXP%26id%3D120D08AF37D232%26x64%3D0
INFO: [ app_init ] --START--
INFO: Run Behavior\BuildLiteBehavior [ RunTime:0.000014s ]
INFO: [ app_init ] --END-- [ RunTime:0.000346s ]
ERR: 无法加载模块:Upload

[ 2016-12-18T07:26:15+08:00 ] 101.226.125.100 /submit.php?lang%3Den%26serv%3D0%26sp%3D3%26corp%3D0%26act%3Dgetkey%26affid%3D3%26os%3DWindows%252BXP%26id%3D120D08AF37D232%26x64%3D0
INFO: [ app_init ] --START--
INFO: Run Behavior\BuildLiteBehavior [ RunTime:0.000016s ]
INFO: [ app_init ] --END-- [ RunTime:0.000340s ]
ERR: 无法加载模块:Submit

[ 2016-12-18T08:15:37+08:00 ] 101.226.33.200 /userinfo.php?lang%3Den%26serv%3D0%26sp%3D3%26corp%3D0%26act%3Dgetkey%26affid%3D3%26os%3DWindows%252BXP%26id%3D120D08AF37D232%26x64%3D0
INFO: [ app_init ] --START--
INFO: Run Behavior\BuildLiteBehavior [ RunTime:0.000015s ]
INFO: [ app_init ] --END-- [ RunTime:0.000337s ]
ERR: 无法加载模块:Userinfo

[ 2016-12-18T08:15:37+08:00 ] 61.151.217.45 /userinfo.php?lang%3Den%26serv%3D0%26sp%3D3%26corp%3D0%26act%3Dgetkey%26affid%3D3%26os%3DWindows%252BXP%26id%3D120D08AF37D232%26x64%3D0
INFO: [ app_init ] --START--
INFO: Run Behavior\BuildLiteBehavior [ RunTime:0.000015s ]
INFO: [ app_init ] --END-- [ RunTime:0.000328s ]
ERR: 无法加载模块:Userinfo

[ 2016-12-18T08:15:37+08:00 ] 101.226.125.104 /userinfo.php?lang%3Den%26serv%3D0%26sp%3D3%26corp%3D0%26act%3Dgetkey%26affid%3D3%26os%3DWindows%252BXP%26id%3D120D08AF37D232%26x64%3D0
INFO: [ app_init ] --START--
INFO: Run Behavior\BuildLiteBehavior [ RunTime:0.000015s ]
INFO: [ app_init ] --END-- [ RunTime:0.000338s ]
ERR: 无法加载模块:Userinfo

[ 2016-12-18T08:15:38+08:00 ] 101.226.102.97 /userinfo.php?lang%3Den%26serv%3D0%26sp%3D3%26corp%3D0%26act%3Dgetkey%26affid%3D3%26os%3DWindows%252BXP%26id%3D120D08AF37D232%26x64%3D0
INFO: [ app_init ] --START--
INFO: Run Behavior\BuildLiteBehavior [ RunTime:0.000014s ]
INFO: [ app_init ] --END-- [ RunTime:0.000343s ]
ERR: 无法加载模块:Userinfo

[ 2016-12-18T08:15:55+08:00 ] 101.226.33.206 /php/upload.php?lang%3Den%26serv%3D0%26sp%3D3%26corp%3D0%26act%3Dgetkey%26affid%3D3%26os%3DWindows%252BXP%26id%3D120D08AF37D232%26x64%3D0
INFO: [ app_init ] --START--
INFO: Run Behavior\BuildLiteBehavior [ RunTime:0.000014s ]
INFO: [ app_init ] --END-- [ RunTime:0.000332s ]
ERR: 无法加载模块:Php

[ 2016-12-18T08:45:06+08:00 ] 117.185.27.113 /apache_handler.php?lang%253Den%2526serv%253D0%2526sp%253D3%2526corp%253D0%2526act%253Dgetkey%2526affid%253D3%2526os%253DWindows%25252BXP%2526id%253D120D08AF37D232%2526x64%253D0
INFO: [ app_init ] --START--
INFO: Run Behavior\BuildLiteBehavior [ RunTime:0.000015s ]
INFO: [ app_init ] --END-- [ RunTime:0.000326s ]
ERR: 无法加载模块:Apache_handler

[ 2016-12-18T08:57:44+08:00 ] 74.81.75.67 //cgi-sys/realsignup.cgi
INFO: [ app_init ] --START--
INFO: Run Behavior\BuildLiteBehavior [ RunTime:0.000016s ]
INFO: [ app_init ] --END-- [ RunTime:0.000331s ]
ERR: 无法加载模块:Cgi-sys

[ 2016-12-18T08:57:44+08:00 ] 74.81.75.67 //cgi-bin/test-cgi
INFO: [ app_init ] --START--
INFO: Run Behavior\BuildLiteBehavior [ RunTime:0.000015s ]
INFO: [ app_init ] --END-- [ RunTime:0.000341s ]
ERR: 无法加载模块:Cgi-bin

[ 2016-12-18T09:26:54+08:00 ] 61.151.228.22 /message.php?lang%3Den%26serv%3D0%26sp%3D3%26corp%3D0%26act%3Dgetkey%26affid%3D3%26os%3DWindows%252BXP%26id%3D120D08AF37D232%26x64%3D0
INFO: [ app_init ] --START--
INFO: Run Behavior\BuildLiteBehavior [ RunTime:0.000021s ]
INFO: [ app_init ] --END-- [ RunTime:0.000375s ]
ERR: 无法加载模块:Message

[ 2016-12-18T09:26:54+08:00 ] 101.226.125.111 /message.php?lang%3Den%26serv%3D0%26sp%3D3%26corp%3D0%26act%3Dgetkey%26affid%3D3%26os%3DWindows%252BXP%26id%3D120D08AF37D232%26x64%3D0
INFO: [ app_init ] --START--
INFO: Run Behavior\BuildLiteBehavior [ RunTime:0.000015s ]
INFO: [ app_init ] --END-- [ RunTime:0.000340s ]
ERR: 无法加载模块:Message

[ 2016-12-18T09:26:54+08:00 ] 101.226.85.67 /message.php?lang%3Den%26serv%3D0%26sp%3D3%26corp%3D0%26act%3Dgetkey%26affid%3D3%26os%3DWindows%252BXP%26id%3D120D08AF37D232%26x64%3D0
INFO: [ app_init ] --START--
INFO: Run Behavior\BuildLiteBehavior [ RunTime:0.000016s ]
INFO: [ app_init ] --END-- [ RunTime:0.000340s ]
ERR: 无法加载模块:Message

[ 2016-12-18T09:26:54+08:00 ] 180.153.201.66 /message.php?lang%3Den%26serv%3D0%26sp%3D3%26corp%3D0%26act%3Dgetkey%26affid%3D3%26os%3DWindows%252BXP%26id%3D120D08AF37D232%26x64%3D0
INFO: [ app_init ] --START--
INFO: Run Behavior\BuildLiteBehavior [ RunTime:0.000015s ]
INFO: [ app_init ] --END-- [ RunTime:0.000341s ]
ERR: 无法加载模块:Message

[ 2016-12-18T09:59:34+08:00 ] 101.226.51.228 /submit.php?lang%253Den%2526serv%253D0%2526sp%253D3%2526corp%253D0%2526act%253Dgetkey%2526affid%253D3%2526os%253DWindows%25252BXP%2526id%253D120D08AF37D232%2526x64%253D0
INFO: [ app_init ] --START--
INFO: Run Behavior\BuildLiteBehavior [ RunTime:0.000016s ]
INFO: [ app_init ] --END-- [ RunTime:0.000359s ]
ERR: 无法加载模块:Submit

[ 2016-12-18T10:14:42+08:00 ] 101.226.33.208 /linuxsucks.php?lang%253Den%2526serv%253D0%2526sp%253D3%2526corp%253D0%2526act%253Dgetkey%2526affid%253D3%2526os%253DWindows%25252BXP%2526id%253D120D08AF37D232%2526x64%253D0
INFO: [ app_init ] --START--
INFO: Run Behavior\BuildLiteBehavior [ RunTime:0.000021s ]
INFO: [ app_init ] --END-- [ RunTime:0.000348s ]
ERR: 无法加载模块:Linuxsucks

[ 2016-12-18T10:24:45+08:00 ] 101.226.102.97 /information.cgi?lang%253Den%2526serv%253D0%2526sp%253D3%2526corp%253D0%2526act%253Dgetkey%2526affid%253D3%2526os%253DWindows%25252BXP%2526id%253D120D08AF37D232%2526x64%253D0
INFO: [ app_init ] --START--
INFO: Run Behavior\BuildLiteBehavior [ RunTime:0.000016s ]
INFO: [ app_init ] --END-- [ RunTime:0.000357s ]
ERR: 无法加载模块:Information

[ 2016-12-18T11:14:42+08:00 ] 101.226.51.228 /apache_handler.php?lang%25253Den%252526serv%25253D0%252526sp%25253D3%252526corp%25253D0%252526act%25253Dgetkey%252526affid%25253D3%252526os%25253DWindows%2525252BXP%252526id%25253D120D08AF37D232%252526x64%25253D0
INFO: [ app_init ] --START--
INFO: Run Behavior\BuildLiteBehavior [ RunTime:0.000016s ]
INFO: [ app_init ] --END-- [ RunTime:0.000336s ]
ERR: 无法加载模块:Apache_handler

[ 2016-12-18T11:18:57+08:00 ] 180.153.214.180 /userinfo.php?lang%253Den%2526serv%253D0%2526sp%253D3%2526corp%253D0%2526act%253Dgetkey%2526affid%253D3%2526os%253DWindows%25252BXP%2526id%253D120D08AF37D232%2526x64%253D0
INFO: [ app_init ] --START--
INFO: Run Behavior\BuildLiteBehavior [ RunTime:0.000016s ]
INFO: [ app_init ] --END-- [ RunTime:0.000346s ]
ERR: 无法加载模块:Userinfo

[ 2016-12-18T11:19:23+08:00 ] 180.163.2.88 /php/upload.php?lang%253Den%2526serv%253D0%2526sp%253D3%2526corp%253D0%2526act%253Dgetkey%2526affid%253D3%2526os%253DWindows%25252BXP%2526id%253D120D08AF37D232%2526x64%253D0
INFO: [ app_init ] --START--
INFO: Run Behavior\BuildLiteBehavior [ RunTime:0.000015s ]
INFO: [ app_init ] --END-- [ RunTime:0.000344s ]
ERR: 无法加载模块:Php

[ 2016-12-18T12:43:43+08:00 ] 61.185.80.246 /phpinfo.php
INFO: [ app_init ] --START--
INFO: Run Behavior\BuildLiteBehavior [ RunTime:0.000015s ]
INFO: [ app_init ] --END-- [ RunTime:0.000344s ]
ERR: 无法加载模块:Phpinfo

[ 2016-12-18T12:43:43+08:00 ] 61.185.80.246 /test.php
INFO: [ app_init ] --START--
INFO: Run Behavior\BuildLiteBehavior [ RunTime:0.000015s ]
INFO: [ app_init ] --END-- [ RunTime:0.000331s ]
ERR: 无法加载模块:Test

[ 2016-12-18T12:43:44+08:00 ] 61.185.80.246 /l.php
INFO: [ app_init ] --START--
INFO: Run Behavior\BuildLiteBehavior [ RunTime:0.000015s ]
INFO: [ app_init ] --END-- [ RunTime:0.000335s ]
ERR: 无法加载模块:L

[ 2016-12-18T13:03:50+08:00 ] 101.226.68.213 /upload/_dispatch.php?lang%253Den%2526serv%253D0%2526sp%253D3%2526corp%253D0%2526act%253Dgetkey%2526affid%253D3%2526os%253DWindows%25252BXP%2526id%253D120D08AF37D232%2526x64%253D0
INFO: [ app_init ] --START--
INFO: Run Behavior\BuildLiteBehavior [ RunTime:0.000016s ]
INFO: [ app_init ] --END-- [ RunTime:0.000337s ]
ERR: 无法加载模块:Upload

[ 2016-12-18T13:09:57+08:00 ] 101.226.89.116 //cgi-sys/realsignup.cgi
INFO: [ app_init ] --START--
INFO: Run Behavior\BuildLiteBehavior [ RunTime:0.000016s ]
INFO: [ app_init ] --END-- [ RunTime:0.000368s ]
ERR: 无法加载模块:Cgi-sys

[ 2016-12-18T13:21:55+08:00 ] 180.163.2.88 /data/info.php?lang%253Den%2526serv%253D0%2526sp%253D3%2526corp%253D0%2526act%253Dgetkey%2526affid%253D3%2526os%253DWindows%25252BXP%2526id%253D120D08AF37D232%2526x64%253D0
INFO: [ app_init ] --START--
INFO: Run Behavior\BuildLiteBehavior [ RunTime:0.000016s ]
INFO: [ app_init ] --END-- [ RunTime:0.000347s ]
ERR: 无法加载模块:Data

[ 2016-12-18T13:39:54+08:00 ] 101.226.65.104 /linuxsucks.php?lang%25253Den%252526serv%25253D0%252526sp%25253D3%252526corp%25253D0%252526act%25253Dgetkey%252526affid%25253D3%252526os%25253DWindows%2525252BXP%252526id%25253D120D08AF37D232%252526x64%25253D0
INFO: [ app_init ] --START--
INFO: Run Behavior\BuildLiteBehavior [ RunTime:0.000015s ]
INFO: [ app_init ] --END-- [ RunTime:0.000338s ]
ERR: 无法加载模块:Linuxsucks

[ 2016-12-18T14:40:21+08:00 ] 61.151.228.22 /php/upload.php?lang%25253Den%252526serv%25253D0%252526sp%25253D3%252526corp%25253D0%252526act%25253Dgetkey%252526affid%25253D3%252526os%25253DWindows%2525252BXP%252526id%25253D120D08AF37D232%252526x64%25253D0
INFO: [ app_init ] --START--
INFO: Run Behavior\BuildLiteBehavior [ RunTime:0.000018s ]
INFO: [ app_init ] --END-- [ RunTime:0.000482s ]
ERR: 无法加载模块:Php

[ 2016-12-18T15:18:20+08:00 ] 139.224.187.218 /phpinfo.php
INFO: [ app_init ] --START--
INFO: Run Behavior\BuildLiteBehavior [ RunTime:0.000016s ]
INFO: [ app_init ] --END-- [ RunTime:0.000365s ]
ERR: 无法加载模块:Phpinfo

[ 2016-12-18T15:18:20+08:00 ] 139.224.187.218 /test.php
INFO: [ app_init ] --START--
INFO: Run Behavior\BuildLiteBehavior [ RunTime:0.000018s ]
INFO: [ app_init ] --END-- [ RunTime:0.000374s ]
ERR: 无法加载模块:Test

[ 2016-12-18T15:18:20+08:00 ] 139.224.187.218 /l.php
INFO: [ app_init ] --START--
INFO: Run Behavior\BuildLiteBehavior [ RunTime:0.000021s ]
INFO: [ app_init ] --END-- [ RunTime:0.000363s ]
ERR: 无法加载模块:L

[ 2016-12-18T15:34:46+08:00 ] 80.82.78.38 http://www.baidu.com/cache/global/img/gs.gif
INFO: [ app_init ] --START--
INFO: Run Behavior\BuildLiteBehavior [ RunTime:0.000015s ]
INFO: [ app_init ] --END-- [ RunTime:0.000394s ]
ERR: 无法加载模块:Cache

[ 2016-12-18T15:58:11+08:00 ] 112.65.193.13 /userinfo.php?lang%25253Den%252526serv%25253D0%252526sp%25253D3%252526corp%25253D0%252526act%25253Dgetkey%252526affid%25253D3%252526os%25253DWindows%2525252BXP%252526id%25253D120D08AF37D232%252526x64%25253D0
INFO: [ app_init ] --START--
INFO: Run Behavior\BuildLiteBehavior [ RunTime:0.000016s ]
INFO: [ app_init ] --END-- [ RunTime:0.000337s ]
ERR: 无法加载模块:Userinfo

[ 2016-12-18T15:58:24+08:00 ] 124.161.128.67 /userinfo.php?lang%25253Den%252526serv%25253D0%252526sp%25253D3%252526corp%25253D0%252526act%25253Dgetkey%252526affid%25253D3%252526os%25253DWindows%2525252BXP%252526id%25253D120D08AF37D232%252526x64%25253D0
INFO: [ app_init ] --START--
INFO: Run Behavior\BuildLiteBehavior [ RunTime:0.000016s ]
INFO: [ app_init ] --END-- [ RunTime:0.000340s ]
ERR: 无法加载模块:Userinfo

[ 2016-12-18T16:35:28+08:00 ] 180.153.214.188 /upload/_dispatch.php?lang%25253Den%252526serv%25253D0%252526sp%25253D3%252526corp%25253D0%252526act%25253Dgetkey%252526affid%25253D3%252526os%25253DWindows%2525252BXP%252526id%25253D120D08AF37D232%252526x64%25253D0
INFO: [ app_init ] --START--
INFO: Run Behavior\BuildLiteBehavior [ RunTime:0.000016s ]
INFO: [ app_init ] --END-- [ RunTime:0.000366s ]
ERR: 无法加载模块:Upload

[ 2016-12-18T17:12:37+08:00 ] 101.226.89.117 /data/info.php?lang%25253Den%252526serv%25253D0%252526sp%25253D3%252526corp%25253D0%252526act%25253Dgetkey%252526affid%25253D3%252526os%25253DWindows%2525252BXP%252526id%25253D120D08AF37D232%252526x64%25253D0
INFO: [ app_init ] --START--
INFO: Run Behavior\BuildLiteBehavior [ RunTime:0.000016s ]
INFO: [ app_init ] --END-- [ RunTime:0.000377s ]
ERR: 无法加载模块:Data

[ 2016-12-18T17:15:53+08:00 ] 101.226.89.122 /linuxsucks.php?lang%2525253Den%25252526serv%2525253D0%25252526sp%2525253D3%25252526corp%2525253D0%25252526act%2525253Dgetkey%25252526affid%2525253D3%25252526os%2525253DWindows%252525252BXP%25252526id%2525253D120D08AF37D232%25252526x64%2525253D0
INFO: [ app_init ] --START--
INFO: Run Behavior\BuildLiteBehavior [ RunTime:0.000015s ]
INFO: [ app_init ] --END-- [ RunTime:0.000406s ]
ERR: 无法加载模块:Linuxsucks

[ 2016-12-18T17:16:05+08:00 ] 27.47.117.119 /linuxsucks.php?lang%2525253Den%25252526serv%2525253D0%25252526sp%2525253D3%25252526corp%2525253D0%25252526act%2525253Dgetkey%25252526affid%2525253D3%25252526os%2525253DWindows%252525252BXP%25252526id%2525253D120D08AF37D232%25252526x64%2525253D0
INFO: [ app_init ] --START--
INFO: Run Behavior\BuildLiteBehavior [ RunTime:0.000015s ]
INFO: [ app_init ] --END-- [ RunTime:0.000370s ]
ERR: 无法加载模块:Linuxsucks

[ 2016-12-18T18:26:00+08:00 ] 101.226.65.102 /php/upload.php?lang%2525253Den%25252526serv%2525253D0%25252526sp%2525253D3%25252526corp%2525253D0%25252526act%2525253Dgetkey%25252526affid%2525253D3%25252526os%2525253DWindows%252525252BXP%25252526id%2525253D120D08AF37D232%25252526x64%2525253D0
INFO: [ app_init ] --START--
INFO: Run Behavior\BuildLiteBehavior [ RunTime:0.000015s ]
INFO: [ app_init ] --END-- [ RunTime:0.000341s ]
ERR: 无法加载模块:Php

[ 2016-12-18T18:46:25+08:00 ] 101.226.33.226 /test.php
INFO: [ app_init ] --START--
INFO: Run Behavior\BuildLiteBehavior [ RunTime:0.000014s ]
INFO: [ app_init ] --END-- [ RunTime:0.000373s ]
ERR: 无法加载模块:Test

[ 2016-12-18T19:01:23+08:00 ] 219.133.49.231 http://10.177.152.217/proxy.html
INFO: [ app_init ] --START--
INFO: Run Behavior\BuildLiteBehavior [ RunTime:0.000016s ]
INFO: [ app_init ] --END-- [ RunTime:0.000377s ]
ERR: 无法加载模块:Proxy

[ 2016-12-18T19:59:13+08:00 ] 101.226.68.197 /userinfo.php?lang%2525253Den%25252526serv%2525253D0%25252526sp%2525253D3%25252526corp%2525253D0%25252526act%2525253Dgetkey%25252526affid%2525253D3%25252526os%2525253DWindows%252525252BXP%25252526id%2525253D120D08AF37D232%25252526x64%2525253D0
INFO: [ app_init ] --START--
INFO: Run Behavior\BuildLiteBehavior [ RunTime:0.000016s ]
INFO: [ app_init ] --END-- [ RunTime:0.000365s ]
ERR: 无法加载模块:Userinfo

[ 2016-12-18T19:59:13+08:00 ] 140.207.185.111 /userinfo.php?lang%2525253Den%25252526serv%2525253D0%25252526sp%2525253D3%25252526corp%2525253D0%25252526act%2525253Dgetkey%25252526affid%2525253D3%25252526os%2525253DWindows%252525252BXP%25252526id%2525253D120D08AF37D232%25252526x64%2525253D0
INFO: [ app_init ] --START--
INFO: Run Behavior\BuildLiteBehavior [ RunTime:0.000014s ]
INFO: [ app_init ] --END-- [ RunTime:0.000334s ]
ERR: 无法加载模块:Userinfo

[ 2016-12-18T19:59:13+08:00 ] 101.226.33.223 /userinfo.php?lang%2525253Den%25252526serv%2525253D0%25252526sp%2525253D3%25252526corp%2525253D0%25252526act%2525253Dgetkey%25252526affid%2525253D3%25252526os%2525253DWindows%252525252BXP%25252526id%2525253D120D08AF37D232%25252526x64%2525253D0
INFO: [ app_init ] --START--
INFO: Run Behavior\BuildLiteBehavior [ RunTime:0.000015s ]
INFO: [ app_init ] --END-- [ RunTime:0.000345s ]
ERR: 无法加载模块:Userinfo

[ 2016-12-18T19:59:13+08:00 ] 180.163.2.116 /userinfo.php?lang%2525253Den%25252526serv%2525253D0%25252526sp%2525253D3%25252526corp%2525253D0%25252526act%2525253Dgetkey%25252526affid%2525253D3%25252526os%2525253DWindows%252525252BXP%25252526id%2525253D120D08AF37D232%25252526x64%2525253D0
INFO: [ app_init ] --START--
INFO: Run Behavior\BuildLiteBehavior [ RunTime:0.000016s ]
INFO: [ app_init ] --END-- [ RunTime:0.000368s ]
ERR: 无法加载模块:Userinfo

[ 2016-12-18T21:35:46+08:00 ] 180.153.206.21 /php/upload.php?lang%252525253Den%2525252526serv%252525253D0%2525252526sp%252525253D3%2525252526corp%252525253D0%2525252526act%252525253Dgetkey%2525252526affid%252525253D3%2525252526os%252525253DWindows%25252525252BXP%2525252526id%252525253D120D08AF37D232%2525252526x64%252525253D0
INFO: [ app_init ] --START--
INFO: Run Behavior\BuildLiteBehavior [ RunTime:0.000016s ]
INFO: [ app_init ] --END-- [ RunTime:0.000422s ]
ERR: 无法加载模块:Php

[ 2016-12-18T22:57:24+08:00 ] 195.133.145.25 /xmlrpc.php
INFO: [ app_init ] --START--
INFO: Run Behavior\BuildLiteBehavior [ RunTime:0.000015s ]
INFO: [ app_init ] --END-- [ RunTime:0.000343s ]
ERR: 无法加载模块:Xmlrpc

[ 2016-12-18T23:45:07+08:00 ] 42.232.128.67 http://rio.6rooms.com/live/
INFO: [ app_init ] --START--
INFO: Run Behavior\BuildLiteBehavior [ RunTime:0.000015s ]
INFO: [ app_init ] --END-- [ RunTime:0.000373s ]
ERR: 无法加载模块:Live

